{"C:\\Users\\Gaurav Shinde\\OneDrive\\DESKTOP FOLDER\\Carbon detection\\frontend\\src\\api.ts": {"path":"C:\\Users\\Gaurav Shinde\\OneDrive\\DESKTOP FOLDER\\Carbon detection\\frontend\\src\\api.ts","statementMap":{"0":{"start":{"line":4,"column":13},"end":{"line":4,"column":null}},"1":{"start":{"line":6,"column":19},"end":{"line":10,"column":null}},"2":{"start":{"line":13,"column":0},"end":{"line":19,"column":null}},"3":{"start":{"line":14,"column":16},"end":{"line":14,"column":null}},"4":{"start":{"line":15,"column":2},"end":{"line":17,"column":null}},"5":{"start":{"line":16,"column":4},"end":{"line":16,"column":null}},"6":{"start":{"line":18,"column":2},"end":{"line":18,"column":null}},"7":{"start":{"line":102,"column":13},"end":{"line":102,"column":null}},"8":{"start":{"line":102,"column":36},"end":{"line":102,"column":null}},"9":{"start":{"line":102,"column":84},"end":{"line":102,"column":90}},"10":{"start":{"line":103,"column":13},"end":{"line":103,"column":null}},"11":{"start":{"line":103,"column":45},"end":{"line":103,"column":null}},"12":{"start":{"line":103,"column":140},"end":{"line":103,"column":146}},"13":{"start":{"line":104,"column":13},"end":{"line":104,"column":null}},"14":{"start":{"line":104,"column":36},"end":{"line":104,"column":null}},"15":{"start":{"line":104,"column":112},"end":{"line":104,"column":118}},"16":{"start":{"line":106,"column":13},"end":{"line":106,"column":null}},"17":{"start":{"line":106,"column":48},"end":{"line":106,"column":null}},"18":{"start":{"line":106,"column":88},"end":{"line":106,"column":94}},"19":{"start":{"line":107,"column":13},"end":{"line":107,"column":null}},"20":{"start":{"line":107,"column":36},"end":{"line":107,"column":null}},"21":{"start":{"line":107,"column":71},"end":{"line":107,"column":77}},"22":{"start":{"line":108,"column":13},"end":{"line":109,"column":null}},"23":{"start":{"line":109,"column":2},"end":{"line":109,"column":null}},"24":{"start":{"line":109,"column":37},"end":{"line":109,"column":43}},"25":{"start":{"line":110,"column":13},"end":{"line":110,"column":null}},"26":{"start":{"line":110,"column":46},"end":{"line":110,"column":null}},"27":{"start":{"line":110,"column":82},"end":{"line":110,"column":88}},"28":{"start":{"line":111,"column":13},"end":{"line":111,"column":null}},"29":{"start":{"line":111,"column":38},"end":{"line":111,"column":null}},"30":{"start":{"line":111,"column":78},"end":{"line":111,"column":84}},"31":{"start":{"line":113,"column":13},"end":{"line":113,"column":null}},"32":{"start":{"line":113,"column":41},"end":{"line":113,"column":null}},"33":{"start":{"line":113,"column":79},"end":{"line":113,"column":85}},"34":{"start":{"line":114,"column":13},"end":{"line":115,"column":null}},"35":{"start":{"line":115,"column":2},"end":{"line":115,"column":null}},"36":{"start":{"line":115,"column":75},"end":{"line":115,"column":81}},"37":{"start":{"line":117,"column":13},"end":{"line":117,"column":null}},"38":{"start":{"line":117,"column":44},"end":{"line":117,"column":null}},"39":{"start":{"line":117,"column":102},"end":{"line":117,"column":108}},"40":{"start":{"line":118,"column":13},"end":{"line":118,"column":null}},"41":{"start":{"line":118,"column":52},"end":{"line":118,"column":null}},"42":{"start":{"line":118,"column":103},"end":{"line":118,"column":109}},"43":{"start":{"line":120,"column":13},"end":{"line":120,"column":null}},"44":{"start":{"line":120,"column":34},"end":{"line":120,"column":null}},"45":{"start":{"line":120,"column":72},"end":{"line":120,"column":78}},"46":{"start":{"line":121,"column":13},"end":{"line":121,"column":null}},"47":{"start":{"line":121,"column":34},"end":{"line":121,"column":null}},"48":{"start":{"line":121,"column":69},"end":{"line":121,"column":75}},"49":{"start":{"line":122,"column":13},"end":{"line":122,"column":null}},"50":{"start":{"line":122,"column":51},"end":{"line":122,"column":null}},"51":{"start":{"line":122,"column":95},"end":{"line":122,"column":101}},"52":{"start":{"line":125,"column":13},"end":{"line":125,"column":null}},"53":{"start":{"line":125,"column":51},"end":{"line":125,"column":null}},"54":{"start":{"line":125,"column":102},"end":{"line":125,"column":108}},"55":{"start":{"line":126,"column":13},"end":{"line":126,"column":null}},"56":{"start":{"line":126,"column":38},"end":{"line":126,"column":null}},"57":{"start":{"line":126,"column":79},"end":{"line":126,"column":85}},"58":{"start":{"line":150,"column":16},"end":{"line":150,"column":null}},"59":{"start":{"line":151,"column":42},"end":{"line":151,"column":null}},"60":{"start":{"line":152,"column":2},"end":{"line":152,"column":null}},"61":{"start":{"line":152,"column":13},"end":{"line":152,"column":null}},"62":{"start":{"line":154,"column":14},"end":{"line":158,"column":null}},"63":{"start":{"line":160,"column":2},"end":{"line":164,"column":null}},"64":{"start":{"line":161,"column":16},"end":{"line":161,"column":null}},"65":{"start":{"line":161,"column":46},"end":{"line":161,"column":72}},"66":{"start":{"line":162,"column":4},"end":{"line":162,"column":null}},"67":{"start":{"line":163,"column":4},"end":{"line":163,"column":null}},"68":{"start":{"line":166,"column":17},"end":{"line":166,"column":null}},"69":{"start":{"line":167,"column":18},"end":{"line":167,"column":null}},"70":{"start":{"line":168,"column":15},"end":{"line":168,"column":null}},"71":{"start":{"line":170,"column":2},"end":{"line":184,"column":null}},"72":{"start":{"line":171,"column":28},"end":{"line":171,"column":null}},"73":{"start":{"line":172,"column":4},"end":{"line":172,"column":null}},"74":{"start":{"line":172,"column":14},"end":{"line":172,"column":null}},"75":{"start":{"line":173,"column":4},"end":{"line":173,"column":null}},"76":{"start":{"line":174,"column":18},"end":{"line":174,"column":null}},"77":{"start":{"line":175,"column":4},"end":{"line":175,"column":null}},"78":{"start":{"line":176,"column":4},"end":{"line":183,"column":null}},"79":{"start":{"line":177,"column":6},"end":{"line":182,"column":null}},"80":{"start":{"line":178,"column":8},"end":{"line":181,"column":null}},"81":{"start":{"line":179,"column":35},"end":{"line":179,"column":null}},"82":{"start":{"line":180,"column":10},"end":{"line":180,"column":null}}},"fnMap":{"0":{"name":"(anonymous_0)","decl":{"start":{"line":13,"column":25},"end":{"line":13,"column":29}},"loc":{"start":{"line":13,"column":39},"end":{"line":19,"column":1}},"line":13},"1":{"name":"(anonymous_1)","decl":{"start":{"line":102,"column":13},"end":{"line":102,"column":36}},"loc":{"start":{"line":102,"column":36},"end":{"line":102,"column":null}},"line":102},"2":{"name":"(anonymous_2)","decl":{"start":{"line":102,"column":74},"end":{"line":102,"column":79}},"loc":{"start":{"line":102,"column":84},"end":{"line":102,"column":90}},"line":102},"3":{"name":"(anonymous_3)","decl":{"start":{"line":103,"column":13},"end":{"line":103,"column":31}},"loc":{"start":{"line":103,"column":45},"end":{"line":103,"column":null}},"line":103},"4":{"name":"(anonymous_4)","decl":{"start":{"line":103,"column":130},"end":{"line":103,"column":135}},"loc":{"start":{"line":103,"column":140},"end":{"line":103,"column":146}},"line":103},"5":{"name":"(anonymous_5)","decl":{"start":{"line":104,"column":13},"end":{"line":104,"column":36}},"loc":{"start":{"line":104,"column":36},"end":{"line":104,"column":null}},"line":104},"6":{"name":"(anonymous_6)","decl":{"start":{"line":104,"column":102},"end":{"line":104,"column":107}},"loc":{"start":{"line":104,"column":112},"end":{"line":104,"column":118}},"line":104},"7":{"name":"(anonymous_7)","decl":{"start":{"line":106,"column":13},"end":{"line":106,"column":31}},"loc":{"start":{"line":106,"column":48},"end":{"line":106,"column":null}},"line":106},"8":{"name":"(anonymous_8)","decl":{"start":{"line":106,"column":78},"end":{"line":106,"column":83}},"loc":{"start":{"line":106,"column":88},"end":{"line":106,"column":94}},"line":106},"9":{"name":"(anonymous_9)","decl":{"start":{"line":107,"column":13},"end":{"line":107,"column":36}},"loc":{"start":{"line":107,"column":36},"end":{"line":107,"column":null}},"line":107},"10":{"name":"(anonymous_10)","decl":{"start":{"line":107,"column":61},"end":{"line":107,"column":66}},"loc":{"start":{"line":107,"column":71},"end":{"line":107,"column":77}},"line":107},"11":{"name":"(anonymous_11)","decl":{"start":{"line":108,"column":13},"end":{"line":108,"column":31}},"loc":{"start":{"line":109,"column":2},"end":{"line":109,"column":null}},"line":109},"12":{"name":"(anonymous_12)","decl":{"start":{"line":109,"column":27},"end":{"line":109,"column":32}},"loc":{"start":{"line":109,"column":37},"end":{"line":109,"column":43}},"line":109},"13":{"name":"(anonymous_13)","decl":{"start":{"line":110,"column":13},"end":{"line":110,"column":31}},"loc":{"start":{"line":110,"column":46},"end":{"line":110,"column":null}},"line":110},"14":{"name":"(anonymous_14)","decl":{"start":{"line":110,"column":72},"end":{"line":110,"column":77}},"loc":{"start":{"line":110,"column":82},"end":{"line":110,"column":88}},"line":110},"15":{"name":"(anonymous_15)","decl":{"start":{"line":111,"column":13},"end":{"line":111,"column":38}},"loc":{"start":{"line":111,"column":38},"end":{"line":111,"column":null}},"line":111},"16":{"name":"(anonymous_16)","decl":{"start":{"line":111,"column":68},"end":{"line":111,"column":73}},"loc":{"start":{"line":111,"column":78},"end":{"line":111,"column":84}},"line":111},"17":{"name":"(anonymous_17)","decl":{"start":{"line":113,"column":13},"end":{"line":113,"column":41}},"loc":{"start":{"line":113,"column":41},"end":{"line":113,"column":null}},"line":113},"18":{"name":"(anonymous_18)","decl":{"start":{"line":113,"column":69},"end":{"line":113,"column":74}},"loc":{"start":{"line":113,"column":79},"end":{"line":113,"column":85}},"line":113},"19":{"name":"(anonymous_19)","decl":{"start":{"line":114,"column":13},"end":{"line":114,"column":37}},"loc":{"start":{"line":115,"column":2},"end":{"line":115,"column":null}},"line":115},"20":{"name":"(anonymous_20)","decl":{"start":{"line":115,"column":65},"end":{"line":115,"column":70}},"loc":{"start":{"line":115,"column":75},"end":{"line":115,"column":81}},"line":115},"21":{"name":"(anonymous_21)","decl":{"start":{"line":117,"column":13},"end":{"line":117,"column":31}},"loc":{"start":{"line":117,"column":44},"end":{"line":117,"column":null}},"line":117},"22":{"name":"(anonymous_22)","decl":{"start":{"line":117,"column":92},"end":{"line":117,"column":97}},"loc":{"start":{"line":117,"column":102},"end":{"line":117,"column":108}},"line":117},"23":{"name":"(anonymous_23)","decl":{"start":{"line":118,"column":13},"end":{"line":118,"column":31}},"loc":{"start":{"line":118,"column":52},"end":{"line":118,"column":null}},"line":118},"24":{"name":"(anonymous_24)","decl":{"start":{"line":118,"column":93},"end":{"line":118,"column":98}},"loc":{"start":{"line":118,"column":103},"end":{"line":118,"column":109}},"line":118},"25":{"name":"(anonymous_25)","decl":{"start":{"line":120,"column":13},"end":{"line":120,"column":34}},"loc":{"start":{"line":120,"column":34},"end":{"line":120,"column":null}},"line":120},"26":{"name":"(anonymous_26)","decl":{"start":{"line":120,"column":62},"end":{"line":120,"column":67}},"loc":{"start":{"line":120,"column":72},"end":{"line":120,"column":78}},"line":120},"27":{"name":"(anonymous_27)","decl":{"start":{"line":121,"column":13},"end":{"line":121,"column":34}},"loc":{"start":{"line":121,"column":34},"end":{"line":121,"column":null}},"line":121},"28":{"name":"(anonymous_28)","decl":{"start":{"line":121,"column":59},"end":{"line":121,"column":64}},"loc":{"start":{"line":121,"column":69},"end":{"line":121,"column":75}},"line":121},"29":{"name":"(anonymous_29)","decl":{"start":{"line":122,"column":13},"end":{"line":122,"column":29}},"loc":{"start":{"line":122,"column":51},"end":{"line":122,"column":null}},"line":122},"30":{"name":"(anonymous_30)","decl":{"start":{"line":122,"column":85},"end":{"line":122,"column":90}},"loc":{"start":{"line":122,"column":95},"end":{"line":122,"column":101}},"line":122},"31":{"name":"(anonymous_31)","decl":{"start":{"line":125,"column":13},"end":{"line":125,"column":28}},"loc":{"start":{"line":125,"column":51},"end":{"line":125,"column":null}},"line":125},"32":{"name":"(anonymous_32)","decl":{"start":{"line":125,"column":92},"end":{"line":125,"column":97}},"loc":{"start":{"line":125,"column":102},"end":{"line":125,"column":108}},"line":125},"33":{"name":"(anonymous_33)","decl":{"start":{"line":126,"column":13},"end":{"line":126,"column":38}},"loc":{"start":{"line":126,"column":38},"end":{"line":126,"column":null}},"line":126},"34":{"name":"(anonymous_34)","decl":{"start":{"line":126,"column":69},"end":{"line":126,"column":74}},"loc":{"start":{"line":126,"column":79},"end":{"line":126,"column":85}},"line":126},"35":{"name":"askAgent","decl":{"start":{"line":146,"column":22},"end":{"line":146,"column":null}},"loc":{"start":{"line":149,"column":17},"end":{"line":185,"column":null}},"line":149},"36":{"name":"(anonymous_36)","decl":{"start":{"line":161,"column":33},"end":{"line":161,"column":46}},"loc":{"start":{"line":161,"column":46},"end":{"line":161,"column":72}},"line":161}},"branchMap":{"0":{"loc":{"start":{"line":4,"column":13},"end":{"line":4,"column":null}},"type":"binary-expr","locations":[{"start":{"line":4,"column":13},"end":{"line":4,"column":45}},{"start":{"line":4,"column":45},"end":{"line":4,"column":null}}],"line":4},"1":{"loc":{"start":{"line":15,"column":2},"end":{"line":17,"column":null}},"type":"if","locations":[{"start":{"line":15,"column":2},"end":{"line":17,"column":null}},{"start":{},"end":{}}],"line":15},"2":{"loc":{"start":{"line":103,"column":31},"end":{"line":103,"column":45}},"type":"default-arg","locations":[{"start":{"line":103,"column":38},"end":{"line":103,"column":45}}],"line":103},"3":{"loc":{"start":{"line":117,"column":31},"end":{"line":117,"column":44}},"type":"default-arg","locations":[{"start":{"line":117,"column":38},"end":{"line":117,"column":44}}],"line":117},"4":{"loc":{"start":{"line":152,"column":2},"end":{"line":152,"column":null}},"type":"if","locations":[{"start":{"line":152,"column":2},"end":{"line":152,"column":null}},{"start":{},"end":{}}],"line":152},"5":{"loc":{"start":{"line":160,"column":2},"end":{"line":164,"column":null}},"type":"if","locations":[{"start":{"line":160,"column":2},"end":{"line":164,"column":null}},{"start":{},"end":{}}],"line":160},"6":{"loc":{"start":{"line":162,"column":37},"end":{"line":162,"column":73}},"type":"binary-expr","locations":[{"start":{"line":162,"column":37},"end":{"line":162,"column":50}},{"start":{"line":162,"column":50},"end":{"line":162,"column":73}}],"line":162},"7":{"loc":{"start":{"line":172,"column":4},"end":{"line":172,"column":null}},"type":"if","locations":[{"start":{"line":172,"column":4},"end":{"line":172,"column":null}},{"start":{},"end":{}}],"line":172},"8":{"loc":{"start":{"line":175,"column":13},"end":{"line":175,"column":null}},"type":"binary-expr","locations":[{"start":{"line":175,"column":13},"end":{"line":175,"column":28}},{"start":{"line":175,"column":28},"end":{"line":175,"column":null}}],"line":175},"9":{"loc":{"start":{"line":177,"column":6},"end":{"line":182,"column":null}},"type":"if","locations":[{"start":{"line":177,"column":6},"end":{"line":182,"column":null}},{"start":{},"end":{}}],"line":177}},"s":{"0":2,"1":2,"2":2,"3":0,"4":0,"5":0,"6":0,"7":2,"8":0,"9":0,"10":2,"11":0,"12":0,"13":2,"14":0,"15":0,"16":2,"17":0,"18":0,"19":2,"20":0,"21":0,"22":2,"23":0,"24":0,"25":2,"26":0,"27":0,"28":2,"29":0,"30":0,"31":2,"32":0,"33":0,"34":2,"35":0,"36":0,"37":2,"38":0,"39":0,"40":2,"41":0,"42":0,"43":2,"44":0,"45":0,"46":2,"47":0,"48":0,"49":2,"50":0,"51":0,"52":2,"53":0,"54":0,"55":2,"56":0,"57":0,"58":0,"59":0,"60":0,"61":0,"62":0,"63":0,"64":0,"65":0,"66":0,"67":0,"68":0,"69":0,"70":0,"71":0,"72":0,"73":0,"74":0,"75":0,"76":0,"77":0,"78":0,"79":0,"80":0,"81":0,"82":0},"f":{"0":0,"1":0,"2":0,"3":0,"4":0,"5":0,"6":0,"7":0,"8":0,"9":0,"10":0,"11":0,"12":0,"13":0,"14":0,"15":0,"16":0,"17":0,"18":0,"19":0,"20":0,"21":0,"22":0,"23":0,"24":0,"25":0,"26":0,"27":0,"28":0,"29":0,"30":0,"31":0,"32":0,"33":0,"34":0,"35":0,"36":0},"b":{"0":[2,2],"1":[0,0],"2":[0],"3":[0],"4":[0,0],"5":[0,0],"6":[0,0],"7":[0,0],"8":[0,0],"9":[0,0]},"meta":{"lastBranch":10,"lastFunction":37,"lastStatement":83,"seen":{"s:4:13:4:Infinity":0,"b:4:13:4:45:4:45:4:Infinity":0,"s:6:19:10:Infinity":1,"s:13:0:19:Infinity":2,"f:13:25:13:29":0,"s:14:16:14:Infinity":3,"b:15:2:17:Infinity:undefined:undefined:undefined:undefined":1,"s:15:2:17:Infinity":4,"s:16:4:16:Infinity":5,"s:18:2:18:Infinity":6,"s:102:13:102:Infinity":7,"f:102:13:102:36":1,"s:102:36:102:Infinity":8,"f:102:74:102:79":2,"s:102:84:102:90":9,"s:103:13:103:Infinity":10,"f:103:13:103:31":3,"s:103:45:103:Infinity":11,"b:103:38:103:45":2,"f:103:130:103:135":4,"s:103:140:103:146":12,"s:104:13:104:Infinity":13,"f:104:13:104:36":5,"s:104:36:104:Infinity":14,"f:104:102:104:107":6,"s:104:112:104:118":15,"s:106:13:106:Infinity":16,"f:106:13:106:31":7,"s:106:48:106:Infinity":17,"f:106:78:106:83":8,"s:106:88:106:94":18,"s:107:13:107:Infinity":19,"f:107:13:107:36":9,"s:107:36:107:Infinity":20,"f:107:61:107:66":10,"s:107:71:107:77":21,"s:108:13:109:Infinity":22,"f:108:13:108:31":11,"s:109:2:109:Infinity":23,"f:109:27:109:32":12,"s:109:37:109:43":24,"s:110:13:110:Infinity":25,"f:110:13:110:31":13,"s:110:46:110:Infinity":26,"f:110:72:110:77":14,"s:110:82:110:88":27,"s:111:13:111:Infinity":28,"f:111:13:111:38":15,"s:111:38:111:Infinity":29,"f:111:68:111:73":16,"s:111:78:111:84":30,"s:113:13:113:Infinity":31,"f:113:13:113:41":17,"s:113:41:113:Infinity":32,"f:113:69:113:74":18,"s:113:79:113:85":33,"s:114:13:115:Infinity":34,"f:114:13:114:37":19,"s:115:2:115:Infinity":35,"f:115:65:115:70":20,"s:115:75:115:81":36,"s:117:13:117:Infinity":37,"f:117:13:117:31":21,"s:117:44:117:Infinity":38,"b:117:38:117:44":3,"f:117:92:117:97":22,"s:117:102:117:108":39,"s:118:13:118:Infinity":40,"f:118:13:118:31":23,"s:118:52:118:Infinity":41,"f:118:93:118:98":24,"s:118:103:118:109":42,"s:120:13:120:Infinity":43,"f:120:13:120:34":25,"s:120:34:120:Infinity":44,"f:120:62:120:67":26,"s:120:72:120:78":45,"s:121:13:121:Infinity":46,"f:121:13:121:34":27,"s:121:34:121:Infinity":47,"f:121:59:121:64":28,"s:121:69:121:75":48,"s:122:13:122:Infinity":49,"f:122:13:122:29":29,"s:122:51:122:Infinity":50,"f:122:85:122:90":30,"s:122:95:122:101":51,"s:125:13:125:Infinity":52,"f:125:13:125:28":31,"s:125:51:125:Infinity":53,"f:125:92:125:97":32,"s:125:102:125:108":54,"s:126:13:126:Infinity":55,"f:126:13:126:38":33,"s:126:38:126:Infinity":56,"f:126:69:126:74":34,"s:126:79:126:85":57,"f:146:22:146:Infinity":35,"s:150:16:150:Infinity":58,"s:151:42:151:Infinity":59,"b:152:2:152:Infinity:undefined:undefined:undefined:undefined":4,"s:152:2:152:Infinity":60,"s:152:13:152:Infinity":61,"s:154:14:158:Infinity":62,"b:160:2:164:Infinity:undefined:undefined:undefined:undefined":5,"s:160:2:164:Infinity":63,"s:161:16:161:Infinity":64,"f:161:33:161:46":36,"s:161:46:161:72":65,"s:162:4:162:Infinity":66,"b:162:37:162:50:162:50:162:73":6,"s:163:4:163:Infinity":67,"s:166:17:166:Infinity":68,"s:167:18:167:Infinity":69,"s:168:15:168:Infinity":70,"s:170:2:184:Infinity":71,"s:171:28:171:Infinity":72,"b:172:4:172:Infinity:undefined:undefined:undefined:undefined":7,"s:172:4:172:Infinity":73,"s:172:14:172:Infinity":74,"s:173:4:173:Infinity":75,"s:174:18:174:Infinity":76,"s:175:4:175:Infinity":77,"b:175:13:175:28:175:28:175:Infinity":8,"s:176:4:183:Infinity":78,"b:177:6:182:Infinity:undefined:undefined:undefined:undefined":9,"s:177:6:182:Infinity":79,"s:178:8:181:Infinity":80,"s:179:35:179:Infinity":81,"s:180:10:180:Infinity":82},"fnNames":{}}}
,"C:\\Users\\Gaurav Shinde\\OneDrive\\DESKTOP FOLDER\\Carbon detection\\frontend\\src\\emissionFactors.ts": {"path":"C:\\Users\\Gaurav Shinde\\OneDrive\\DESKTOP FOLDER\\Carbon detection\\frontend\\src\\emissionFactors.ts","statementMap":{"0":{"start":{"line":4,"column":55},"end":{"line":23,"column":null}},"1":{"start":{"line":27,"column":2},"end":{"line":27,"column":null}},"2":{"start":{"line":31,"column":2},"end":{"line":31,"column":null}}},"fnMap":{"0":{"name":"getFactor","decl":{"start":{"line":26,"column":16},"end":{"line":26,"column":26}},"loc":{"start":{"line":26,"column":69},"end":{"line":28,"column":null}},"line":26},"1":{"name":"computeCO2e","decl":{"start":{"line":30,"column":16},"end":{"line":30,"column":28}},"loc":{"start":{"line":30,"column":89},"end":{"line":32,"column":null}},"line":30}},"branchMap":{"0":{"loc":{"start":{"line":27,"column":9},"end":{"line":27,"column":null}},"type":"binary-expr","locations":[{"start":{"line":27,"column":9},"end":{"line":27,"column":54}},{"start":{"line":27,"column":54},"end":{"line":27,"column":null}}],"line":27}},"s":{"0":2,"1":0,"2":0},"f":{"0":0,"1":0},"b":{"0":[0,0]},"meta":{"lastBranch":1,"lastFunction":2,"lastStatement":3,"seen":{"s:4:55:23:Infinity":0,"f:26:16:26:26":0,"s:27:2:27:Infinity":1,"b:27:9:27:54:27:54:27:Infinity":0,"f:30:16:30:28":1,"s:31:2:31:Infinity":2},"fnNames":{}}}
,"C:\\Users\\Gaurav Shinde\\OneDrive\\DESKTOP FOLDER\\Carbon detection\\frontend\\src\\components\\Globe.tsx": {"path":"C:\\Users\\Gaurav Shinde\\OneDrive\\DESKTOP FOLDER\\Carbon detection\\frontend\\src\\components\\Globe.tsx","statementMap":{"0":{"start":{"line":7,"column":8},"end":{"line":7,"column":null}},"1":{"start":{"line":8,"column":8},"end":{"line":8,"column":null}},"2":{"start":{"line":11,"column":32},"end":{"line":15,"column":null}},"3":{"start":{"line":17,"column":2},"end":{"line":24,"column":null}},"4":{"start":{"line":18,"column":4},"end":{"line":20,"column":null}},"5":{"start":{"line":19,"column":6},"end":{"line":19,"column":null}},"6":{"start":{"line":21,"column":4},"end":{"line":23,"column":null}},"7":{"start":{"line":22,"column":6},"end":{"line":22,"column":null}},"8":{"start":{"line":26,"column":2},"end":{"line":70,"column":null}},"9":{"start":{"line":51,"column":20},"end":{"line":51,"column":null}},"10":{"start":{"line":52,"column":22},"end":{"line":52,"column":null}},"11":{"start":{"line":54,"column":18},"end":{"line":54,"column":null}},"12":{"start":{"line":55,"column":18},"end":{"line":55,"column":null}},"13":{"start":{"line":56,"column":18},"end":{"line":56,"column":null}},"14":{"start":{"line":58,"column":8},"end":{"line":67,"column":null}}},"fnMap":{"0":{"name":"Globe","decl":{"start":{"line":6,"column":24},"end":{"line":6,"column":30}},"loc":{"start":{"line":6,"column":59},"end":{"line":72,"column":null}},"line":6},"1":{"name":"(anonymous_1)","decl":{"start":{"line":17,"column":2},"end":{"line":17,"column":17}},"loc":{"start":{"line":17,"column":17},"end":{"line":24,"column":3}},"line":17},"2":{"name":"(anonymous_2)","decl":{"start":{"line":50,"column":26},"end":{"line":50,"column":31}},"loc":{"start":{"line":50,"column":43},"end":{"line":69,"column":7}},"line":50}},"branchMap":{"0":{"loc":{"start":{"line":18,"column":4},"end":{"line":20,"column":null}},"type":"if","locations":[{"start":{"line":18,"column":4},"end":{"line":20,"column":null}},{"start":{},"end":{}}],"line":18},"1":{"loc":{"start":{"line":21,"column":4},"end":{"line":23,"column":null}},"type":"if","locations":[{"start":{"line":21,"column":4},"end":{"line":23,"column":null}},{"start":{},"end":{}}],"line":21},"2":{"loc":{"start":{"line":61,"column":38},"end":{"line":61,"column":70}},"type":"cond-expr","locations":[{"start":{"line":61,"column":46},"end":{"line":61,"column":58}},{"start":{"line":61,"column":58},"end":{"line":61,"column":70}}],"line":61},"3":{"loc":{"start":{"line":65,"column":41},"end":{"line":65,"column":72}},"type":"cond-expr","locations":[{"start":{"line":65,"column":49},"end":{"line":65,"column":61}},{"start":{"line":65,"column":61},"end":{"line":65,"column":72}}],"line":65}},"s":{"0":0,"1":0,"2":0,"3":0,"4":0,"5":0,"6":0,"7":0,"8":0,"9":0,"10":0,"11":0,"12":0,"13":0,"14":0},"f":{"0":0,"1":0,"2":0},"b":{"0":[0,0],"1":[0,0],"2":[0,0],"3":[0,0]},"meta":{"lastBranch":4,"lastFunction":3,"lastStatement":15,"seen":{"f:6:24:6:30":0,"s:7:8:7:Infinity":0,"s:8:8:8:Infinity":1,"s:11:32:15:Infinity":2,"s:17:2:24:Infinity":3,"f:17:2:17:17":1,"b:18:4:20:Infinity:undefined:undefined:undefined:undefined":0,"s:18:4:20:Infinity":4,"s:19:6:19:Infinity":5,"b:21:4:23:Infinity:undefined:undefined:undefined:undefined":1,"s:21:4:23:Infinity":6,"s:22:6:22:Infinity":7,"s:26:2:70:Infinity":8,"f:50:26:50:31":2,"s:51:20:51:Infinity":9,"s:52:22:52:Infinity":10,"s:54:18:54:Infinity":11,"s:55:18:55:Infinity":12,"s:56:18:56:Infinity":13,"s:58:8:67:Infinity":14,"b:61:46:61:58:61:58:61:70":2,"b:65:49:65:61:65:61:65:72":3},"fnNames":{}}}
,"C:\\Users\\Gaurav Shinde\\OneDrive\\DESKTOP FOLDER\\Carbon detection\\frontend\\src\\components\\VoiceLogger.tsx": {"path":"C:\\Users\\Gaurav Shinde\\OneDrive\\DESKTOP FOLDER\\Carbon detection\\frontend\\src\\components\\VoiceLogger.tsx","statementMap":{"0":{"start":{"line":41,"column":5},"end":{"line":107,"column":null}},"1":{"start":{"line":45,"column":42},"end":{"line":45,"column":56}},"2":{"start":{"line":45,"column":71},"end":{"line":45,"column":89}},"3":{"start":{"line":49,"column":42},"end":{"line":49,"column":56}},"4":{"start":{"line":49,"column":71},"end":{"line":49,"column":89}},"5":{"start":{"line":53,"column":42},"end":{"line":53,"column":49}},"6":{"start":{"line":53,"column":64},"end":{"line":53,"column":82}},"7":{"start":{"line":57,"column":42},"end":{"line":57,"column":51}},"8":{"start":{"line":57,"column":66},"end":{"line":57,"column":84}},"9":{"start":{"line":61,"column":42},"end":{"line":61,"column":56}},"10":{"start":{"line":61,"column":71},"end":{"line":61,"column":89}},"11":{"start":{"line":65,"column":42},"end":{"line":65,"column":50}},"12":{"start":{"line":65,"column":65},"end":{"line":65,"column":83}},"13":{"start":{"line":69,"column":42},"end":{"line":69,"column":50}},"14":{"start":{"line":69,"column":65},"end":{"line":69,"column":83}},"15":{"start":{"line":73,"column":42},"end":{"line":73,"column":58}},"16":{"start":{"line":73,"column":73},"end":{"line":73,"column":91}},"17":{"start":{"line":78,"column":44},"end":{"line":78,"column":58}},"18":{"start":{"line":78,"column":73},"end":{"line":78,"column":91}},"19":{"start":{"line":83,"column":37},"end":{"line":83,"column":55}},"20":{"start":{"line":83,"column":71},"end":{"line":83,"column":74}},"21":{"start":{"line":87,"column":37},"end":{"line":87,"column":51}},"22":{"start":{"line":87,"column":66},"end":{"line":87,"column":96}},"23":{"start":{"line":91,"column":37},"end":{"line":91,"column":46}},"24":{"start":{"line":91,"column":61},"end":{"line":91,"column":91}},"25":{"start":{"line":96,"column":36},"end":{"line":96,"column":48}},"26":{"start":{"line":96,"column":63},"end":{"line":96,"column":81}},"27":{"start":{"line":101,"column":38},"end":{"line":101,"column":50}},"28":{"start":{"line":101,"column":65},"end":{"line":101,"column":83}},"29":{"start":{"line":105,"column":38},"end":{"line":105,"column":50}},"30":{"start":{"line":105,"column":65},"end":{"line":105,"column":83}},"31":{"start":{"line":109,"column":48},"end":{"line":112,"column":null}},"32":{"start":{"line":115,"column":2},"end":{"line":125,"column":null}},"33":{"start":{"line":116,"column":18},"end":{"line":116,"column":null}},"34":{"start":{"line":117,"column":4},"end":{"line":124,"column":null}},"35":{"start":{"line":118,"column":6},"end":{"line":123,"column":null}},"36":{"start":{"line":126,"column":2},"end":{"line":126,"column":null}},"37":{"start":{"line":131,"column":20},"end":{"line":131,"column":null}},"38":{"start":{"line":132,"column":21},"end":{"line":132,"column":null}},"39":{"start":{"line":133,"column":15},"end":{"line":133,"column":null}},"40":{"start":{"line":134,"column":20},"end":{"line":134,"column":null}},"41":{"start":{"line":135,"column":8},"end":{"line":135,"column":null}},"42":{"start":{"line":137,"column":2},"end":{"line":170,"column":null}},"43":{"start":{"line":138,"column":30},"end":{"line":138,"column":null}},"44":{"start":{"line":139,"column":4},"end":{"line":142,"column":null}},"45":{"start":{"line":140,"column":6},"end":{"line":140,"column":null}},"46":{"start":{"line":141,"column":6},"end":{"line":141,"column":null}},"47":{"start":{"line":143,"column":16},"end":{"line":143,"column":null}},"48":{"start":{"line":144,"column":4},"end":{"line":144,"column":null}},"49":{"start":{"line":145,"column":4},"end":{"line":145,"column":null}},"50":{"start":{"line":146,"column":4},"end":{"line":146,"column":null}},"51":{"start":{"line":148,"column":4},"end":{"line":158,"column":null}},"52":{"start":{"line":149,"column":22},"end":{"line":151,"column":null}},"53":{"start":{"line":150,"column":25},"end":{"line":150,"column":40}},"54":{"start":{"line":152,"column":6},"end":{"line":152,"column":null}},"55":{"start":{"line":155,"column":6},"end":{"line":157,"column":null}},"56":{"start":{"line":156,"column":8},"end":{"line":156,"column":null}},"57":{"start":{"line":160,"column":4},"end":{"line":160,"column":null}},"58":{"start":{"line":160,"column":22},"end":{"line":160,"column":null}},"59":{"start":{"line":161,"column":4},"end":{"line":167,"column":null}},"60":{"start":{"line":162,"column":6},"end":{"line":162,"column":null}},"61":{"start":{"line":163,"column":6},"end":{"line":163,"column":null}},"62":{"start":{"line":164,"column":6},"end":{"line":166,"column":null}},"63":{"start":{"line":165,"column":8},"end":{"line":165,"column":null}},"64":{"start":{"line":169,"column":4},"end":{"line":169,"column":null}},"65":{"start":{"line":172,"column":8},"end":{"line":199,"column":null}},"66":{"start":{"line":173,"column":19},"end":{"line":173,"column":null}},"67":{"start":{"line":174,"column":4},"end":{"line":179,"column":null}},"68":{"start":{"line":175,"column":6},"end":{"line":177,"column":null}},"69":{"start":{"line":178,"column":6},"end":{"line":178,"column":null}},"70":{"start":{"line":181,"column":50},"end":{"line":181,"column":null}},"71":{"start":{"line":182,"column":10},"end":{"line":182,"column":null}},"72":{"start":{"line":183,"column":18},"end":{"line":183,"column":null}},"73":{"start":{"line":185,"column":25},"end":{"line":187,"column":null}},"74":{"start":{"line":189,"column":4},"end":{"line":198,"column":null}},"75":{"start":{"line":190,"column":6},"end":{"line":190,"column":null}},"76":{"start":{"line":191,"column":6},"end":{"line":194,"column":null}},"77":{"start":{"line":195,"column":6},"end":{"line":195,"column":null}},"78":{"start":{"line":197,"column":6},"end":{"line":197,"column":null}},"79":{"start":{"line":201,"column":8},"end":{"line":206,"column":null}},"80":{"start":{"line":202,"column":4},"end":{"line":202,"column":null}},"81":{"start":{"line":202,"column":46},"end":{"line":202,"column":null}},"82":{"start":{"line":203,"column":4},"end":{"line":203,"column":null}},"83":{"start":{"line":204,"column":4},"end":{"line":204,"column":null}},"84":{"start":{"line":205,"column":4},"end":{"line":205,"column":null}},"85":{"start":{"line":208,"column":8},"end":{"line":211,"column":null}},"86":{"start":{"line":209,"column":4},"end":{"line":209,"column":null}},"87":{"start":{"line":210,"column":4},"end":{"line":210,"column":null}},"88":{"start":{"line":213,"column":2},"end":{"line":213,"column":null}},"89":{"start":{"line":213,"column":18},"end":{"line":213,"column":null}},"90":{"start":{"line":215,"column":2},"end":{"line":328,"column":null}},"91":{"start":{"line":259,"column":37},"end":{"line":259,"column":53}},"92":{"start":{"line":272,"column":16},"end":{"line":275,"column":null}},"93":{"start":{"line":285,"column":29},"end":{"line":285,"column":null}},"94":{"start":{"line":285,"column":42},"end":{"line":285,"column":44}}},"fnMap":{"0":{"name":"(anonymous_0)","decl":{"start":{"line":45,"column":27},"end":{"line":45,"column":42}},"loc":{"start":{"line":45,"column":42},"end":{"line":45,"column":56}},"line":45},"1":{"name":"(anonymous_1)","decl":{"start":{"line":45,"column":56},"end":{"line":45,"column":66}},"loc":{"start":{"line":45,"column":71},"end":{"line":45,"column":89}},"line":45},"2":{"name":"(anonymous_2)","decl":{"start":{"line":49,"column":27},"end":{"line":49,"column":42}},"loc":{"start":{"line":49,"column":42},"end":{"line":49,"column":56}},"line":49},"3":{"name":"(anonymous_3)","decl":{"start":{"line":49,"column":56},"end":{"line":49,"column":66}},"loc":{"start":{"line":49,"column":71},"end":{"line":49,"column":89}},"line":49},"4":{"name":"(anonymous_4)","decl":{"start":{"line":53,"column":27},"end":{"line":53,"column":42}},"loc":{"start":{"line":53,"column":42},"end":{"line":53,"column":49}},"line":53},"5":{"name":"(anonymous_5)","decl":{"start":{"line":53,"column":49},"end":{"line":53,"column":59}},"loc":{"start":{"line":53,"column":64},"end":{"line":53,"column":82}},"line":53},"6":{"name":"(anonymous_6)","decl":{"start":{"line":57,"column":27},"end":{"line":57,"column":42}},"loc":{"start":{"line":57,"column":42},"end":{"line":57,"column":51}},"line":57},"7":{"name":"(anonymous_7)","decl":{"start":{"line":57,"column":51},"end":{"line":57,"column":61}},"loc":{"start":{"line":57,"column":66},"end":{"line":57,"column":84}},"line":57},"8":{"name":"(anonymous_8)","decl":{"start":{"line":61,"column":27},"end":{"line":61,"column":42}},"loc":{"start":{"line":61,"column":42},"end":{"line":61,"column":56}},"line":61},"9":{"name":"(anonymous_9)","decl":{"start":{"line":61,"column":56},"end":{"line":61,"column":66}},"loc":{"start":{"line":61,"column":71},"end":{"line":61,"column":89}},"line":61},"10":{"name":"(anonymous_10)","decl":{"start":{"line":65,"column":27},"end":{"line":65,"column":42}},"loc":{"start":{"line":65,"column":42},"end":{"line":65,"column":50}},"line":65},"11":{"name":"(anonymous_11)","decl":{"start":{"line":65,"column":50},"end":{"line":65,"column":60}},"loc":{"start":{"line":65,"column":65},"end":{"line":65,"column":83}},"line":65},"12":{"name":"(anonymous_12)","decl":{"start":{"line":69,"column":27},"end":{"line":69,"column":42}},"loc":{"start":{"line":69,"column":42},"end":{"line":69,"column":50}},"line":69},"13":{"name":"(anonymous_13)","decl":{"start":{"line":69,"column":50},"end":{"line":69,"column":60}},"loc":{"start":{"line":69,"column":65},"end":{"line":69,"column":83}},"line":69},"14":{"name":"(anonymous_14)","decl":{"start":{"line":73,"column":27},"end":{"line":73,"column":42}},"loc":{"start":{"line":73,"column":42},"end":{"line":73,"column":58}},"line":73},"15":{"name":"(anonymous_15)","decl":{"start":{"line":73,"column":58},"end":{"line":73,"column":68}},"loc":{"start":{"line":73,"column":73},"end":{"line":73,"column":91}},"line":73},"16":{"name":"(anonymous_16)","decl":{"start":{"line":78,"column":29},"end":{"line":78,"column":44}},"loc":{"start":{"line":78,"column":44},"end":{"line":78,"column":58}},"line":78},"17":{"name":"(anonymous_17)","decl":{"start":{"line":78,"column":58},"end":{"line":78,"column":68}},"loc":{"start":{"line":78,"column":73},"end":{"line":78,"column":91}},"line":78},"18":{"name":"(anonymous_18)","decl":{"start":{"line":83,"column":22},"end":{"line":83,"column":37}},"loc":{"start":{"line":83,"column":37},"end":{"line":83,"column":55}},"line":83},"19":{"name":"(anonymous_19)","decl":{"start":{"line":83,"column":55},"end":{"line":83,"column":71}},"loc":{"start":{"line":83,"column":71},"end":{"line":83,"column":74}},"line":83},"20":{"name":"(anonymous_20)","decl":{"start":{"line":87,"column":22},"end":{"line":87,"column":37}},"loc":{"start":{"line":87,"column":37},"end":{"line":87,"column":51}},"line":87},"21":{"name":"(anonymous_21)","decl":{"start":{"line":87,"column":51},"end":{"line":87,"column":61}},"loc":{"start":{"line":87,"column":66},"end":{"line":87,"column":96}},"line":87},"22":{"name":"(anonymous_22)","decl":{"start":{"line":91,"column":22},"end":{"line":91,"column":37}},"loc":{"start":{"line":91,"column":37},"end":{"line":91,"column":46}},"line":91},"23":{"name":"(anonymous_23)","decl":{"start":{"line":91,"column":46},"end":{"line":91,"column":56}},"loc":{"start":{"line":91,"column":61},"end":{"line":91,"column":91}},"line":91},"24":{"name":"(anonymous_24)","decl":{"start":{"line":96,"column":21},"end":{"line":96,"column":36}},"loc":{"start":{"line":96,"column":36},"end":{"line":96,"column":48}},"line":96},"25":{"name":"(anonymous_25)","decl":{"start":{"line":96,"column":48},"end":{"line":96,"column":58}},"loc":{"start":{"line":96,"column":63},"end":{"line":96,"column":81}},"line":96},"26":{"name":"(anonymous_26)","decl":{"start":{"line":101,"column":23},"end":{"line":101,"column":38}},"loc":{"start":{"line":101,"column":38},"end":{"line":101,"column":50}},"line":101},"27":{"name":"(anonymous_27)","decl":{"start":{"line":101,"column":50},"end":{"line":101,"column":60}},"loc":{"start":{"line":101,"column":65},"end":{"line":101,"column":83}},"line":101},"28":{"name":"(anonymous_28)","decl":{"start":{"line":105,"column":23},"end":{"line":105,"column":38}},"loc":{"start":{"line":105,"column":38},"end":{"line":105,"column":50}},"line":105},"29":{"name":"(anonymous_29)","decl":{"start":{"line":105,"column":50},"end":{"line":105,"column":60}},"loc":{"start":{"line":105,"column":65},"end":{"line":105,"column":83}},"line":105},"30":{"name":"parseVoiceCommand","decl":{"start":{"line":114,"column":9},"end":{"line":114,"column":27}},"loc":{"start":{"line":114,"column":63},"end":{"line":127,"column":null}},"line":114},"31":{"name":"VoiceLogger","decl":{"start":{"line":130,"column":24},"end":{"line":130,"column":38}},"loc":{"start":{"line":130,"column":38},"end":{"line":330,"column":null}},"line":130},"32":{"name":"(anonymous_32)","decl":{"start":{"line":137,"column":2},"end":{"line":137,"column":18}},"loc":{"start":{"line":137,"column":18},"end":{"line":170,"column":5}},"line":137},"33":{"name":"(anonymous_33)","decl":{"start":{"line":148,"column":8},"end":{"line":148,"column":20}},"loc":{"start":{"line":148,"column":35},"end":{"line":158,"column":null}},"line":148},"34":{"name":"(anonymous_34)","decl":{"start":{"line":150,"column":9},"end":{"line":150,"column":14}},"loc":{"start":{"line":150,"column":25},"end":{"line":150,"column":40}},"line":150},"35":{"name":"(anonymous_35)","decl":{"start":{"line":160,"column":8},"end":{"line":160,"column":22}},"loc":{"start":{"line":160,"column":22},"end":{"line":160,"column":null}},"line":160},"36":{"name":"(anonymous_36)","decl":{"start":{"line":161,"column":8},"end":{"line":161,"column":19}},"loc":{"start":{"line":161,"column":30},"end":{"line":167,"column":null}},"line":161},"37":{"name":"(anonymous_37)","decl":{"start":{"line":172,"column":44},"end":{"line":172,"column":51}},"loc":{"start":{"line":172,"column":68},"end":{"line":199,"column":5}},"line":172},"38":{"name":"(anonymous_38)","decl":{"start":{"line":201,"column":8},"end":{"line":201,"column":31}},"loc":{"start":{"line":201,"column":31},"end":{"line":206,"column":null}},"line":201},"39":{"name":"(anonymous_39)","decl":{"start":{"line":208,"column":8},"end":{"line":208,"column":30}},"loc":{"start":{"line":208,"column":30},"end":{"line":211,"column":null}},"line":208},"40":{"name":"(anonymous_40)","decl":{"start":{"line":259,"column":22},"end":{"line":259,"column":37}},"loc":{"start":{"line":259,"column":37},"end":{"line":259,"column":53}},"line":259},"41":{"name":"(anonymous_41)","decl":{"start":{"line":271,"column":16},"end":{"line":271,"column":21}},"loc":{"start":{"line":272,"column":16},"end":{"line":275,"column":null}},"line":272},"42":{"name":"(anonymous_42)","decl":{"start":{"line":285,"column":14},"end":{"line":285,"column":29}},"loc":{"start":{"line":285,"column":29},"end":{"line":285,"column":null}},"line":285},"43":{"name":"(anonymous_43)","decl":{"start":{"line":285,"column":29},"end":{"line":285,"column":37}},"loc":{"start":{"line":285,"column":42},"end":{"line":285,"column":44}},"line":285}},"branchMap":{"0":{"loc":{"start":{"line":87,"column":66},"end":{"line":87,"column":96}},"type":"binary-expr","locations":[{"start":{"line":87,"column":66},"end":{"line":87,"column":93}},{"start":{"line":87,"column":93},"end":{"line":87,"column":96}}],"line":87},"1":{"loc":{"start":{"line":87,"column":77},"end":{"line":87,"column":88}},"type":"binary-expr","locations":[{"start":{"line":87,"column":77},"end":{"line":87,"column":85}},{"start":{"line":87,"column":85},"end":{"line":87,"column":88}}],"line":87},"2":{"loc":{"start":{"line":91,"column":61},"end":{"line":91,"column":91}},"type":"binary-expr","locations":[{"start":{"line":91,"column":61},"end":{"line":91,"column":88}},{"start":{"line":91,"column":88},"end":{"line":91,"column":91}}],"line":91},"3":{"loc":{"start":{"line":91,"column":72},"end":{"line":91,"column":83}},"type":"binary-expr","locations":[{"start":{"line":91,"column":72},"end":{"line":91,"column":80}},{"start":{"line":91,"column":80},"end":{"line":91,"column":83}}],"line":91},"4":{"loc":{"start":{"line":117,"column":4},"end":{"line":124,"column":null}},"type":"if","locations":[{"start":{"line":117,"column":4},"end":{"line":124,"column":null}},{"start":{},"end":{}}],"line":117},"5":{"loc":{"start":{"line":138,"column":30},"end":{"line":138,"column":null}},"type":"binary-expr","locations":[{"start":{"line":138,"column":30},"end":{"line":138,"column":58}},{"start":{"line":138,"column":58},"end":{"line":138,"column":null}}],"line":138},"6":{"loc":{"start":{"line":139,"column":4},"end":{"line":142,"column":null}},"type":"if","locations":[{"start":{"line":139,"column":4},"end":{"line":142,"column":null}},{"start":{},"end":{}}],"line":139},"7":{"loc":{"start":{"line":155,"column":6},"end":{"line":157,"column":null}},"type":"if","locations":[{"start":{"line":155,"column":6},"end":{"line":157,"column":null}},{"start":{},"end":{}}],"line":155},"8":{"loc":{"start":{"line":164,"column":6},"end":{"line":166,"column":null}},"type":"if","locations":[{"start":{"line":164,"column":6},"end":{"line":166,"column":null}},{"start":{},"end":{}}],"line":164},"9":{"loc":{"start":{"line":174,"column":4},"end":{"line":179,"column":null}},"type":"if","locations":[{"start":{"line":174,"column":4},"end":{"line":179,"column":null}},{"start":{},"end":{}}],"line":174},"10":{"loc":{"start":{"line":202,"column":4},"end":{"line":202,"column":null}},"type":"if","locations":[{"start":{"line":202,"column":4},"end":{"line":202,"column":null}},{"start":{},"end":{}}],"line":202},"11":{"loc":{"start":{"line":202,"column":8},"end":{"line":202,"column":46}},"type":"binary-expr","locations":[{"start":{"line":202,"column":8},"end":{"line":202,"column":35}},{"start":{"line":202,"column":35},"end":{"line":202,"column":46}}],"line":202},"12":{"loc":{"start":{"line":213,"column":2},"end":{"line":213,"column":null}},"type":"if","locations":[{"start":{"line":213,"column":2},"end":{"line":213,"column":null}},{"start":{},"end":{}}],"line":213},"13":{"loc":{"start":{"line":239,"column":10},"end":{"line":251,"column":null}},"type":"binary-expr","locations":[{"start":{"line":239,"column":10},"end":{"line":239,"column":23}},{"start":{"line":239,"column":23},"end":{"line":239,"column":null}},{"start":{"line":240,"column":10},"end":{"line":251,"column":null}}],"line":239},"14":{"loc":{"start":{"line":246,"column":15},"end":{"line":246,"column":null}},"type":"binary-expr","locations":[{"start":{"line":246,"column":15},"end":{"line":246,"column":29}},{"start":{"line":246,"column":29},"end":{"line":246,"column":null}}],"line":246},"15":{"loc":{"start":{"line":255,"column":9},"end":{"line":278,"column":null}},"type":"binary-expr","locations":[{"start":{"line":255,"column":9},"end":{"line":255,"column":17}},{"start":{"line":255,"column":17},"end":{"line":255,"column":null}},{"start":{"line":256,"column":10},"end":{"line":278,"column":null}}],"line":255},"16":{"loc":{"start":{"line":283,"column":11},"end":{"line":294,"column":11}},"type":"binary-expr","locations":[{"start":{"line":283,"column":11},"end":{"line":283,"column":null}},{"start":{"line":284,"column":12},"end":{"line":294,"column":11}}],"line":283},"17":{"loc":{"start":{"line":295,"column":21},"end":{"line":295,"column":null}},"type":"cond-expr","locations":[{"start":{"line":295,"column":33},"end":{"line":295,"column":49}},{"start":{"line":295,"column":49},"end":{"line":295,"column":null}}],"line":295},"18":{"loc":{"start":{"line":296,"column":19},"end":{"line":296,"column":null}},"type":"cond-expr","locations":[{"start":{"line":296,"column":31},"end":{"line":296,"column":50}},{"start":{"line":296,"column":50},"end":{"line":296,"column":null}}],"line":296},"19":{"loc":{"start":{"line":299,"column":26},"end":{"line":301,"column":null}},"type":"cond-expr","locations":[{"start":{"line":300,"column":18},"end":{"line":300,"column":null}},{"start":{"line":301,"column":18},"end":{"line":301,"column":null}}],"line":299},"20":{"loc":{"start":{"line":303,"column":25},"end":{"line":305,"column":null}},"type":"cond-expr","locations":[{"start":{"line":304,"column":18},"end":{"line":304,"column":null}},{"start":{"line":305,"column":18},"end":{"line":305,"column":null}}],"line":303},"21":{"loc":{"start":{"line":306,"column":25},"end":{"line":306,"column":null}},"type":"cond-expr","locations":[{"start":{"line":306,"column":37},"end":{"line":306,"column":74}},{"start":{"line":306,"column":74},"end":{"line":306,"column":null}}],"line":306},"22":{"loc":{"start":{"line":312,"column":13},"end":{"line":314,"column":null}},"type":"cond-expr","locations":[{"start":{"line":313,"column":16},"end":{"line":314,"column":17}},{"start":{"line":314,"column":16},"end":{"line":314,"column":null}}],"line":312}},"s":{"0":1,"1":0,"2":0,"3":0,"4":0,"5":0,"6":0,"7":0,"8":0,"9":0,"10":0,"11":0,"12":0,"13":0,"14":0,"15":0,"16":0,"17":0,"18":0,"19":0,"20":0,"21":0,"22":0,"23":0,"24":0,"25":0,"26":0,"27":0,"28":0,"29":0,"30":0,"31":1,"32":0,"33":0,"34":0,"35":0,"36":0,"37":0,"38":0,"39":0,"40":0,"41":0,"42":0,"43":0,"44":0,"45":0,"46":0,"47":0,"48":0,"49":0,"50":0,"51":0,"52":0,"53":0,"54":0,"55":0,"56":0,"57":0,"58":0,"59":0,"60":0,"61":0,"62":0,"63":0,"64":0,"65":0,"66":0,"67":0,"68":0,"69":0,"70":0,"71":0,"72":0,"73":0,"74":0,"75":0,"76":0,"77":0,"78":0,"79":0,"80":0,"81":0,"82":0,"83":0,"84":0,"85":0,"86":0,"87":0,"88":0,"89":0,"90":0,"91":0,"92":0,"93":0,"94":0},"f":{"0":0,"1":0,"2":0,"3":0,"4":0,"5":0,"6":0,"7":0,"8":0,"9":0,"10":0,"11":0,"12":0,"13":0,"14":0,"15":0,"16":0,"17":0,"18":0,"19":0,"20":0,"21":0,"22":0,"23":0,"24":0,"25":0,"26":0,"27":0,"28":0,"29":0,"30":0,"31":0,"32":0,"33":0,"34":0,"35":0,"36":0,"37":0,"38":0,"39":0,"40":0,"41":0,"42":0,"43":0},"b":{"0":[0,0],"1":[0,0],"2":[0,0],"3":[0,0],"4":[0,0],"5":[0,0],"6":[0,0],"7":[0,0],"8":[0,0],"9":[0,0],"10":[0,0],"11":[0,0],"12":[0,0],"13":[0,0,0],"14":[0,0],"15":[0,0,0],"16":[0,0],"17":[0,0],"18":[0,0],"19":[0,0],"20":[0,0],"21":[0,0],"22":[0,0]},"meta":{"lastBranch":23,"lastFunction":44,"lastStatement":95,"seen":{"s:41:5:107:Infinity":0,"f:45:27:45:42":0,"s:45:42:45:56":1,"f:45:56:45:66":1,"s:45:71:45:89":2,"f:49:27:49:42":2,"s:49:42:49:56":3,"f:49:56:49:66":3,"s:49:71:49:89":4,"f:53:27:53:42":4,"s:53:42:53:49":5,"f:53:49:53:59":5,"s:53:64:53:82":6,"f:57:27:57:42":6,"s:57:42:57:51":7,"f:57:51:57:61":7,"s:57:66:57:84":8,"f:61:27:61:42":8,"s:61:42:61:56":9,"f:61:56:61:66":9,"s:61:71:61:89":10,"f:65:27:65:42":10,"s:65:42:65:50":11,"f:65:50:65:60":11,"s:65:65:65:83":12,"f:69:27:69:42":12,"s:69:42:69:50":13,"f:69:50:69:60":13,"s:69:65:69:83":14,"f:73:27:73:42":14,"s:73:42:73:58":15,"f:73:58:73:68":15,"s:73:73:73:91":16,"f:78:29:78:44":16,"s:78:44:78:58":17,"f:78:58:78:68":17,"s:78:73:78:91":18,"f:83:22:83:37":18,"s:83:37:83:55":19,"f:83:55:83:71":19,"s:83:71:83:74":20,"f:87:22:87:37":20,"s:87:37:87:51":21,"f:87:51:87:61":21,"s:87:66:87:96":22,"b:87:66:87:93:87:93:87:96":0,"b:87:77:87:85:87:85:87:88":1,"f:91:22:91:37":22,"s:91:37:91:46":23,"f:91:46:91:56":23,"s:91:61:91:91":24,"b:91:61:91:88:91:88:91:91":2,"b:91:72:91:80:91:80:91:83":3,"f:96:21:96:36":24,"s:96:36:96:48":25,"f:96:48:96:58":25,"s:96:63:96:81":26,"f:101:23:101:38":26,"s:101:38:101:50":27,"f:101:50:101:60":27,"s:101:65:101:83":28,"f:105:23:105:38":28,"s:105:38:105:50":29,"f:105:50:105:60":29,"s:105:65:105:83":30,"s:109:48:112:Infinity":31,"f:114:9:114:27":30,"s:115:2:125:Infinity":32,"s:116:18:116:Infinity":33,"b:117:4:124:Infinity:undefined:undefined:undefined:undefined":4,"s:117:4:124:Infinity":34,"s:118:6:123:Infinity":35,"s:126:2:126:Infinity":36,"f:130:24:130:38":31,"s:131:20:131:Infinity":37,"s:132:21:132:Infinity":38,"s:133:15:133:Infinity":39,"s:134:20:134:Infinity":40,"s:135:8:135:Infinity":41,"s:137:2:170:Infinity":42,"f:137:2:137:18":32,"s:138:30:138:Infinity":43,"b:138:30:138:58:138:58:138:Infinity":5,"b:139:4:142:Infinity:undefined:undefined:undefined:undefined":6,"s:139:4:142:Infinity":44,"s:140:6:140:Infinity":45,"s:141:6:141:Infinity":46,"s:143:16:143:Infinity":47,"s:144:4:144:Infinity":48,"s:145:4:145:Infinity":49,"s:146:4:146:Infinity":50,"s:148:4:158:Infinity":51,"f:148:8:148:20":33,"s:149:22:151:Infinity":52,"f:150:9:150:14":34,"s:150:25:150:40":53,"s:152:6:152:Infinity":54,"b:155:6:157:Infinity:undefined:undefined:undefined:undefined":7,"s:155:6:157:Infinity":55,"s:156:8:156:Infinity":56,"s:160:4:160:Infinity":57,"f:160:8:160:22":35,"s:160:22:160:Infinity":58,"s:161:4:167:Infinity":59,"f:161:8:161:19":36,"s:162:6:162:Infinity":60,"s:163:6:163:Infinity":61,"b:164:6:166:Infinity:undefined:undefined:undefined:undefined":8,"s:164:6:166:Infinity":62,"s:165:8:165:Infinity":63,"s:169:4:169:Infinity":64,"s:172:8:199:Infinity":65,"f:172:44:172:51":37,"s:173:19:173:Infinity":66,"b:174:4:179:Infinity:undefined:undefined:undefined:undefined":9,"s:174:4:179:Infinity":67,"s:175:6:177:Infinity":68,"s:178:6:178:Infinity":69,"s:181:50:181:Infinity":70,"s:182:10:182:Infinity":71,"s:183:18:183:Infinity":72,"s:185:25:187:Infinity":73,"s:189:4:198:Infinity":74,"s:190:6:190:Infinity":75,"s:191:6:194:Infinity":76,"s:195:6:195:Infinity":77,"s:197:6:197:Infinity":78,"s:201:8:206:Infinity":79,"f:201:8:201:31":38,"b:202:4:202:Infinity:undefined:undefined:undefined:undefined":10,"s:202:4:202:Infinity":80,"b:202:8:202:35:202:35:202:46":11,"s:202:46:202:Infinity":81,"s:203:4:203:Infinity":82,"s:204:4:204:Infinity":83,"s:205:4:205:Infinity":84,"s:208:8:211:Infinity":85,"f:208:8:208:30":39,"s:209:4:209:Infinity":86,"s:210:4:210:Infinity":87,"b:213:2:213:Infinity:undefined:undefined:undefined:undefined":12,"s:213:2:213:Infinity":88,"s:213:18:213:Infinity":89,"s:215:2:328:Infinity":90,"b:239:10:239:23:239:23:239:Infinity:240:10:251:Infinity":13,"b:246:15:246:29:246:29:246:Infinity":14,"b:255:9:255:17:255:17:255:Infinity:256:10:278:Infinity":15,"f:259:22:259:37":40,"s:259:37:259:53":91,"f:271:16:271:21":41,"s:272:16:275:Infinity":92,"b:283:11:283:Infinity:284:12:294:11":16,"f:285:14:285:29":42,"s:285:29:285:Infinity":93,"f:285:29:285:37":43,"s:285:42:285:44":94,"b:295:33:295:49:295:49:295:Infinity":17,"b:296:31:296:50:296:50:296:Infinity":18,"b:300:18:300:Infinity:301:18:301:Infinity":19,"b:304:18:304:Infinity:305:18:305:Infinity":20,"b:306:37:306:74:306:74:306:Infinity":21,"b:313:16:314:17:314:16:314:Infinity":22},"fnNames":{}}}
,"C:\\Users\\Gaurav Shinde\\OneDrive\\DESKTOP FOLDER\\Carbon detection\\frontend\\src\\pages\\AIInsights.tsx": {"path":"C:\\Users\\Gaurav Shinde\\OneDrive\\DESKTOP FOLDER\\Carbon detection\\frontend\\src\\pages\\AIInsights.tsx","statementMap":{"0":{"start":{"line":17,"column":49},"end":{"line":21,"column":null}},"1":{"start":{"line":23,"column":79},"end":{"line":29,"column":null}},"2":{"start":{"line":33,"column":20},"end":{"line":33,"column":null}},"3":{"start":{"line":34,"column":15},"end":{"line":34,"column":null}},"4":{"start":{"line":35,"column":2},"end":{"line":43,"column":null}},"5":{"start":{"line":36,"column":4},"end":{"line":36,"column":22}},"6":{"start":{"line":36,"column":22},"end":{"line":36,"column":null}},"7":{"start":{"line":37,"column":12},"end":{"line":37,"column":null}},"8":{"start":{"line":38,"column":14},"end":{"line":41,"column":null}},"9":{"start":{"line":39,"column":6},"end":{"line":40,"column":null}},"10":{"start":{"line":39,"column":29},"end":{"line":39,"column":63}},"11":{"start":{"line":40,"column":13},"end":{"line":40,"column":28}},"12":{"start":{"line":40,"column":28},"end":{"line":40,"column":46}},"13":{"start":{"line":42,"column":4},"end":{"line":42,"column":null}},"14":{"start":{"line":42,"column":17},"end":{"line":42,"column":null}},"15":{"start":{"line":44,"column":2},"end":{"line":48,"column":null}},"16":{"start":{"line":54,"column":15},"end":{"line":54,"column":null}},"17":{"start":{"line":56,"column":2},"end":{"line":78,"column":null}},"18":{"start":{"line":57,"column":17},"end":{"line":57,"column":null}},"19":{"start":{"line":58,"column":17},"end":{"line":58,"column":null}},"20":{"start":{"line":59,"column":4},"end":{"line":76,"column":null}},"21":{"start":{"line":80,"column":2},"end":{"line":111,"column":null}},"22":{"start":{"line":81,"column":17},"end":{"line":81,"column":null}},"23":{"start":{"line":82,"column":17},"end":{"line":82,"column":null}},"24":{"start":{"line":83,"column":21},"end":{"line":83,"column":null}},"25":{"start":{"line":84,"column":4},"end":{"line":109,"column":null}},"26":{"start":{"line":98,"column":37},"end":{"line":98,"column":55}},"27":{"start":{"line":98,"column":50},"end":{"line":98,"column":52}},"28":{"start":{"line":113,"column":2},"end":{"line":113,"column":null}},"29":{"start":{"line":118,"column":18},"end":{"line":118,"column":null}},"30":{"start":{"line":119,"column":18},"end":{"line":119,"column":null}},"31":{"start":{"line":120,"column":16},"end":{"line":120,"column":null}},"32":{"start":{"line":121,"column":15},"end":{"line":121,"column":null}},"33":{"start":{"line":124,"column":21},"end":{"line":124,"column":null}},"34":{"start":{"line":125,"column":23},"end":{"line":125,"column":null}},"35":{"start":{"line":126,"column":16},"end":{"line":126,"column":null}},"36":{"start":{"line":127,"column":22},"end":{"line":127,"column":null}},"37":{"start":{"line":128,"column":8},"end":{"line":128,"column":null}},"38":{"start":{"line":130,"column":26},"end":{"line":137,"column":null}},"39":{"start":{"line":140,"column":2},"end":{"line":142,"column":null}},"40":{"start":{"line":141,"column":4},"end":{"line":141,"column":null}},"41":{"start":{"line":144,"column":22},"end":{"line":152,"column":null}},"42":{"start":{"line":145,"column":4},"end":{"line":145,"column":22}},"43":{"start":{"line":145,"column":22},"end":{"line":145,"column":null}},"44":{"start":{"line":146,"column":4},"end":{"line":151,"column":null}},"45":{"start":{"line":147,"column":19},"end":{"line":147,"column":null}},"46":{"start":{"line":148,"column":6},"end":{"line":148,"column":null}},"47":{"start":{"line":150,"column":6},"end":{"line":150,"column":null}},"48":{"start":{"line":151,"column":16},"end":{"line":151,"column":35}},"49":{"start":{"line":154,"column":19},"end":{"line":175,"column":null}},"50":{"start":{"line":155,"column":20},"end":{"line":155,"column":null}},"51":{"start":{"line":156,"column":4},"end":{"line":156,"column":null}},"52":{"start":{"line":156,"column":25},"end":{"line":156,"column":null}},"53":{"start":{"line":157,"column":4},"end":{"line":157,"column":null}},"54":{"start":{"line":158,"column":4},"end":{"line":158,"column":null}},"55":{"start":{"line":159,"column":4},"end":{"line":159,"column":null}},"56":{"start":{"line":160,"column":4},"end":{"line":160,"column":null}},"57":{"start":{"line":162,"column":4},"end":{"line":174,"column":null}},"58":{"start":{"line":163,"column":6},"end":{"line":171,"column":null}},"59":{"start":{"line":164,"column":8},"end":{"line":170,"column":null}},"60":{"start":{"line":165,"column":10},"end":{"line":165,"column":null}},"61":{"start":{"line":166,"column":15},"end":{"line":170,"column":null}},"62":{"start":{"line":167,"column":10},"end":{"line":167,"column":null}},"63":{"start":{"line":169,"column":10},"end":{"line":169,"column":null}},"64":{"start":{"line":169,"column":27},"end":{"line":169,"column":42}},"65":{"start":{"line":173,"column":6},"end":{"line":173,"column":null}},"66":{"start":{"line":177,"column":2},"end":{"line":375,"column":null}},"67":{"start":{"line":201,"column":12},"end":{"line":204,"column":null}},"68":{"start":{"line":201,"column":43},"end":{"line":201,"column":56}},"69":{"start":{"line":214,"column":27},"end":{"line":214,"column":null}},"70":{"start":{"line":215,"column":28},"end":{"line":215,"column":null}},"71":{"start":{"line":218,"column":33},"end":{"line":218,"column":45}},"72":{"start":{"line":232,"column":39},"end":{"line":232,"column":72}},"73":{"start":{"line":238,"column":24},"end":{"line":239,"column":null}},"74":{"start":{"line":270,"column":71},"end":{"line":270,"column":null}},"75":{"start":{"line":324,"column":18},"end":{"line":336,"column":null}},"76":{"start":{"line":351,"column":18},"end":{"line":368,"column":null}}},"fnMap":{"0":{"name":"TypewriterText","decl":{"start":{"line":32,"column":9},"end":{"line":32,"column":24}},"loc":{"start":{"line":32,"column":80},"end":{"line":50,"column":null}},"line":32},"1":{"name":"(anonymous_1)","decl":{"start":{"line":35,"column":2},"end":{"line":35,"column":18}},"loc":{"start":{"line":35,"column":18},"end":{"line":43,"column":5}},"line":35},"2":{"name":"(anonymous_2)","decl":{"start":{"line":38,"column":14},"end":{"line":38,"column":32}},"loc":{"start":{"line":38,"column":32},"end":{"line":41,"column":7}},"line":38},"3":{"name":"(anonymous_3)","decl":{"start":{"line":42,"column":4},"end":{"line":42,"column":17}},"loc":{"start":{"line":42,"column":17},"end":{"line":42,"column":null}},"line":42},"4":{"name":"ThinkingStep","decl":{"start":{"line":53,"column":9},"end":{"line":53,"column":22}},"loc":{"start":{"line":53,"column":53},"end":{"line":114,"column":null}},"line":53},"5":{"name":"(anonymous_5)","decl":{"start":{"line":98,"column":22},"end":{"line":98,"column":37}},"loc":{"start":{"line":98,"column":37},"end":{"line":98,"column":55}},"line":98},"6":{"name":"(anonymous_6)","decl":{"start":{"line":98,"column":37},"end":{"line":98,"column":45}},"loc":{"start":{"line":98,"column":50},"end":{"line":98,"column":52}},"line":98},"7":{"name":"AIInsights","decl":{"start":{"line":117,"column":24},"end":{"line":117,"column":37}},"loc":{"start":{"line":117,"column":37},"end":{"line":377,"column":null}},"line":117},"8":{"name":"(anonymous_8)","decl":{"start":{"line":140,"column":2},"end":{"line":140,"column":18}},"loc":{"start":{"line":140,"column":18},"end":{"line":142,"column":5}},"line":140},"9":{"name":"(anonymous_9)","decl":{"start":{"line":144,"column":22},"end":{"line":144,"column":34}},"loc":{"start":{"line":144,"column":34},"end":{"line":152,"column":null}},"line":144},"10":{"name":"(anonymous_10)","decl":{"start":{"line":154,"column":19},"end":{"line":154,"column":26}},"loc":{"start":{"line":154,"column":43},"end":{"line":175,"column":null}},"line":154},"11":{"name":"(anonymous_11)","decl":{"start":{"line":163,"column":21},"end":{"line":163,"column":31}},"loc":{"start":{"line":163,"column":40},"end":{"line":171,"column":7}},"line":163},"12":{"name":"(anonymous_12)","decl":{"start":{"line":169,"column":10},"end":{"line":169,"column":19}},"loc":{"start":{"line":169,"column":27},"end":{"line":169,"column":42}},"line":169},"13":{"name":"(anonymous_13)","decl":{"start":{"line":200,"column":27},"end":{"line":200,"column":31}},"loc":{"start":{"line":201,"column":12},"end":{"line":204,"column":null}},"line":201},"14":{"name":"(anonymous_14)","decl":{"start":{"line":201,"column":28},"end":{"line":201,"column":43}},"loc":{"start":{"line":201,"column":43},"end":{"line":201,"column":56}},"line":201},"15":{"name":"(anonymous_15)","decl":{"start":{"line":214,"column":12},"end":{"line":214,"column":22}},"loc":{"start":{"line":214,"column":27},"end":{"line":214,"column":null}},"line":214},"16":{"name":"(anonymous_16)","decl":{"start":{"line":215,"column":12},"end":{"line":215,"column":23}},"loc":{"start":{"line":215,"column":28},"end":{"line":215,"column":null}},"line":215},"17":{"name":"(anonymous_17)","decl":{"start":{"line":218,"column":18},"end":{"line":218,"column":33}},"loc":{"start":{"line":218,"column":33},"end":{"line":218,"column":45}},"line":218},"18":{"name":"(anonymous_18)","decl":{"start":{"line":232,"column":25},"end":{"line":232,"column":30}},"loc":{"start":{"line":232,"column":39},"end":{"line":232,"column":72}},"line":232},"19":{"name":"(anonymous_19)","decl":{"start":{"line":237,"column":37},"end":{"line":237,"column":41}},"loc":{"start":{"line":238,"column":24},"end":{"line":239,"column":null}},"line":238},"20":{"name":"(anonymous_20)","decl":{"start":{"line":270,"column":56},"end":{"line":270,"column":66}},"loc":{"start":{"line":270,"column":71},"end":{"line":270,"column":null}},"line":270},"21":{"name":"(anonymous_21)","decl":{"start":{"line":323,"column":39},"end":{"line":323,"column":44}},"loc":{"start":{"line":324,"column":18},"end":{"line":336,"column":null}},"line":324},"22":{"name":"(anonymous_22)","decl":{"start":{"line":350,"column":37},"end":{"line":350,"column":42}},"loc":{"start":{"line":351,"column":18},"end":{"line":368,"column":null}},"line":351}},"branchMap":{"0":{"loc":{"start":{"line":32,"column":32},"end":{"line":32,"column":80}},"type":"default-arg","locations":[{"start":{"line":32,"column":40},"end":{"line":32,"column":80}}],"line":32},"1":{"loc":{"start":{"line":39,"column":6},"end":{"line":40,"column":null}},"type":"if","locations":[{"start":{"line":39,"column":6},"end":{"line":40,"column":null}},{"start":{"line":40,"column":11},"end":{"line":40,"column":null}}],"line":39},"2":{"loc":{"start":{"line":47,"column":7},"end":{"line":48,"column":null}},"type":"binary-expr","locations":[{"start":{"line":47,"column":7},"end":{"line":47,"column":16}},{"start":{"line":47,"column":16},"end":{"line":48,"column":null}}],"line":47},"3":{"loc":{"start":{"line":56,"column":2},"end":{"line":78,"column":null}},"type":"if","locations":[{"start":{"line":56,"column":2},"end":{"line":78,"column":null}},{"start":{},"end":{}}],"line":56},"4":{"loc":{"start":{"line":57,"column":17},"end":{"line":57,"column":null}},"type":"binary-expr","locations":[{"start":{"line":57,"column":17},"end":{"line":57,"column":49}},{"start":{"line":57,"column":49},"end":{"line":57,"column":null}}],"line":57},"5":{"loc":{"start":{"line":66,"column":11},"end":{"line":71,"column":null}},"type":"binary-expr","locations":[{"start":{"line":66,"column":11},"end":{"line":66,"column":32}},{"start":{"line":66,"column":32},"end":{"line":66,"column":null}},{"start":{"line":67,"column":12},"end":{"line":71,"column":null}}],"line":66},"6":{"loc":{"start":{"line":80,"column":2},"end":{"line":111,"column":null}},"type":"if","locations":[{"start":{"line":80,"column":2},"end":{"line":111,"column":null}},{"start":{},"end":{}}],"line":80},"7":{"loc":{"start":{"line":81,"column":17},"end":{"line":81,"column":null}},"type":"binary-expr","locations":[{"start":{"line":81,"column":17},"end":{"line":81,"column":49}},{"start":{"line":81,"column":49},"end":{"line":81,"column":null}}],"line":81},"8":{"loc":{"start":{"line":86,"column":79},"end":{"line":86,"column":122}},"type":"cond-expr","locations":[{"start":{"line":86,"column":90},"end":{"line":86,"column":104}},{"start":{"line":86,"column":104},"end":{"line":86,"column":122}}],"line":86},"9":{"loc":{"start":{"line":87,"column":11},"end":{"line":89,"column":null}},"type":"cond-expr","locations":[{"start":{"line":88,"column":14},"end":{"line":89,"column":15}},{"start":{"line":89,"column":14},"end":{"line":89,"column":null}}],"line":87},"10":{"loc":{"start":{"line":95,"column":15},"end":{"line":95,"column":null}},"type":"cond-expr","locations":[{"start":{"line":95,"column":26},"end":{"line":95,"column":59}},{"start":{"line":95,"column":59},"end":{"line":95,"column":null}}],"line":95},"11":{"loc":{"start":{"line":95,"column":62},"end":{"line":95,"column":119}},"type":"binary-expr","locations":[{"start":{"line":95,"column":62},"end":{"line":95,"column":101}},{"start":{"line":95,"column":101},"end":{"line":95,"column":119}}],"line":95},"12":{"loc":{"start":{"line":97,"column":13},"end":{"line":102,"column":null}},"type":"binary-expr","locations":[{"start":{"line":97,"column":13},"end":{"line":97,"column":null}},{"start":{"line":98,"column":14},"end":{"line":102,"column":null}}],"line":97},"13":{"loc":{"start":{"line":99,"column":17},"end":{"line":99,"column":null}},"type":"cond-expr","locations":[{"start":{"line":99,"column":24},"end":{"line":99,"column":53}},{"start":{"line":99,"column":52},"end":{"line":99,"column":null}}],"line":99},"14":{"loc":{"start":{"line":103,"column":11},"end":{"line":108,"column":null}},"type":"binary-expr","locations":[{"start":{"line":103,"column":11},"end":{"line":103,"column":19}},{"start":{"line":103,"column":19},"end":{"line":103,"column":null}},{"start":{"line":104,"column":12},"end":{"line":108,"column":null}}],"line":103},"15":{"loc":{"start":{"line":150,"column":15},"end":{"line":150,"column":51}},"type":"binary-expr","locations":[{"start":{"line":150,"column":15},"end":{"line":150,"column":42}},{"start":{"line":150,"column":42},"end":{"line":150,"column":51}}],"line":150},"16":{"loc":{"start":{"line":155,"column":20},"end":{"line":155,"column":null}},"type":"binary-expr","locations":[{"start":{"line":155,"column":20},"end":{"line":155,"column":27}},{"start":{"line":155,"column":27},"end":{"line":155,"column":null}}],"line":155},"17":{"loc":{"start":{"line":156,"column":4},"end":{"line":156,"column":null}},"type":"if","locations":[{"start":{"line":156,"column":4},"end":{"line":156,"column":null}},{"start":{},"end":{}}],"line":156},"18":{"loc":{"start":{"line":164,"column":8},"end":{"line":170,"column":null}},"type":"if","locations":[{"start":{"line":164,"column":8},"end":{"line":170,"column":null}},{"start":{"line":166,"column":15},"end":{"line":170,"column":null}}],"line":164},"19":{"loc":{"start":{"line":166,"column":15},"end":{"line":170,"column":null}},"type":"if","locations":[{"start":{"line":166,"column":15},"end":{"line":170,"column":null}},{"start":{"line":168,"column":15},"end":{"line":170,"column":null}}],"line":166},"20":{"loc":{"start":{"line":215,"column":28},"end":{"line":215,"column":null}},"type":"binary-expr","locations":[{"start":{"line":215,"column":28},"end":{"line":215,"column":49}},{"start":{"line":215,"column":49},"end":{"line":215,"column":null}}],"line":215},"21":{"loc":{"start":{"line":218,"column":55},"end":{"line":218,"column":91}},"type":"binary-expr","locations":[{"start":{"line":218,"column":55},"end":{"line":218,"column":71}},{"start":{"line":218,"column":71},"end":{"line":218,"column":91}}],"line":218},"22":{"loc":{"start":{"line":219,"column":13},"end":{"line":220,"column":28}},"type":"cond-expr","locations":[{"start":{"line":219,"column":28},"end":{"line":219,"column":80}},{"start":{"line":219,"column":79},"end":{"line":220,"column":28}}],"line":219},"23":{"loc":{"start":{"line":220,"column":13},"end":{"line":220,"column":null}},"type":"cond-expr","locations":[{"start":{"line":220,"column":28},"end":{"line":220,"column":41}},{"start":{"line":220,"column":41},"end":{"line":220,"column":null}}],"line":220},"24":{"loc":{"start":{"line":225,"column":10},"end":{"line":261,"column":null}},"type":"binary-expr","locations":[{"start":{"line":225,"column":10},"end":{"line":225,"column":30}},{"start":{"line":225,"column":30},"end":{"line":225,"column":45}},{"start":{"line":225,"column":45},"end":{"line":225,"column":null}},{"start":{"line":226,"column":10},"end":{"line":261,"column":null}}],"line":225},"25":{"loc":{"start":{"line":228,"column":13},"end":{"line":249,"column":null}},"type":"binary-expr","locations":[{"start":{"line":228,"column":13},"end":{"line":228,"column":null}},{"start":{"line":229,"column":14},"end":{"line":249,"column":null}}],"line":228},"26":{"loc":{"start":{"line":234,"column":17},"end":{"line":243,"column":null}},"type":"binary-expr","locations":[{"start":{"line":234,"column":17},"end":{"line":234,"column":33}},{"start":{"line":234,"column":33},"end":{"line":234,"column":null}},{"start":{"line":235,"column":18},"end":{"line":243,"column":null}}],"line":234},"27":{"loc":{"start":{"line":249,"column":13},"end":{"line":261,"column":null}},"type":"binary-expr","locations":[{"start":{"line":249,"column":13},"end":{"line":249,"column":null}},{"start":{"line":250,"column":14},"end":{"line":261,"column":null}}],"line":249},"28":{"loc":{"start":{"line":256,"column":86},"end":{"line":256,"column":116}},"type":"cond-expr","locations":[{"start":{"line":256,"column":107},"end":{"line":256,"column":113}},{"start":{"line":256,"column":113},"end":{"line":256,"column":116}}],"line":256},"29":{"loc":{"start":{"line":278,"column":13},"end":{"line":280,"column":null}},"type":"cond-expr","locations":[{"start":{"line":279,"column":16},"end":{"line":280,"column":18}},{"start":{"line":280,"column":16},"end":{"line":280,"column":null}}],"line":278},"30":{"loc":{"start":{"line":286,"column":7},"end":{"line":289,"column":null}},"type":"binary-expr","locations":[{"start":{"line":286,"column":7},"end":{"line":286,"column":null}},{"start":{"line":287,"column":8},"end":{"line":289,"column":null}}],"line":286},"31":{"loc":{"start":{"line":292,"column":7},"end":{"line":373,"column":null}},"type":"binary-expr","locations":[{"start":{"line":292,"column":7},"end":{"line":292,"column":null}},{"start":{"line":293,"column":8},"end":{"line":373,"column":null}}],"line":292},"32":{"loc":{"start":{"line":300,"column":15},"end":{"line":300,"column":null}},"type":"binary-expr","locations":[{"start":{"line":300,"column":15},"end":{"line":300,"column":33}},{"start":{"line":300,"column":33},"end":{"line":300,"column":null}}],"line":300},"33":{"loc":{"start":{"line":301,"column":15},"end":{"line":304,"column":null}},"type":"binary-expr","locations":[{"start":{"line":301,"column":15},"end":{"line":301,"column":null}},{"start":{"line":302,"column":16},"end":{"line":304,"column":null}}],"line":301},"34":{"loc":{"start":{"line":308,"column":13},"end":{"line":311,"column":null}},"type":"binary-expr","locations":[{"start":{"line":308,"column":13},"end":{"line":308,"column":null}},{"start":{"line":309,"column":14},"end":{"line":311,"column":null}}],"line":308},"35":{"loc":{"start":{"line":316,"column":11},"end":{"line":339,"column":null}},"type":"binary-expr","locations":[{"start":{"line":316,"column":11},"end":{"line":316,"column":null}},{"start":{"line":317,"column":12},"end":{"line":339,"column":null}}],"line":316},"36":{"loc":{"start":{"line":327,"column":45},"end":{"line":327,"column":82}},"type":"cond-expr","locations":[{"start":{"line":327,"column":55},"end":{"line":327,"column":69}},{"start":{"line":327,"column":69},"end":{"line":327,"column":82}}],"line":327},"37":{"loc":{"start":{"line":327,"column":89},"end":{"line":327,"column":121}},"type":"cond-expr","locations":[{"start":{"line":327,"column":99},"end":{"line":327,"column":111}},{"start":{"line":327,"column":111},"end":{"line":327,"column":121}}],"line":327},"38":{"loc":{"start":{"line":343,"column":11},"end":{"line":371,"column":null}},"type":"binary-expr","locations":[{"start":{"line":343,"column":11},"end":{"line":343,"column":null}},{"start":{"line":344,"column":12},"end":{"line":371,"column":null}}],"line":343},"39":{"loc":{"start":{"line":365,"column":67},"end":{"line":365,"column":108}},"type":"binary-expr","locations":[{"start":{"line":365,"column":67},"end":{"line":365,"column":101}},{"start":{"line":365,"column":101},"end":{"line":365,"column":108}}],"line":365}},"s":{"0":1,"1":1,"2":0,"3":0,"4":0,"5":0,"6":0,"7":0,"8":0,"9":0,"10":0,"11":0,"12":0,"13":0,"14":0,"15":0,"16":0,"17":0,"18":0,"19":0,"20":0,"21":0,"22":0,"23":0,"24":0,"25":0,"26":0,"27":0,"28":0,"29":0,"30":0,"31":0,"32":0,"33":0,"34":0,"35":0,"36":0,"37":0,"38":0,"39":0,"40":0,"41":0,"42":0,"43":0,"44":0,"45":0,"46":0,"47":0,"48":0,"49":0,"50":0,"51":0,"52":0,"53":0,"54":0,"55":0,"56":0,"57":0,"58":0,"59":0,"60":0,"61":0,"62":0,"63":0,"64":0,"65":0,"66":0,"67":0,"68":0,"69":0,"70":0,"71":0,"72":0,"73":0,"74":0,"75":0,"76":0},"f":{"0":0,"1":0,"2":0,"3":0,"4":0,"5":0,"6":0,"7":0,"8":0,"9":0,"10":0,"11":0,"12":0,"13":0,"14":0,"15":0,"16":0,"17":0,"18":0,"19":0,"20":0,"21":0,"22":0},"b":{"0":[0],"1":[0,0],"2":[0,0],"3":[0,0],"4":[0,0],"5":[0,0,0],"6":[0,0],"7":[0,0],"8":[0,0],"9":[0,0],"10":[0,0],"11":[0,0],"12":[0,0],"13":[0,0],"14":[0,0,0],"15":[0,0],"16":[0,0],"17":[0,0],"18":[0,0],"19":[0,0],"20":[0,0],"21":[0,0],"22":[0,0],"23":[0,0],"24":[0,0,0,0],"25":[0,0],"26":[0,0,0],"27":[0,0],"28":[0,0],"29":[0,0],"30":[0,0],"31":[0,0],"32":[0,0],"33":[0,0],"34":[0,0],"35":[0,0],"36":[0,0],"37":[0,0],"38":[0,0],"39":[0,0]},"meta":{"lastBranch":40,"lastFunction":23,"lastStatement":77,"seen":{"s:17:49:21:Infinity":0,"s:23:79:29:Infinity":1,"f:32:9:32:24":0,"b:32:40:32:80":0,"s:33:20:33:Infinity":2,"s:34:15:34:Infinity":3,"s:35:2:43:Infinity":4,"f:35:2:35:18":1,"s:36:4:36:22":5,"s:36:22:36:Infinity":6,"s:37:12:37:Infinity":7,"s:38:14:41:Infinity":8,"f:38:14:38:32":2,"b:39:6:40:Infinity:40:11:40:Infinity":1,"s:39:6:40:Infinity":9,"s:39:29:39:63":10,"s:40:13:40:28":11,"s:40:28:40:46":12,"s:42:4:42:Infinity":13,"f:42:4:42:17":3,"s:42:17:42:Infinity":14,"s:44:2:48:Infinity":15,"b:47:7:47:16:47:16:48:Infinity":2,"f:53:9:53:22":4,"s:54:15:54:Infinity":16,"b:56:2:78:Infinity:undefined:undefined:undefined:undefined":3,"s:56:2:78:Infinity":17,"s:57:17:57:Infinity":18,"b:57:17:57:49:57:49:57:Infinity":4,"s:58:17:58:Infinity":19,"s:59:4:76:Infinity":20,"b:66:11:66:32:66:32:66:Infinity:67:12:71:Infinity":5,"b:80:2:111:Infinity:undefined:undefined:undefined:undefined":6,"s:80:2:111:Infinity":21,"s:81:17:81:Infinity":22,"b:81:17:81:49:81:49:81:Infinity":7,"s:82:17:82:Infinity":23,"s:83:21:83:Infinity":24,"s:84:4:109:Infinity":25,"b:86:90:86:104:86:104:86:122":8,"b:88:14:89:15:89:14:89:Infinity":9,"b:95:26:95:59:95:59:95:Infinity":10,"b:95:62:95:101:95:101:95:119":11,"b:97:13:97:Infinity:98:14:102:Infinity":12,"f:98:22:98:37":5,"s:98:37:98:55":26,"f:98:37:98:45":6,"s:98:50:98:52":27,"b:99:24:99:53:99:52:99:Infinity":13,"b:103:11:103:19:103:19:103:Infinity:104:12:108:Infinity":14,"s:113:2:113:Infinity":28,"f:117:24:117:37":7,"s:118:18:118:Infinity":29,"s:119:18:119:Infinity":30,"s:120:16:120:Infinity":31,"s:121:15:121:Infinity":32,"s:124:21:124:Infinity":33,"s:125:23:125:Infinity":34,"s:126:16:126:Infinity":35,"s:127:22:127:Infinity":36,"s:128:8:128:Infinity":37,"s:130:26:137:Infinity":38,"s:140:2:142:Infinity":39,"f:140:2:140:18":8,"s:141:4:141:Infinity":40,"s:144:22:152:Infinity":41,"f:144:22:144:34":9,"s:145:4:145:22":42,"s:145:22:145:Infinity":43,"s:146:4:151:Infinity":44,"s:147:19:147:Infinity":45,"s:148:6:148:Infinity":46,"s:150:6:150:Infinity":47,"b:150:15:150:42:150:42:150:51":15,"s:151:16:151:35":48,"s:154:19:175:Infinity":49,"f:154:19:154:26":10,"s:155:20:155:Infinity":50,"b:155:20:155:27:155:27:155:Infinity":16,"b:156:4:156:Infinity:undefined:undefined:undefined:undefined":17,"s:156:4:156:Infinity":51,"s:156:25:156:Infinity":52,"s:157:4:157:Infinity":53,"s:158:4:158:Infinity":54,"s:159:4:159:Infinity":55,"s:160:4:160:Infinity":56,"s:162:4:174:Infinity":57,"s:163:6:171:Infinity":58,"f:163:21:163:31":11,"b:164:8:170:Infinity:166:15:170:Infinity":18,"s:164:8:170:Infinity":59,"s:165:10:165:Infinity":60,"b:166:15:170:Infinity:168:15:170:Infinity":19,"s:166:15:170:Infinity":61,"s:167:10:167:Infinity":62,"s:169:10:169:Infinity":63,"f:169:10:169:19":12,"s:169:27:169:42":64,"s:173:6:173:Infinity":65,"s:177:2:375:Infinity":66,"f:200:27:200:31":13,"s:201:12:204:Infinity":67,"f:201:28:201:43":14,"s:201:43:201:56":68,"f:214:12:214:22":15,"s:214:27:214:Infinity":69,"f:215:12:215:23":16,"s:215:28:215:Infinity":70,"b:215:28:215:49:215:49:215:Infinity":20,"f:218:18:218:33":17,"s:218:33:218:45":71,"b:218:55:218:71:218:71:218:91":21,"b:219:28:219:80:219:79:220:28":22,"b:220:28:220:41:220:41:220:Infinity":23,"b:225:10:225:30:225:30:225:45:225:45:225:Infinity:226:10:261:Infinity":24,"b:228:13:228:Infinity:229:14:249:Infinity":25,"f:232:25:232:30":18,"s:232:39:232:72":72,"b:234:17:234:33:234:33:234:Infinity:235:18:243:Infinity":26,"f:237:37:237:41":19,"s:238:24:239:Infinity":73,"b:249:13:249:Infinity:250:14:261:Infinity":27,"b:256:107:256:113:256:113:256:116":28,"f:270:56:270:66":20,"s:270:71:270:Infinity":74,"b:279:16:280:18:280:16:280:Infinity":29,"b:286:7:286:Infinity:287:8:289:Infinity":30,"b:292:7:292:Infinity:293:8:373:Infinity":31,"b:300:15:300:33:300:33:300:Infinity":32,"b:301:15:301:Infinity:302:16:304:Infinity":33,"b:308:13:308:Infinity:309:14:311:Infinity":34,"b:316:11:316:Infinity:317:12:339:Infinity":35,"f:323:39:323:44":21,"s:324:18:336:Infinity":75,"b:327:55:327:69:327:69:327:82":36,"b:327:99:327:111:327:111:327:121":37,"b:343:11:343:Infinity:344:12:371:Infinity":38,"f:350:37:350:42":22,"s:351:18:368:Infinity":76,"b:365:67:365:101:365:101:365:108":39},"fnNames":{}}}
,"C:\\Users\\Gaurav Shinde\\OneDrive\\DESKTOP FOLDER\\Carbon detection\\frontend\\src\\pages\\CarbonTwin.tsx": {"path":"C:\\Users\\Gaurav Shinde\\OneDrive\\DESKTOP FOLDER\\Carbon detection\\frontend\\src\\pages\\CarbonTwin.tsx","statementMap":{"0":{"start":{"line":19,"column":16},"end":{"line":24,"column":null}},"1":{"start":{"line":41,"column":8},"end":{"line":41,"column":null}},"2":{"start":{"line":42,"column":2},"end":{"line":48,"column":null}},"3":{"start":{"line":43,"column":4},"end":{"line":47,"column":null}},"4":{"start":{"line":45,"column":6},"end":{"line":45,"column":null}},"5":{"start":{"line":46,"column":6},"end":{"line":46,"column":null}},"6":{"start":{"line":50,"column":21},"end":{"line":50,"column":null}},"7":{"start":{"line":52,"column":21},"end":{"line":52,"column":null}},"8":{"start":{"line":53,"column":22},"end":{"line":53,"column":null}},"9":{"start":{"line":55,"column":2},"end":{"line":82,"column":null}},"10":{"start":{"line":88,"column":8},"end":{"line":88,"column":null}},"11":{"start":{"line":89,"column":2},"end":{"line":99,"column":null}},"12":{"start":{"line":90,"column":4},"end":{"line":98,"column":null}},"13":{"start":{"line":91,"column":6},"end":{"line":91,"column":null}},"14":{"start":{"line":92,"column":18},"end":{"line":92,"column":null}},"15":{"start":{"line":93,"column":6},"end":{"line":93,"column":null}},"16":{"start":{"line":94,"column":6},"end":{"line":97,"column":null}},"17":{"start":{"line":95,"column":8},"end":{"line":95,"column":null}},"18":{"start":{"line":96,"column":8},"end":{"line":96,"column":null}},"19":{"start":{"line":100,"column":2},"end":{"line":104,"column":null}},"20":{"start":{"line":110,"column":16},"end":{"line":110,"column":null}},"21":{"start":{"line":111,"column":2},"end":{"line":115,"column":null}},"22":{"start":{"line":121,"column":21},"end":{"line":121,"column":null}},"23":{"start":{"line":122,"column":8},"end":{"line":126,"column":null}},"24":{"start":{"line":122,"column":66},"end":{"line":126,"column":5}},"25":{"start":{"line":128,"column":19},"end":{"line":128,"column":null}},"26":{"start":{"line":130,"column":2},"end":{"line":197,"column":null}},"27":{"start":{"line":167,"column":8},"end":{"line":167,"column":null}},"28":{"start":{"line":172,"column":8},"end":{"line":176,"column":null}},"29":{"start":{"line":205,"column":2},"end":{"line":219,"column":null}},"30":{"start":{"line":215,"column":23},"end":{"line":215,"column":null}},"31":{"start":{"line":225,"column":19},"end":{"line":232,"column":null}},"32":{"start":{"line":235,"column":8},"end":{"line":241,"column":null}},"33":{"start":{"line":236,"column":23},"end":{"line":236,"column":null}},"34":{"start":{"line":237,"column":23},"end":{"line":237,"column":null}},"35":{"start":{"line":238,"column":24},"end":{"line":238,"column":null}},"36":{"start":{"line":239,"column":23},"end":{"line":239,"column":null}},"37":{"start":{"line":240,"column":4},"end":{"line":240,"column":null}},"38":{"start":{"line":244,"column":17},"end":{"line":244,"column":null}},"39":{"start":{"line":246,"column":22},"end":{"line":249,"column":null}},"40":{"start":{"line":251,"column":8},"end":{"line":252,"column":null}},"41":{"start":{"line":251,"column":15},"end":{"line":252,"column":null}},"42":{"start":{"line"
[...]
{"line":211,"column":15},"end":{"line":211,"column":51}},"type":"binary-expr","locations":[{"start":{"line":211,"column":15},"end":{"line":211,"column":42}},{"start":{"line":211,"column":42},"end":{"line":211,"column":51}}],"line":211},"19":{"loc":{"start":{"line":218,"column":4},"end":{"line":218,"column":null}},"type":"if","locations":[{"start":{"line":218,"column":4},"end":{"line":218,"column":null}},{"start":{},"end":{}}],"line":218},"20":{"loc":{"start":{"line":218,"column":8},"end":{"line":218,"column":43}},"type":"binary-expr","locations":[{"start":{"line":218,"column":8},"end":{"line":218,"column":23}},{"start":{"line":218,"column":23},"end":{"line":218,"column":43}}],"line":218},"21":{"loc":{"start":{"line":226,"column":21},"end":{"line":226,"column":null}},"type":"binary-expr","locations":[{"start":{"line":226,"column":21},"end":{"line":226,"column":82}},{"start":{"line":226,"column":82},"end":{"line":226,"column":null}}],"line":226},"22":{"loc":{"start":{"line":238,"column":4},"end":{"line":238,"column":null}},"type":"if","locations":[{"start":{"line":238,"column":4},"end":{"line":238,"column":null}},{"start":{},"end":{}}],"line":238},"23":{"loc":{"start":{"line":256,"column":4},"end":{"line":260,"column":null}},"type":"cond-expr","locations":[{"start":{"line":256,"column":18},"end":{"line":256,"column":null}},{"start":{"line":257,"column":4},"end":{"line":260,"column":null}}],"line":256},"24":{"loc":{"start":{"line":257,"column":4},"end":{"line":260,"column":null}},"type":"cond-expr","locations":[{"start":{"line":257,"column":18},"end":{"line":257,"column":null}},{"start":{"line":258,"column":4},"end":{"line":260,"column":null}}],"line":257},"25":{"loc":{"start":{"line":258,"column":4},"end":{"line":260,"column":null}},"type":"cond-expr","locations":[{"start":{"line":258,"column":18},"end":{"line":258,"column":null}},{"start":{"line":259,"column":4},"end":{"line":260,"column":null}}],"line":258},"26":{"loc":{"start":{"line":259,"column":4},"end":{"line":260,"column":null}},"type":"cond-expr","locations":[{"start":{"line":259,"column":18},"end":{"line":259,"column":null}},{"start":{"line":260,"column":18},"end":{"line":260,"column":null}}],"line":259},"27":{"loc":{"start":{"line":263,"column":4},"end":{"line":269,"column":null}},"type":"if","locations":[{"start":{"line":263,"column":4},"end":{"line":269,"column":null}},{"start":{},"end":{}}],"line":263},"28":{"loc":{"start":{"line":270,"column":4},"end":{"line":270,"column":null}},"type":"if","locations":[{"start":{"line":270,"column":4},"end":{"line":270,"column":null}},{"start":{},"end":{}}],"line":270},"29":{"loc":{"start":{"line":278,"column":30},"end":{"line":278,"column":null}},"type":"binary-expr","locations":[{"start":{"line":278,"column":30},"end":{"line":278,"column":51}},{"start":{"line":278,"column":51},"end":{"line":278,"column":null}}],"line":278},"30":{"loc":{"start":{"line":287,"column":17},"end":{"line":287,"column":38}},"type":"binary-expr","locations":[{"start":{"line":287,"column":17},"end":{"line":287,"column":31}},{"start":{"line":287,"column":31},"end":{"line":287,"column":38}}],"line":287},"31":{"loc":{"start":{"line":288,"column":66},"end":{"line":288,"column":135}},"type":"cond-expr","locations":[{"start":{"line":288,"column":82},"end":{"line":288,"column":129}},{"start":{"line":288,"column":129},"end":{"line":288,"column":135}}],"line":288},"32":{"loc":{"start":{"line":293,"column":6},"end":{"line":293,"column":null}},"type":"if","locations":[{"start":{"line":293,"column":6},"end":{"line":293,"column":null}},{"start":{},"end":{}}],"line":293},"33":{"loc":{"start":{"line":346,"column":22},"end":{"line":348,"column":null}},"type":"cond-expr","locations":[{"start":{"line":347,"column":26},"end":{"line":347,"column":null}},{"start":{"line":348,"column":26},"end":{"line":348,"column":null}}],"line":346},"34":{"loc":{"start":{"line":363,"column":15},"end":{"line":372,"column":null}},"type":"binary-expr","locations":[{"start":{"line":363,"column":15},"end":{"line":363,"column":null}},{"start":{"line":364,"column":16},"end":{"line":372,"column":null}}],"line":363},"35":{"loc":{"start":{"line":368,"column":21},"end":{"line":368,"column":null}},"type":"cond-expr","locations":[{"start":{"line":368,"column":31},"end":{"line":368,"column":null}},{"start":{"line":368,"column":82},"end":{"line":368,"column":null}}],"line":368},"36":{"loc":{"start":{"line":374,"column":13},"end":{"line":374,"column":null}},"type":"binary-expr","locations":[{"start":{"line":374,"column":13},"end":{"line":374,"column":22}},{"start":{"line":374,"column":22},"end":{"line":374,"column":null}}],"line":374},"37":{"loc":{"start":{"line":377,"column":15},"end":{"line":382,"column":15}},"type":"binary-expr","locations":[{"start":{"line":377,"column":15},"end":{"line":377,"column":null}},{"start":{"line":378,"column":16},"end":{"line":382,"column":15}}],"line":377},"38":{"loc":{"start":{"line":379,"column":19},"end":{"line":379,"column":null}},"type":"cond-expr","locations":[{"start":{"line":379,"column":29},"end":{"line":379,"column":102}},{"start":{"line":379,"column":100},"end":{"line":379,"column":null}}],"line":379},"39":{"loc":{"start":{"line":389,"column":11},"end":{"line":459,"column":null}},"type":"binary-expr","locations":[{"start":{"line":389,"column":11},"end":{"line":389,"column":null}},{"start":{"line":390,"column":12},"end":{"line":459,"column":null}}],"line":389},"40":{"loc":{"start":{"line":398,"column":23},"end":{"line":398,"column":null}},"type":"binary-expr","locations":[{"start":{"line":398,"column":23},"end":{"line":398,"column":42}},{"start":{"line":398,"column":42},"end":{"line":398,"column":null}}],"line":398},"41":{"loc":{"start":{"line":399,"column":23},"end":{"line":399,"column":null}},"type":"binary-expr","locations":[{"start":{"line":399,"column":23},"end":{"line":399,"column":43}},{"start":{"line":399,"column":43},"end":{"line":399,"column":null}}],"line":399},"42":{"loc":{"start":{"line":400,"column":23},"end":{"line":400,"column":null}},"type":"binary-expr","locations":[{"start":{"line":400,"column":23},"end":{"line":400,"column":38}},{"start":{"line":400,"column":38},"end":{"line":400,"column":59}},{"start":{"line":400,"column":59},"end":{"line":400,"column":null}}],"line":400},"43":{"loc":{"start":{"line":413,"column":32},"end":{"line":413,"column":null}},"type":"cond-expr","locations":[{"start":{"line":413,"column":57},"end":{"line":413,"column":69}},{"start":{"line":413,"column":69},"end":{"line":413,"column":null}}],"line":413},"44":{"loc":{"start":{"line":413,"column":69},"end":{"line":413,"column":null}},"type":"cond-expr","locations":[{"start":{"line":413,"column":94},"end":{"line":413,"column":106}},{"start":{"line":413,"column":106},"end":{"line":413,"column":null}}],"line":413},"45":{"loc":{"start":{"line":417,"column":19},"end":{"line":417,"column":null}},"type":"cond-expr","locations":[{"start":{"line":417,"column":44},"end":{"line":417,"column":62}},{"start":{"line":417,"column":62},"end":{"line":417,"column":null}}],"line":417},"46":{"loc":{"start":{"line":417,"column":62},"end":{"line":417,"column":null}},"type":"cond-expr","locations":[{"start":{"line":417,"column":87},"end":{"line":417,"column":110}},{"start":{"line":417,"column":110},"end":{"line":417,"column":null}}],"line":417},"47":{"loc":{"start":{"line":421,"column":19},"end":{"line":421,"column":null}},"type":"cond-expr","locations":[{"start":{"line":421,"column":28},"end":{"line":421,"column":50}},{"start":{"line":421,"column":50},"end":{"line":421,"column":null}}],"line":421},"48":{"loc":{"start":{"line":432,"column":35},"end":{"line":432,"column":null}},"type":"binary-expr","locations":[{"start":{"line":432,"column":35},"end":{"line":432,"column":88}},{"start":{"line":432,"column":88},"end":{"line":432,"column":null}}],"line":432},"49":{"loc":{"start":{"line":433,"column":32},"end":{"line":433,"column":null}},"type":"cond-expr","locations":[{"start":{"line":433,"column":46},"end":{"line":433,"column":71}},{"start":{"line":433,"column":71},"end":{"line":433,"column":null}}],"line":433},"50":{"loc":{"start":{"line":435,"column":84},"end":{"line":435,"column":null}},"type":"cond-expr","locations":[{"start":{"line":435,"column":102},"end":{"line":435,"column":142}},{"start":{"line":435,"column":142},"end":{"line":435,"column":null}}],"line":435},"51":{"loc":{"start":{"line":440,"column":29},"end":{"line":440,"column":null}},"type":"binary-expr","locations":[{"start":{"line":440,"column":29},"end":{"line":440,"column":48}},{"start":{"line":440,"column":48},"end":{"line":440,"column":null}}],"line":440},"52":{"loc":{"start":{"line":442,"column":78},"end":{"line":442,"column":117}},"type":"cond-expr","locations":[{"start":{"line":442,"column":93},"end":{"line":442,"column":105}},{"start":{"line":442,"column":105},"end":{"line":442,"column":117}}],"line":442},"53":{"loc":{"start":{"line":443,"column":29},"end":{"line":443,"column":null}},"type":"cond-expr","locations":[{"start":{"line":443,"column":44},"end":{"line":443,"column":53}},{"start":{"line":443,"column":53},"end":{"line":443,"column":null}}],"line":443},"54":{"loc":{"start":{"line":449,"column":40},"end":{"line":449,"column":null}},"type":"cond-expr","locations":[{"start":{"line":449,"column":55},"end":{"line":449,"column":67}},{"start":{"line":449,"column":67},"end":{"line":449,"column":null}}],"line":449},"55":{"loc":{"start":{"line":478,"column":25},"end":{"line":478,"column":null}},"type":"cond-expr","locations":[{"start":{"line":478,"column":35},"end":{"line":478,"column":56}},{"start":{"line":478,"column":56},"end":{"line":478,"column":null}}],"line":478},"56":{"loc":{"start":{"line":480,"column":20},"end":{"line":482,"column":null}},"type":"cond-expr","locations":[{"start":{"line":481,"column":24},"end":{"line":481,"column":null}},{"start":{"line":482,"column":24},"end":{"line":482,"column":null}}],"line":480},"57":{"loc":{"start":{"line":485,"column":19},"end":{"line":485,"column":null}},"type":"cond-expr","locations":[{"start":{"line":485,"column":32},"end":{"line":485,"column":84}},{"start":{"line":485,"column":83},"end":{"line":485,"column":null}}],"line":485},"58":{"loc":{"start":{"line":503,"column":13},"end":{"line":518,"column":null}},"type":"binary-expr","locations":[{"start":{"line":503,"column":13},"end":{"line":503,"column":null}},{"start":{"line":504,"column":14},"end":{"line":518,"column":null}}],"line":503}},"s":{"0":1,"1":1,"2":0,"3":1,"4":0,"5":0,"6":0,"7":0,"8":0,"9":0,"10":0,"11":0,"12":0,"13":0,"14":0,"15":0,"16":0,"17":0,"18":0,"19":0,"20":0,"21":0,"22":0,"23":0,"24":0,"25":0,"26":0,"27":0,"28":0,"29":0,"30":0,"31":0,"32":0,"33":0,"34":0,"35":0,"36":0,"37":0,"38":0,"39":0,"40":0,"41":0,"42":0,"43":0,"44":0,"45":0,"46":0,"47":0,"48":0,"49":0,"50":0,"51":0,"52":0,"53":0,"54":0,"55":0,"56":0,"57":0,"58":0,"59":0,"60":0,"61":0,"62":0,"63":0,"64":0,"65":0,"66":0,"67":0,"68":0,"69":0,"70":0,"71":0,"72":0,"73":0,"74":0,"75":0,"76":0,"77":0,"78":0,"79":0,"80":0,"81":0,"82":0,"83":0,"84":0,"85":0,"86":0,"87":0,"88":0,"89":0,"90":0,"91":0,"92":0,"93":0,"94":0,"95":0,"96":0,"97":0,"98":0,"99":0,"100":0,"101":0,"102":0,"103":0,"104":0,"105":0,"106":0,"107":0,"108":0,"109":0,"110":0,"111":0,"112":0,"113":0,"114":0,"115":0,"116":0,"117":0,"118":0,"119":0,"120":0,"121":0,"122":0,"123":0,"124":0,"125":0,"126":0,"127":0,"128":0,"129":0,"130":0,"131":0,"132":0,"133":0,"134":0,"135":0,"136":0,"137":0,"138":0,"139":0,"140":0,"141":0,"142":0,"143":0,"144":0,"145":0,"146":0,"147":0,"148":0,"149":0,"150":0,"151":0,"152":0,"153":0,"154":0,"155":0,"156":0,"157":0,"158":0,"159":0,"160":0,"161":0,"162":0,"163":0},"f":{"0":0,"1":0,"2":0,"3":0,"4":0,"5":0,"6":0,"7":0,"8":0,"9":0,"10":0,"11":0,"12":0,"13":0,"14":0,"15":0,"16":0,"17":0,"18":0,"19":0,"20":0,"21":0,"22":0,"23":0,"24":0,"25":0,"26":0,"27":0},"b":{"0":[0],"1":[0,0],"2":[0,0],"3":[0,0],"4":[0,0],"5":[0,0],"6":[0,0],"7":[0,0],"8":[0,0],"9":[0,0],"10":[0,0],"11":[0,0],"12":[0,0],"13":[0,0],"14":[0,0,0],"15":[0,0],"16":[0,0],"17":[0,0],"18":[0,0],"19":[0,0],"20":[0,0],"21":[0,0],"22":[0,0],"23":[0,0],"24":[0,0],"25":[0,0],"26":[0,0],"27":[0,0],"28":[0,0],"29":[0,0],"30":[0,0],"31":[0,0],"32":[0,0],"33":[0,0],"34":[0,0],"35":[0,0],"36":[0,0],"37":[0,0],"38":[0,0],"39":[0,0],"40":[0,0],"41":[0,0],"42":[0,0,0],"43":[0,0],"44":[0,0],"45":[0,0],"46":[0,0],"47":[0,0],"48":[0,0],"49":[0,0],"50":[0,0],"51":[0,0],"52":[0,0],"53":[0,0],"54":[0,0],"55":[0,0],"56":[0,0],"57":[0,0],"58":[0,0]},"meta":{"lastBranch":59,"lastFunction":28,"lastStatement":164,"seen":{"s:7:0:7:Infinity":0,"s:9:84:18:Infinity":1,"f:21:9:21:21":0,"b:21:44:21:51":0,"s:22:2:31:Infinity":2,"b:28:18:28:164:28:164:28:Infinity":1,"s:35:18:35:Infinity":3,"f:37:24:37:39":1,"s:38:17:38:Infinity":4,"s:39:22:39:Infinity":5,"s:40:15:40:Infinity":6,"s:41:17:41:Infinity":7,"s:42:18:42:Infinity":8,"s:43:17:43:Infinity":9,"s:44:16:44:Infinity":10,"s:45:21:45:Infinity":11,"s:46:20:46:Infinity":12,"s:47:19:47:Infinity":13,"s:50:8:50:Infinity":14,"s:51:8:51:Infinity":15,"s:52:8:52:Infinity":16,"s:53:8:53:Infinity":17,"s:54:8:54:Infinity":18,"s:55:8:55:Infinity":19,"s:57:18:57:Infinity":20,"s:58:21:58:Infinity":21,"s:61:2:68:Infinity":22,"f:61:2:61:18":2,"b:62:4:67:Infinity:undefined:undefined:undefined:undefined":2,"s:62:4:67:Infinity":23,"s:63:16:63:Infinity":24,"s:64:6:64:Infinity":25,"s:65:6:65:Infinity":26,"s:66:6:66:Infinity":27,"s:71:2:110:Infinity":28,"f:71:2:71:18":3,"b:72:4:72:Infinity:undefined:undefined:undefined:undefined":3,"s:72:4:72:Infinity":29,"b:72:8:72:30:72:30:72:46":4,"s:72:46:72:Infinity":30,"s:74:16:79:Infinity":31,"s:81:4:88:Infinity":32,"s:91:21:91:Infinity":33,"s:92:4:101:Infinity":34,"f:92:11:92:21":4,"s:93:27:93:Infinity":35,"s:94:23:94:Infinity":36,"b:95:6:99:Infinity:97:13:99:Infinity":5,"s:95:6:99:Infinity":37,"s:96:8:96:Infinity":38,"s:98:8:98:Infinity":39,"s:100:6:100:Infinity":40,"s:103:4:103:Infinity":41,"s:104:4:104:Infinity":42,"s:106:4:109:Infinity":43,"f:106:4:106:17":5,"s:107:6:107:Infinity":44,"s:108:6:108:Infinity":45,"s:113:47:118:Infinity":46,"s:121:8:195:Infinity":47,"f:121:32:121:Infinity":6,"s:127:16:127:Infinity":48,"b:128:4:128:Infinity:undefined:undefined:undefined:undefined":6,"s:128:4:128:Infinity":49,"s:128:14:128:Infinity":50,"s:131:4:131:Infinity":51,"s:132:4:132:Infinity":52,"s:133:4:133:Infinity":53,"s:135:4:137:Infinity":54,"s:139:4:141:Infinity":55,"s:143:20:143:Infinity":56,"b:143:20:143:51:143:51:143:Infinity":7,"s:144:21:144:Infinity":57,"b:146:4:192:Infinity:155:11:192:Infinity":8,"s:146:4:192:Infinity":58,"s:148:6:154:Infinity":59,"s:157:6:191:Infinity":60,"s:159:29:159:Infinity":61,"s:160:29:160:Infinity":62,"s:161:28:161:Infinity":63,"b:161:52:161:61:161:61:161:Infinity":9,"b:161:82:161:91:161:91:161:Infinity":10,"s:162:20:162:Infinity":64,"s:164:20:164:Infinity":65,"s:165:21:165:Infinity":66,"b:167:8:181:Infinity:179:15:181:Infinity":11,"s:167:8:181:Infinity":67,"b:167:12:167:34:167:34:167:75":12,"s:169:46:171:Infinity":68,"f:169:82:169:Infinity":7,"s:170:46:170:Infinity":69,"s:172:10:178:Infinity":70,"s:180:10:180:Infinity":71,"s:184:8:190:Infinity":72,"s:194:4:194:Infinity":73,"s:197:2:201:Infinity":74,"f:197:2:197:18":8,"b:198:4:200:Infinity:undefined:undefined:undefined:undefined":13,"s:198:4:200:Infinity":75,"b:198:8:198:32:198:32:198:61:198:61:198:71":14,"s:199:6:199:Infinity":76,"b:199:63:199:91:199:91:199:102":15,"s:204:21:215:Infinity":77,"f:204:21:204:33":9,"b:205:4:205:Infinity:undefined:undefined:undefined:undefined":16,"s:205:4:205:Infinity":78,"b:205:8:205:19:205:19:205:33":17,"s:205:35:205:82":79,"s:205:82:205:90":80,"s:206:4:206:22":81,"s:206:22:206:38":82,"s:206:38:206:Infinity":83,"s:207:4:214:Infinity":84,"s:208:19:208:Infinity":85,"s:209:6:209:Infinity":86,"s:211:6:211:Infinity":87,"b:211:15:211:42:211:42:211:51":18,"s:213:6:213:Infinity":88,"s:217:30:235:Infinity":89,"f:217:30:217:42":10,"b:218:4:218:Infinity:undefined:undefined:undefined:undefined":19,"s:218:4:218:Infinity":90,"b:218:8:218:23:218:23:218:43":20,"s:218:45:218:81":91,"s:218:81:218:89":92,"s:219:4:219:22":93,"s:219:22:219:Infinity":94,"s:220:4:234:Infinity":95,"s:221:22:221:Infinity":96,"s:222:18:222:Infinity":97,"s:223:6:229:Infinity":98,"b:226:21:226:82:226:82:226:Infinity":21,"f:226:39:226:45":11,"s:226:56:226:71":99,"s:231:6:231:Infinity":100,"s:233:6:233:Infinity":101,"s:237:20:242:Infinity":102,"f:237:20:237:32":12,"b:238:4:238:Infinity:undefined:undefined:undefined:undefined":22,"s:238:4:238:Infinity":103,"s:238:17:238:Infinity":104,"s:239:18:239:Infinity":105,"s:240:4:240:Infinity":106,"s:241:4:241:Infinity":107,"s:244:8:252:Infinity":108,"f:244:8:244:25":13,"s:245:4:245:36":109,"s:245:36:245:Infinity":110,"s:246:4:246:36":111,"s:246:36:246:Infinity":112,"s:247:4:247:36":113,"s:247:36:247:Infinity":114,"s:248:4:248:49":115,"f:248:23:248:31":14,"s:248:36:248:46":116,"s:248:49:248:Infinity":117,"s:249:4:249:Infinity":118,"s:250:4:250:19":119,"s:250:19:250:39":120,"s:250:39:250:56":121,"s:250:56:250:72":122,"s:250:72:250:Infinity":123,"s:251:4:251:Infinity":124,"s:255:8:260:Infinity":125,"f:255:8:255:21":15,"s:256:4:260:Infinity":126,"b:256:18:256:Infinity:257:4:260:Infinity":23,"b:257:18:257:Infinity:258:4:260:Infinity":24,"b:258:18:258:Infinity:259:4:260:Infinity":25,"b:259:18:259:Infinity:260:18:260:Infinity":26,"s:262:20:299:Infinity":127,"f:262:20:262:32":16,"b:263:4:269:Infinity:undefined:undefined:undefined:undefined":27,"s:263:4:269:Infinity":128,"s:265:6:265:Infinity":129,"f:265:25:265:33":17,"s:265:38:265:48":130,"s:266:6:266:Infinity":131,"s:267:6:267:Infinity":132,"s:268:6:268:Infinity":133,"b:270:4:270:Infinity:undefined:undefined:undefined:undefined":28,"s:270:4:270:Infinity":134,"s:270:25:270:Infinity":135,"s:271:19:271:Infinity":136,"s:272:4:272:Infinity":137,"s:273:4:298:Infinity":138,"s:274:22:274:Infinity":139,"s:275:18:277:Infinity":140,"s:278:30:278:Infinity":141,"b:278:30:278:51:278:51:278:Infinity":29,"s:279:6:279:Infinity":142,"f:279:25:279:33":18,"s:279:38:279:48":143,"s:280:6:291:Infinity":144,"f:280:36:280:40":19,"s:281:22:281:Infinity":145,"s:282:8:290:Infinity":146,"b:287:17:287:31:287:31:287:38":30,"b:288:82:288:129:288:129:288:135":31,"s:292:6:292:Infinity":147,"b:293:6:293:Infinity:undefined:undefined:undefined:undefined":32,"s:293:6:293:Infinity":148,"s:293:33:293:Infinity":149,"s:295:6:295:Infinity":150,"s:297:6:297:Infinity":151,"s:301:2:538:Infinity":152,"f:327:33:327:43":20,"s:327:48:327:76":153,"f:335:38:335:48":21,"s:335:53:335:86":154,"f:343:45:343:50":22,"s:344:18:352:Infinity":155,"f:344:36:344:51":23,"s:344:51:344:Infinity":156,"b:347:26:347:Infinity:348:26:348:Infinity":33,"f:360:59:360:69":24,"s:360:74:360:106":157,"b:363:15:363:Infinity:364:16:372:Infinity":34,"f:366:39:366:49":25,"s:366:54:366:86":158,"b:368:31:368:Infinity:368:82:368:Infinity":35,"b:374:13:374:22:374:22:374:Infinity":36,"b:377:15:377:Infinity:378:16:382:15":37,"b:379:29:379:102:379:100:379:Infinity":38,"b:389:11:389:Infinity:390:12:459:Infinity":39,"b:398:23:398:42:398:42:398:Infinity":40,"b:399:23:399:43:399:43:399:Infinity":41,"b:400:23:400:38:400:38:400:59:400:59:400:Infinity":42,"b:413:57:413:69:413:69:413:Infinity":43,"b:413:94:413:106:413:106:413:Infinity":44,"b:417:44:417:62:417:62:417:Infinity":45,"b:417:87:417:110:417:110:417:Infinity":46,"b:421:28:421:50:421:50:421:Infinity":47,"f:430:36:430:41":26,"s:431:33:431:Infinity":159,"s:432:35:432:Infinity":160,"b:432:35:432:88:432:88:432:Infinity":48,"s:433:32:433:Infinity":161,"b:433:46:433:71:433:71:433:Infinity":49,"s:434:20:452:Infinity":162,"b:435:102:435:142:435:142:435:Infinity":50,"b:440:29:440:48:440:48:440:Infinity":51,"b:442:93:442:105:442:105:442:117":52,"b:443:44:443:53:443:53:443:Infinity":53,"b:449:55:449:67:449:67:449:Infinity":54,"b:478:35:478:56:478:56:478:Infinity":55,"b:481:24:481:Infinity:482:24:482:Infinity":56,"b:485:32:485:84:485:83:485:Infinity":57,"b:503:13:503:Infinity:504:14:518:Infinity":58,"f:512:18:512:22":27,"s:513:18:516:Infinity":163},"fnNames":{}}}
}
