{"C:\\Users\\Gaurav Shinde\\OneDrive\\DESKTOP FOLDER\\Carbon detection\\backend\\appState.js": {"path":"C:\\Users\\Gaurav Shinde\\OneDrive\\DESKTOP FOLDER\\Carbon detection\\backend\\appState.js","statementMap":{"0":{"start":{"line":6,"column":28},"end":{"line":6,"column":72}},"1":{"start":{"line":7,"column":28},"end":{"line":7,"column":71}},"2":{"start":{"line":8,"column":28},"end":{"line":8,"column":64}},"3":{"start":{"line":9,"column":31},"end":{"line":9,"column":78}},"4":{"start":{"line":10,"column":28},"end":{"line":10,"column":71}},"5":{"start":{"line":11,"column":28},"end":{"line":11,"column":46}},"6":{"start":{"line":15,"column":4},"end":{"line":15,"column":40}},"7":{"start":{"line":16,"column":4},"end":{"line":16,"column":45}},"8":{"start":{"line":17,"column":4},"end":{"line":17,"column":38}},"9":{"start":{"line":18,"column":4},"end":{"line":18,"column":57}},"10":{"start":{"line":19,"column":4},"end":{"line":19,"column":45}},"11":{"start":{"line":20,"column":4},"end":{"line":20,"column":30}},"12":{"start":{"line":24,"column":4},"end":{"line":24,"column":34}},"13":{"start":{"line":24,"column":27},"end":{"line":24,"column":34}},"14":{"start":{"line":25,"column":15},"end":{"line":25,"column":22}},"15":{"start":{"line":27,"column":20},"end":{"line":31,"column":79}},"16":{"start":{"line":33,"column":24},"end":{"line":36,"column":44}},"17":{"start":{"line":38,"column":4},"end":{"line":38,"column":42}},"18":{"start":{"line":39,"column":4},"end":{"line":39,"column":38}},"19":{"start":{"line":41,"column":19},"end":{"line":41,"column":41}},"20":{"start":{"line":42,"column":4},"end":{"line":42,"column":84}},"21":{"start":{"line":42,"column":48},"end":{"line":42,"column":80}},"22":{"start":{"line":44,"column":27},"end":{"line":44,"column":29}},"23":{"start":{"line":45,"column":4},"end":{"line":47,"column":5}},"24":{"start":{"line":46,"column":6},"end":{"line":46,"column":78}},"25":{"start":{"line":48,"column":4},"end":{"line":50,"column":6}},"26":{"start":{"line":49,"column":65},"end":{"line":49,"column":103}},"27":{"start":{"line":52,"column":4},"end":{"line":52,"column":29}},"28":{"start":{"line":53,"column":4},"end":{"line":53,"column":97}},"29":{"start":{"line":54,"column":4},"end":{"line":54,"column":86}},"30":{"start":{"line":55,"column":4},"end":{"line":55,"column":85}},"31":{"start":{"line":56,"column":4},"end":{"line":56,"column":84}},"32":{"start":{"line":60,"column":4},"end":{"line":60,"column":42}},"33":{"start":{"line":61,"column":4},"end":{"line":61,"column":44}},"34":{"start":{"line":62,"column":4},"end":{"line":67,"column":5}},"35":{"start":{"line":63,"column":23},"end":{"line":65,"column":11}},"36":{"start":{"line":66,"column":6},"end":{"line":66,"column":61}},"37":{"start":{"line":71,"column":15},"end":{"line":71,"column":22}},"38":{"start":{"line":72,"column":17},"end":{"line":72,"column":62}},"39":{"start":{"line":73,"column":17},"end":{"line":73,"column":40}},"40":{"start":{"line":75,"column":26},"end":{"line":75,"column":64}},"41":{"start":{"line":76,"column":26},"end":{"line":76,"column":89}},"42":{"start":{"line":77,"column":26},"end":{"line":77,"column":90}},"43":{"start":{"line":79,"column":4},"end":{"line":91,"column":6}},"44":{"start":{"line":95,"column":17},"end":{"line":95,"column":31}},"45":{"start":{"line":96,"column":0},"end":{"line":96,"column":30}}},"fnMap":{"0":{"name":"(anonymous_0)","decl":{"start":{"line":14,"column":2},"end":{"line":14,"column":3}},"loc":{"start":{"line":14,"column":16},"end":{"line":21,"column":3}},"line":14},"1":{"name":"(anonymous_1)","decl":{"start":{"line":23,"column":2},"end":{"line":23,"column":3}},"loc":{"start":{"line":23,"column":21},"end":{"line":57,"column":3}},"line":23},"2":{"name":"(anonymous_2)","decl":{"start":{"line":42,"column":42},"end":{"line":42,"column":43}},"loc":{"start":{"line":42,"column":48},"end":{"line":42,"column":80}},"line":42},"3":{"name":"(anonymous_3)","decl":{"start":{"line":49,"column":41},"end":{"line":49,"column":42}},"loc":{"start":{"line":49,"column":65},"end":{"line":49,"column":103}},"line":49},"4":{"name":"(anonymous_4)","decl":{"start":{"line":59,"column":2},"end":{"line":59,"column":3}},"loc":{"start":{"line":59,"column":50},"end":{"line":68,"column":3}},"line":59},"5":{"name":"(anonymous_5)","decl":{"start":{"line":70,"column":2},"end":{"line":70,"column":3}},"loc":{"start":{"line":70,"column":38},"end":{"line":92,"column":3}},"line":70}},"branchMap":{"0":{"loc":{"start":{"line":24,"column":4},"end":{"line":24,"column":34}},"type":"if","locations":[{"start":{"line":24,"column":4},"end":{"line":24,"column":34}},{"start":{},"end":{}}],"line":24},"1":{"loc":{"start":{"line":46,"column":36},"end":{"line":46,"column":67}},"type":"binary-expr","locations":[{"start":{"line":46,"column":36},"end":{"line":46,"column":62}},{"start":{"line":46,"column":66},"end":{"line":46,"column":67}}],"line":46},"2":{"loc":{"start":{"line":63,"column":23},"end":{"line":65,"column":11}},"type":"cond-expr","locations":[{"start":{"line":64,"column":10},"end":{"line":64,"column":72}},{"start":{"line":65,"column":10},"end":{"line":65,"column":11}}],"line":63},"3":{"loc":{"start":{"line":70,"column":26},"end":{"line":70,"column":36}},"type":"default-arg","locations":[{"start":{"line":70,"column":35},"end":{"line":70,"column":36}}],"line":70},"4":{"loc":{"start":{"line":73,"column":17},"end":{"line":73,"column":40}},"type":"binary-expr","locations":[{"start":{"line":73,"column":17},"end":{"line":73,"column":33}},{"start":{"line":73,"column":37},"end":{"line":73,"column":40}}],"line":73},"5":{"loc":{"start":{"line":90,"column":23},"end":{"line":90,"column":105}},"type":"cond-expr","locations":[{"start":{"line":90,"column":34},"end":{"line":90,"column":101}},{"start":{"line":90,"column":104},"end":{"line":90,"column":105}}],"line":90}},"s":{"0":6,"1":6,"2":6,"3":6,"4":6,"5":6,"6":6,"7":6,"8":6,"9":6,"10":6,"11":6,"12":1,"13":0,"14":1,"15":1,"16":1,"17":1,"18":1,"19":1,"20":1,"21":30,"22":1,"23":1,"24":106,"25":1,"26":5,"27":1,"28":1,"29":1,"30":1,"31":1,"32":1,"33":1,"34":1,"35":3,"36":3,"37":1,"38":1,"39":1,"40":1,"41":1,"42":1,"43":1,"44":6,"45":6},"f":{"0":6,"1":1,"2":30,"3":5,"4":1,"5":1},"b":{"0":[0,1],"1":[106,5],"2":[3,0],"3":[0],"4":[1,0],"5":[1,0]},"_coverageSchema":"1a1c01bbd47fc00a2c39e90264f33305004495a9","hash":"bad14177e4e3b34405527a911ad8e9a8c84830d4"}
,"C:\\Users\\Gaurav Shinde\\OneDrive\\DESKTOP FOLDER\\Carbon detection\\backend\\data-structures\\EmissionHashMap.js": {"path":"C:\\Users\\Gaurav Shinde\\OneDrive\\DESKTOP FOLDER\\Carbon detection\\backend\\data-structures\\EmissionHashMap.js","statementMap":{"0":{"start":{"line":15,"column":4},"end":{"line":46,"column":7}},"1":{"start":{"line":56,"column":16},"end":{"line":56,"column":40}},"2":{"start":{"line":57,"column":4},"end":{"line":57,"column":35}},"3":{"start":{"line":65,"column":4},"end":{"line":65,"column":35}},"4":{"start":{"line":72,"column":4},"end":{"line":72,"column":51}},"5":{"start":{"line":82,"column":26},"end":{"line":85,"column":5}},"6":{"start":{"line":87,"column":4},"end":{"line":90,"column":39}},"7":{"start":{"line":88,"column":21},"end":{"line":88,"column":54}},"8":{"start":{"line":89,"column":6},"end":{"line":89,"column":71}},"9":{"start":{"line":90,"column":22},"end":{"line":90,"column":37}},"10":{"start":{"line":100,"column":19},"end":{"line":100,"column":52}},"11":{"start":{"line":101,"column":4},"end":{"line":101,"column":43}},"12":{"start":{"line":108,"column":4},"end":{"line":108,"column":41}},"13":{"start":{"line":113,"column":24},"end":{"line":113,"column":45}},"14":{"start":{"line":114,"column":0},"end":{"line":114,"column":54}}},"fnMap":{"0":{"name":"(anonymous_0)","decl":{"start":{"line":12,"column":2},"end":{"line":12,"column":3}},"loc":{"start":{"line":12,"column":16},"end":{"line":47,"column":3}},"line":12},"1":{"name":"(anonymous_1)","decl":{"start":{"line":55,"column":2},"end":{"line":55,"column":3}},"loc":{"start":{"line":55,"column":31},"end":{"line":58,"column":3}},"line":55},"2":{"name":"(anonymous_2)","decl":{"start":{"line":64,"column":2},"end":{"line":64,"column":3}},"loc":{"start":{"line":64,"column":22},"end":{"line":66,"column":3}},"line":64},"3":{"name":"(anonymous_3)","decl":{"start":{"line":71,"column":2},"end":{"line":71,"column":3}},"loc":{"start":{"line":71,"column":38},"end":{"line":73,"column":3}},"line":71},"4":{"name":"(anonymous_4)","decl":{"start":{"line":81,"column":2},"end":{"line":81,"column":3}},"loc":{"start":{"line":81,"column":37},"end":{"line":91,"column":3}},"line":81},"5":{"name":"(anonymous_5)","decl":{"start":{"line":87,"column":29},"end":{"line":87,"column":30}},"loc":{"start":{"line":87,"column":37},"end":{"line":90,"column":5}},"line":87},"6":{"name":"(anonymous_6)","decl":{"start":{"line":90,"column":12},"end":{"line":90,"column":13}},"loc":{"start":{"line":90,"column":22},"end":{"line":90,"column":37}},"line":90},"7":{"name":"(anonymous_7)","decl":{"start":{"line":99,"column":2},"end":{"line":99,"column":3}},"loc":{"start":{"line":99,"column":43},"end":{"line":102,"column":3}},"line":99},"8":{"name":"(anonymous_8)","decl":{"start":{"line":107,"column":2},"end":{"line":107,"column":3}},"loc":{"start":{"line":107,"column":11},"end":{"line":109,"column":3}},"line":107}},"branchMap":{"0":{"loc":{"start":{"line":57,"column":11},"end":{"line":57,"column":34}},"type":"binary-expr","locations":[{"start":{"line":57,"column":11},"end":{"line":57,"column":29}},{"start":{"line":57,"column":33},"end":{"line":57,"column":34}}],"line":57},"1":{"loc":{"start":{"line":65,"column":11},"end":{"line":65,"column":34}},"type":"binary-expr","locations":[{"start":{"line":65,"column":11},"end":{"line":65,"column":29}},{"start":{"line":65,"column":33},"end":{"line":65,"column":34}}],"line":65}},"s":{"0":12,"1":183,"2":183,"3":3,"4":2,"5":6,"6":6,"7":48,"8":48,"9":78,"10":114,"11":114,"12":3,"13":10,"14":10},"f":{"0":12,"1":183,"2":3,"3":2,"4":6,"5":48,"6":78,"7":114,"8":3},"b":{"0":[183,3],"1":[3,1]},"_coverageSchema":"1a1c01bbd47fc00a2c39e90264f33305004495a9","hash":"e48f5874f3d3a1468627a9edf2924df7a86090b1"}
,"C:\\Users\\Gaurav Shinde\\OneDrive\\DESKTOP FOLDER\\Carbon detection\\backend\\data-structures\\MaxHeap.js": {"path":"C:\\Users\\Gaurav Shinde\\OneDrive\\DESKTOP FOLDER\\Carbon detection\\backend\\data-structures\\MaxHeap.js","statementMap":{"0":{"start":{"line":19,"column":4},"end":{"line":19,"column":20}},"1":{"start":{"line":20,"column":4},"end":{"line":20,"column":31}},"2":{"start":{"line":27,"column":4},"end":{"line":27,"column":75}},"3":{"start":{"line":27,"column":53},"end":{"line":27,"column":72}},"4":{"start":{"line":28,"column":4},"end":{"line":28,"column":27}},"5":{"start":{"line":29,"column":4},"end":{"line":29,"column":74}},"6":{"start":{"line":29,"column":36},"end":{"line":29,"column":72}},"7":{"start":{"line":32,"column":4},"end":{"line":34,"column":5}},"8":{"start":{"line":32,"column":17},"end":{"line":32,"column":54}},"9":{"start":{"line":33,"column":6},"end":{"line":33,"column":24}},"10":{"start":{"line":41,"column":4},"end":{"line":44,"column":5}},"11":{"start":{"line":42,"column":6},"end":{"line":42,"column":43}},"12":{"start":{"line":43,"column":6},"end":{"line":43,"column":13}},"13":{"start":{"line":45,"column":17},"end":{"line":45,"column":36}},"14":{"start":{"line":46,"column":4},"end":{"line":46,"column":26}},"15":{"start":{"line":47,"column":14},"end":{"line":47,"column":35}},"16":{"start":{"line":48,"column":4},"end":{"line":48,"column":36}},"17":{"start":{"line":49,"column":4},"end":{"line":49,"column":20}},"18":{"start":{"line":57,"column":4},"end":{"line":57,"column":63}},"19":{"start":{"line":64,"column":4},"end":{"line":64,"column":45}},"20":{"start":{"line":64,"column":33},"end":{"line":64,"column":45}},"21":{"start":{"line":65,"column":16},"end":{"line":65,"column":36}},"22":{"start":{"line":66,"column":4},"end":{"line":66,"column":40}},"23":{"start":{"line":67,"column":17},"end":{"line":67,"column":33}},"24":{"start":{"line":68,"column":4},"end":{"line":72,"column":5}},"25":{"start":{"line":69,"column":6},"end":{"line":69,"column":27}},"26":{"start":{"line":70,"column":6},"end":{"line":70,"column":43}},"27":{"start":{"line":71,"column":6},"end":{"line":71,"column":24}},"28":{"start":{"line":73,"column":4},"end":{"line":73,"column":15}},"29":{"start":{"line":81,"column":4},"end":{"line":84,"column":5}},"30":{"start":{"line":82,"column":6},"end":{"line":82,"column":38}},"31":{"start":{"line":83,"column":6},"end":{"line":83,"column":13}},"32":{"start":{"line":85,"column":14},"end":{"line":85,"column":42}},"33":{"start":{"line":86,"column":21},"end":{"line":86,"column":40}},"34":{"start":{"line":87,"column":4},"end":{"line":87,"column":35}},"35":{"start":{"line":88,"column":4},"end":{"line":92,"column":5}},"36":{"start":{"line":89,"column":6},"end":{"line":89,"column":22}},"37":{"start":{"line":91,"column":6},"end":{"line":91,"column":24}},"38":{"start":{"line":100,"column":17},"end":{"line":100,"column":30}},"39":{"start":{"line":101,"column":4},"end":{"line":101,"column":48}},"40":{"start":{"line":101,"column":36},"end":{"line":101,"column":44}},"41":{"start":{"line":102,"column":19},"end":{"line":102,"column":21}},"42":{"start":{"line":103,"column":4},"end":{"line":103,"column":65}},"43":{"start":{"line":103,"column":34},"end":{"line":103,"column":65}},"44":{"start":{"line":104,"column":4},"end":{"line":104,"column":18}},"45":{"start":{"line":107,"column":15},"end":{"line":107,"column":40}},"46":{"start":{"line":111,"column":15},"end":{"line":111,"column":46}},"47":{"start":{"line":112,"column":15},"end":{"line":112,"column":32}},"48":{"start":{"line":113,"column":15},"end":{"line":113,"column":32}},"49":{"start":{"line":116,"column":4},"end":{"line":116,"column":68}},"50":{"start":{"line":117,"column":4},"end":{"line":117,"column":50}},"51":{"start":{"line":118,"column":4},"end":{"line":118,"column":50}},"52":{"start":{"line":122,"column":4},"end":{"line":126,"column":5}},"53":{"start":{"line":123,"column":16},"end":{"line":123,"column":31}},"54":{"start":{"line":124,"column":6},"end":{"line":124,"column":23}},"55":{"start":{"line":125,"column":6},"end":{"line":125,"column":12}},"56":{"start":{"line":130,"column":14},"end":{"line":130,"column":31}},"57":{"start":{"line":131,"column":18},"end":{"line":131,"column":19}},"58":{"start":{"line":132,"column":14},"end":{"line":132,"column":27}},"59":{"start":{"line":132,"column":33},"end":{"line":132,"column":47}},"60":{"start":{"line":133,"column":4},"end":{"line":133,"column":78}},"61":{"start":{"line":133,"column":66},"end":{"line":133,"column":78}},"62":{"start":{"line":134,"column":4},"end":{"line":134,"column":78}},"63":{"start":{"line":134,"column":66},"end":{"line":134,"column":78}},"64":{"start":{"line":135,"column":4},"end":{"line":138,"column":5}},"65":{"start":{"line":136,"column":6},"end":{"line":136,"column":29}},"66":{"start":{"line":137,"column":6},"end":{"line":137,"column":30}},"67":{"start":{"line":142,"column":0},"end":{"line":142,"column":29}}},"fnMap":{"0":{"name":"(anonymous_0)","decl":{"start":{"line":18,"column":2},"end":{"line":18,"column":3}},"loc":{"start":{"line":18,"column":16},"end":{"line":21,"column":3}},"line":18},"1":{"name":"(anonymous_1)","decl":{"start":{"line":26,"column":2},"end":{"line":26,"column":3}},"loc":{"start":{"line":26,"column":15},"end":{"line":35,"column":3}},"line":26},"2":{"name":"(anonymous_2)","decl":{"start":{"line":27,"column":27},"end":{"line":27,"column":28}},"loc":{"start":{"line":27,"column":53},"end":{"line":27,"column":72}},"line":27},"3":{"name":"(anonymous_3)","decl":{"start":{"line":29,"column":23},"end":{"line":29,"column":24}},"loc":{"start":{"line":29,"column":36},"end":{"line":29,"column":72}},"line":29},"4":{"name":"(anonymous_4)","decl":{"start":{"line":40,"column":2},"end":{"line":40,"column":3}},"loc":{"start":{"line":40,"column":26},"end":{"line":50,"column":3}},"line":40},"5":{"name":"(anonymous_5)","decl":{"start":{"line":56,"column":2},"end":{"line":56,"column":3}},"loc":{"start":{"line":56,"column":12},"end":{"line":58,"column":3}},"line":56},"6":{"name":"(anonymous_6)","decl":{"start":{"line":63,"column":2},"end":{"line":63,"column":3}},"loc":{"start":{"line":63,"column":15},"end":{"line":74,"column":3}},"line":63},"7":{"name":"(anonymous_7)","decl":{"start":{"line":80,"column":2},"end":{"line":80,"column":3}},"loc":{"start":{"line":80,"column":37},"end":{"line":93,"column":3}},"line":80},"8":{"name":"(anonymous_8)","decl":{"start":{"line":99,"column":2},"end":{"line":99,"column":3}},"loc":{"start":{"line":99,"column":14},"end":{"line":105,"column":3}},"line":99},"9":{"name":"(anonymous_9)","decl":{"start":{"line":101,"column":30},"end":{"line":101,"column":31}},"loc":{"start":{"line":101,"column":36},"end":{"line":101,"column":44}},"line":101},"10":{"name":"(anonymous_10)","decl":{"start":{"line":107,"column":2},"end":{"line":107,"column":3}},"loc":{"start":{"line":107,"column":13},"end":{"line":107,"column":42}},"line":107},"11":{"name":"(anonymous_11)","decl":{"start":{"line":111,"column":2},"end":{"line":111,"column":3}},"loc":{"start":{"line":111,"column":13},"end":{"line":111,"column":48}},"line":111},"12":{"name":"(anonymous_12)","decl":{"start":{"line":112,"column":2},"end":{"line":112,"column":3}},"loc":{"start":{"line":112,"column":13},"end":{"line":112,"column":34}},"line":112},"13":{"name":"(anonymous_13)","decl":{"start":{"line":113,"column":2},"end":{"line":113,"column":3}},"loc":{"start":{"line":113,"column":13},"end":{"line":113,"column":34}},"line":113},"14":{"name":"(anonymous_14)","decl":{"start":{"line":115,"column":2},"end":{"line":115,"column":3}},"loc":{"start":{"line":115,"column":14},"end":{"line":119,"column":3}},"line":115},"15":{"name":"(anonymous_15)","decl":{"start":{"line":121,"column":2},"end":{"line":121,"column":3}},"loc":{"start":{"line":121,"column":13},"end":{"line":127,"column":3}},"line":121},"16":{"name":"(anonymous_16)","decl":{"start":{"line":129,"column":2},"end":{"line":129,"column":3}},"loc":{"start":{"line":129,"column":15},"end":{"line":139,"column":3}},"line":129}},"branchMap":{"0":{"loc":{"start":{"line":41,"column":4},"end":{"line":44,"column":5}},"type":"if","locations":[{"start":{"line":41,"column":4},"end":{"line":44,"column":5}},{"start":{},"end":{}}],"line":41},"1":{"loc":{"start":{"line":57,"column":11},"end":{"line":57,"column":62}},"type":"cond-expr","locations":[{"start":{"line":57,"column":35},"end":{"line":57,"column":55}},{"start":{"line":57,"column":58},"end":{"line":57,"column":62}}],"line":57},"2":{"loc":{"start":{"line":64,"column":4},"end":{"line":64,"column":45}},"type":"if","locations":[{"start":{"line":64,"column":4},"end":{"line":64,"column":45}},{"start":{},"end":{}}],"line":64},"3":{"loc":{"start":{"line":68,"column":4},"end":{"line":72,"column":5}},"type":"if","locations":[{"start":{"line":68,"column":4},"end":{"line":72,"column":5}},{"start":{},"end":{}}],"line":68},"4":{"loc":{"start":{"line":81,"column":4},"end":{"line":84,"column":5}},"type":"if","locations":[{"start":{"line":81,"column":4},"end":{"line":84,"column":5}},{"start":{},"end":{}}],"line":81},"5":{"loc":{"start":{"line":88,"column":4},"end":{"line":92,"column":5}},"type":"if","locations":[{"start":{"line":88,"column":4},"end":{"line":92,"column":5}},{"start":{"line":90,"column":11},"end":{"line":92,"column":5}}],"line":88},"6":{"loc":{"start":{"line":122,"column":11},"end":{"line":122,"column":75}},"type":"binary-expr","locations":[{"start":{"line":122,"column":11},"end":{"line":122,"column":16}},{"start":{"line":122,"column":20},"end":{"line":122,"column":75}}],"line":122},"7":{"loc":{"start":{"line":133,"column":4},"end":{"line":133,"column":78}},"type":"if","locations":[{"start":{"line":133,"column":4},"end":{"line":133,"column":78}},{"start":{},"end":{}}],"line":133},"8":{"loc":{"start":{"line":133,"column":8},"end":{"line":133,"column":64}},"type":"binary-expr","locations":[{"start":{"line":133,"column":8},"end":{"line":133,"column":13}},{"start":{"line":133,"column":17},"end":{"line":133,"column":64}}],"line":133},"9":{"loc":{"start":{"line":134,"column":4},"end":{"line":134,"column":78}},"type":"if","locations":[{"start":{"line":134,"column":4},"end":{"line":134,"column":78}},{"start":{},"end":{}}],"line":134},"10":{"loc":{"start":{"line":134,"column":8},"end":{"line":134,"column":64}},"type":"binary-expr","locations":[{"start":{"line":134,"column":8},"end":{"line":134,"column":13}},{"start":{"line":134,"column":17},"end":{"line":134,"column":64}}],"line":134},"11":{"loc":{"start":{"line":135,"column":4},"end":{"line":138,"column":5}},"type":"if","locations":[{"start":{"line":135,"column":4},"end":{"line":138,"column":5}},{"start":{},"end":{}}],"line":135}},"s":{"0":7,"1":7,"2":2,"3":10,"4":2,"5":2,"6":10,"7":2,"8":2,"9":4,"10":0,"11":0,"12":0,"13":0,"14":0,"15":0,"16":0,"17":0,"18":2,"19":5,"20":0,"21":5,"22":5,"23":5,"24":5,"25":4,"26":4,"27":4,"28":5,"29":3,"30":0,"31":0,"32":3,"33":3,"34":3,"35":3,"36":3,"37":0,"38":1,"39":1,"40":5,"41":1,"42":1,"43":5,"44":1,"45":0,"46":2,"47":12,"48":12,"49":4,"50":4,"51":4,"52":3,"53":0,"54":0,"55":0,"56":12,"57":12,"58":12,"59":12,"60":12,"61":4,"62":12,"63":1,"64":12,"65":4,"66":4,"67":6},"f":{"0":7,"1":2,"2":10,"3":10,"4":0,"5":2,"6":5,"7":3,"8":1,"9":5,"10":0,"11":2,"12":12,"13":12,"14":4,"15":3,"16":12},"b":{"0":[0,0],"1":[2,0],"2":[0,5],"3":[4,1],"4":[0,3],"5":[3,0],"6":[3,2],"7":[4,8],"8":[12,8],"9":[1,11],"10":[12,7],"11":[4,8]},"_coverageSchema":"1a1c01bbd47fc00a2c39e90264f33305004495a9","hash":"69d34f25014c9190ab5a9df5c69909dbadc522f2"}
,"C:\\Users\\Gaurav Shinde\\OneDrive\\DESKTOP FOLDER\\Carbon detection\\backend\\data-structures\\PrefixSumArray.js": {"path":"C:\\Users\\Gaurav Shinde\\OneDrive\\DESKTOP FOLDER\\Carbon detection\\backend\\data-structures\\PrefixSumArray.js","statementMap":{"0":{"start":{"line":18,"column":4},"end":{"line":18,"column":21}},"1":{"start":{"line":19,"column":4},"end":{"line":19,"column":22}},"2":{"start":{"line":20,"column":4},"end":{"line":20,"column":22}},"3":{"start":{"line":21,"column":4},"end":{"line":21,"column":32}},"4":{"start":{"line":30,"column":19},"end":{"line":30,"column":73}},"5":{"start":{"line":30,"column":44},"end":{"line":30,"column":72}},"6":{"start":{"line":32,"column":4},"end":{"line":32,"column":21}},"7":{"start":{"line":33,"column":4},"end":{"line":33,"column":22}},"8":{"start":{"line":34,"column":4},"end":{"line":34,"column":22}},"9":{"start":{"line":35,"column":4},"end":{"line":35,"column":28}},"10":{"start":{"line":37,"column":18},"end":{"line":37,"column":19}},"11":{"start":{"line":38,"column":4},"end":{"line":44,"column":7}},"12":{"start":{"line":39,"column":6},"end":{"line":39,"column":29}},"13":{"start":{"line":40,"column":6},"end":{"line":40,"column":31}},"14":{"start":{"line":41,"column":6},"end":{"line":41,"column":23}},"15":{"start":{"line":42,"column":6},"end":{"line":42,"column":33}},"16":{"start":{"line":43,"column":6},"end":{"line":43,"column":35}},"17":{"start":{"line":52,"column":23},"end":{"line":54,"column":9}},"18":{"start":{"line":55,"column":14},"end":{"line":55,"column":32}},"19":{"start":{"line":56,"column":4},"end":{"line":56,"column":27}},"20":{"start":{"line":57,"column":4},"end":{"line":57,"column":29}},"21":{"start":{"line":58,"column":4},"end":{"line":58,"column":42}},"22":{"start":{"line":59,"column":4},"end":{"line":59,"column":33}},"23":{"start":{"line":68,"column":4},"end":{"line":71,"column":5}},"24":{"start":{"line":69,"column":6},"end":{"line":69,"column":34}},"25":{"start":{"line":70,"column":6},"end":{"line":70,"column":13}},"26":{"start":{"line":72,"column":16},"end":{"line":72,"column":41}},"27":{"start":{"line":73,"column":18},"end":{"line":73,"column":46}},"28":{"start":{"line":74,"column":4},"end":{"line":74,"column":33}},"29":{"start":{"line":76,"column":4},"end":{"line":78,"column":5}},"30":{"start":{"line":76,"column":17},"end":{"line":76,"column":20}},"31":{"start":{"line":77,"column":6},"end":{"line":77,"column":31}},"32":{"start":{"line":87,"column":4},"end":{"line":87,"column":43}},"33":{"start":{"line":87,"column":34},"end":{"line":87,"column":43}},"34":{"start":{"line":89,"column":17},"end":{"line":89,"column":47}},"35":{"start":{"line":90,"column":17},"end":{"line":90,"column":48}},"36":{"start":{"line":92,"column":4},"end":{"line":92,"column":60}},"37":{"start":{"line":92,"column":51},"end":{"line":92,"column":60}},"38":{"start":{"line":94,"column":20},"end":{"line":94,"column":38}},"39":{"start":{"line":95,"column":26},"end":{"line":95,"column":63}},"40":{"start":{"line":98,"column":4},"end":{"line":98,"column":49}},"41":{"start":{"line":105,"column":4},"end":{"line":107,"column":10}},"42":{"start":{"line":114,"column":16},"end":{"line":114,"column":41}},"43":{"start":{"line":115,"column":4},"end":{"line":115,"column":53}},"44":{"start":{"line":122,"column":4},"end":{"line":126,"column":8}},"45":{"start":{"line":122,"column":41},"end":{"line":126,"column":5}},"46":{"start":{"line":134,"column":13},"end":{"line":134,"column":14}},"47":{"start":{"line":134,"column":21},"end":{"line":134,"column":43}},"48":{"start":{"line":134,"column":54},"end":{"line":134,"column":56}},"49":{"start":{"line":135,"column":4},"end":{"line":146,"column":5}},"50":{"start":{"line":136,"column":18},"end":{"line":136,"column":32}},"51":{"start":{"line":137,"column":18},"end":{"line":137,"column":54}},"52":{"start":{"line":138,"column":6},"end":{"line":138,"column":32}},"53":{"start":{"line":138,"column":21},"end":{"line":138,"column":32}},"54":{"start":{"line":139,"column":6},"end":{"line":145,"column":7}},"55":{"start":{"line":140,"column":8},"end":{"line":141,"column":44}},"56":{"start":{"line":140,"column":21},"end":{"line":140,"column":34}},"57":{"start":{"line":141,"column":15},"end":{"line":141,"column":28}},"58":{"start":{"line":141,"column":29},"end":{"line":141,"column":42}},"59":{"start":{"line":143,"column":8},"end":{"line":144,"column":44}},"60":{"start":{"line":143,"column":21},"end":{"line":143,"column":34}},"61":{"start":{"line":144,"column":15},"end":{"line":144,"column":28}},"62":{"start":{"line":144,"column":29},"end":{"line":144,"column":42}},"63":{"start":{"line":147,"column":4},"end":{"line":147,"column":18}},"64":{"start":{"line":150,"column":17},"end":{"line":150,"column":43}},"65":{"start":{"line":153,"column":0},"end":{"line":153,"column":36}}},"fnMap":{"0":{"name":"(anonymous_0)","decl":{"start":{"line":17,"column":2},"end":{"line":17,"column":3}},"loc":{"start":{"line":17,"column":16},"end":{"line":22,"column":3}},"line":17},"1":{"name":"(anonymous_1)","decl":{"start":{"line":28,"column":2},"end":{"line":28,"column":3}},"loc":{"start":{"line":28,"column":14},"end":{"line":45,"column":3}},"line":28},"2":{"name":"(anonymous_2)","decl":{"start":{"line":30,"column":34},"end":{"line":30,"column":35}},"loc":{"start":{"line":30,"column":44},"end":{"line":30,"column":72}},"line":30},"3":{"name":"(anonymous_3)","decl":{"start":{"line":38,"column":19},"end":{"line":38,"column":20}},"loc":{"start":{"line":38,"column":43},"end":{"line":44,"column":5}},"line":38},"4":{"name":"(anonymous_4)","decl":{"start":{"line":51,"column":2},"end":{"line":51,"column":3}},"loc":{"start":{"line":51,"column":22},"end":{"line":60,"column":3}},"line":51},"5":{"name":"(anonymous_5)","decl":{"start":{"line":67,"column":2},"end":{"line":67,"column":3}},"loc":{"start":{"line":67,"column":25},"end":{"line":79,"column":3}},"line":67},"6":{"name":"(anonymous_6)","decl":{"start":{"line":86,"column":2},"end":{"line":86,"column":3}},"loc":{"start":{"line":86,"column":27},"end":{"line":99,"column":3}},"line":86},"7":{"name":"(anonymous_7)","decl":{"start":{"line":104,"column":2},"end":{"line":104,"column":3}},"loc":{"start":{"line":104,"column":13},"end":{"line":108,"column":3}},"line":104},"8":{"name":"(anonymous_8)","decl":{"start":{"line":113,"column":2},"end":{"line":113,"column":3}},"loc":{"start":{"line":113,"column":20},"end":{"line":116,"column":3}},"line":113},"9":{"name":"(anonymous_9)","decl":{"start":{"line":121,"column":2},"end":{"line":121,"column":3}},"loc":{"start":{"line":121,"column":16},"end":{"line":127,"column":3}},"line":121},"10":{"name":"(anonymous_10)","decl":{"start":{"line":122,"column":27},"end":{"line":122,"column":28}},"loc":{"start":{"line":122,"column":41},"end":{"line":126,"column":5}},"line":122},"11":{"name":"(anonymous_11)","decl":{"start":{"line":133,"column":2},"end":{"line":133,"column":3}},"loc":{"start":{"line":133,"column":25},"end":{"line":148,"column":3}},"line":133},"12":{"name":"(anonymous_12)","decl":{"start":{"line":150,"column":2},"end":{"line":150,"column":3}},"loc":{"start":{"line":150,"column":15},"end":{"line":150,"column":45}},"line":150}},"branchMap":{"0":{"loc":{"start":{"line":52,"column":23},"end":{"line":54,"column":9}},"type":"cond-expr","locations":[{"start":{"line":53,"column":8},"end":{"line":53,"column":45}},{"start":{"line":54,"column":8},"end":{"line":54,"column":9}}],"line":52},"1":{"loc":{"start":{"line":68,"column":4},"end":{"line":71,"column":5}},"type":"if","locations":[{"start":{"line":68,"column":4},"end":{"line":71,"column":5}},{"start":{},"end":{}}],"line":68},"2":{"loc":{"start":{"line":87,"column":4},"end":{"line":87,"column":43}},"type":"if","locations":[{"start":{"line":87,"column":4},"end":{"line":87,"column":43}},{"start":{},"end":{}}],"line":87},"3":{"loc":{"start":{"line":92,"column":4},"end":{"line":92,"column":60}},"type":"if","locations":[{"start":{"line":92,"column":4},"end":{"line":92,"column":60}},{"start":{},"end":{}}],"line":92},"4":{"loc":{"start":{"line":92,"column":8},"end":{"line":92,"column":49}},"type":"binary-expr","locations":[{"start":{"line":92,"column":8},"end":{"line":92,"column":19}},{"start":{"line":92,"column":23},"end":{"line":92,"column":34}},{"start":{"line":92,"column":38},"end":{"line":92,"column":49}}],"line":92},"5":{"loc":{"start":{"line":95,"column":26},"end":{"line":95,"column":63}},"type":"cond-expr","locations":[{"start":{"line":95,"column":37},"end":{"line":95,"column":59}},{"start":{"line":95,"column":62},"end":{"line":95,"column":63}}],"line":95},"6":{"loc":{"start":{"line":105,"column":11},"end":{"line":107,"column":9}},"type":"cond-expr","locations":[{"start":{"line":106,"column":8},"end":{"line":106,"column":45}},{"start":{"line":107,"column":8},"end":{"line":107,"column":9}}],"line":105},"7":{"loc":{"start":{"line":115,"column":11},"end":{"line":115,"column":52}},"type":"cond-expr","locations":[{"start":{"line":115,"column":31},"end":{"line":115,"column":48}},{"start":{"line":115,"column":51},"end":{"line":115,"column":52}}],"line":115},"8":{"loc":{"start":{"line":138,"column":6},"end":{"line":138,"column":32}},"type":"if","locations":[{"start":{"line":138,"column":6},"end":{"line":138,"column":32}},{"start":{},"end":{}}],"line":138},"9":{"loc":{"start":{"line":139,"column":6},"end":{"line":145,"column":7}},"type":"if","locations":[{"start":{"line":139,"column":6},"end":{"line":145,"column":7}},{"start":{"line":142,"column":13},"end":{"line":145,"column":7}}],"line":139},"10":{"loc":{"start":{"line":140,"column":8},"end":{"line":141,"column":44}},"type":"if","locations":[{"start":{"line":140,"column":8},"end":{"line":141,"column":44}},{"start":{"line":141,"column":13},"end":{"line":141,"column":44}}],"line":140},"11":{"loc":{"start":{"line":143,"column":8},"end":{"line":144,"column":44}},"type":"if","locations":[{"start":{"line":143,"column":8},"end":{"line":144,"column":44}},{"start":{"line":144,"column":13},"end":{"line":144,"column":44}}],"line":143}},"s":{"0":6,"1":6,"2":6,"3":6,"4":1,"5":29,"6":1,"7":1,"8":1,"9":1,"10":1,"11":1,"12":30,"13":30,"14":30,"15":30,"16":30,"17":0,"18":0,"19":0,"20":0,"21":0,"22":0,"23":1,"24":0,"25":0,"26":1,"27":1,"28":1,"29":1,"30":1,"31":1,"32":3,"33":0,"34":3,"35":3,"36":3,"37":0,"38":3,"39":3,"40":3,"41":3,"42":3,"43":3,"44":2,"45":60,"46":6,"47":6,"48":6,"49":6,"50":25,"51":25,"52":25,"53":4,"54":21,"55":8,"56":3,"57":5,"58":5,"59":13,"60":0,"61":13,"62":13,"63":2,"64":0,"65":6},"f":{"0":6,"1":1,"2":29,"3":30,"4":0,"5":1,"6":3,"7":3,"8":3,"9":2,"10":60,"11":6,"12":0},"b":{"0":[0,0],"1":[0,1],"2":[0,3],"3":[0,3],"4":[3,3,3],"5":[2,1],"6":[3,0],"7":[3,0],"8":[4,21],"9":[8,13],"10":[3,5],"11":[0,13]},"_coverageSchema":"1a1c01bbd47fc00a2c39e90264f33305004495a9","hash":"b7e7884a44cb9d89905674c9a67dd0801212cd9c"}
,"C:\\Users\\Gaurav Shinde\\OneDrive\\DESKTOP FOLDER\\Carbon detection\\backend\\data-structures\\SlidingWindowDeque.js": {"path":"C:\\Users\\Gaurav Shinde\\OneDrive\\DESKTOP FOLDER\\Carbon detection\\backend\\data-structures\\SlidingWindowDeque.js","statementMap":{"0":{"start":{"line":22,"column":4},"end":{"line":22,"column":30}},"1":{"start":{"line":23,"column":4},"end":{"line":23,"column":38}},"2":{"start":{"line":24,"column":4},"end":{"line":24,"column":22}},"3":{"start":{"line":25,"column":4},"end":{"line":25,"column":25}},"4":{"start":{"line":26,"column":4},"end":{"line":26,"column":21}},"5":{"start":{"line":27,"column":4},"end":{"line":27,"column":24}},"6":{"start":{"line":28,"column":4},"end":{"line":28,"column":24}},"7":{"start":{"line":29,"column":4},"end":{"line":29,"column":24}},"8":{"start":{"line":39,"column":4},"end":{"line":50,"column":5}},"9":{"start":{"line":40,"column":22},"end":{"line":40,"column":42}},"10":{"start":{"line":41,"column":6},"end":{"line":41,"column":40}},"11":{"start":{"line":44,"column":6},"end":{"line":46,"column":7}},"12":{"start":{"line":45,"column":8},"end":{"line":45,"column":31}},"13":{"start":{"line":47,"column":6},"end":{"line":49,"column":7}},"14":{"start":{"line":48,"column":8},"end":{"line":48,"column":31}},"15":{"start":{"line":52,"column":18},"end":{"line":52,"column":33}},"16":{"start":{"line":53,"column":4},"end":{"line":53,"column":29}},"17":{"start":{"line":54,"column":4},"end":{"line":54,"column":30}},"18":{"start":{"line":57,"column":4},"end":{"line":60,"column":5}},"19":{"start":{"line":59,"column":6},"end":{"line":59,"column":27}},"20":{"start":{"line":61,"column":4},"end":{"line":61,"column":31}},"21":{"start":{"line":64,"column":4},"end":{"line":67,"column":5}},"22":{"start":{"line":66,"column":6},"end":{"line":66,"column":27}},"23":{"start":{"line":68,"column":4},"end":{"line":68,"column":31}},"24":{"start":{"line":71,"column":4},"end":{"line":76,"column":5}},"25":{"start":{"line":72,"column":6},"end":{"line":72,"column":21}},"26":{"start":{"line":73,"column":6},"end":{"line":73,"column":64}},"27":{"start":{"line":75,"column":6},"end":{"line":75,"column":23}},"28":{"start":{"line":83,"column":4},"end":{"line":83,"column":44}},"29":{"start":{"line":83,"column":35},"end":{"line":83,"column":44}},"30":{"start":{"line":84,"column":4},"end":{"line":84,"column":64}},"31":{"start":{"line":91,"column":4},"end":{"line":91,"column":24}},"32":{"start":{"line":98,"column":4},"end":{"line":98,"column":27}},"33":{"start":{"line":105,"column":4},"end":{"line":105,"column":67}},"34":{"start":{"line":112,"column":4},"end":{"line":112,"column":67}},"35":{"start":{"line":119,"column":4},"end":{"line":119,"column":40}},"36":{"start":{"line":126,"column":4},"end":{"line":126,"column":31}},"37":{"start":{"line":133,"column":4},"end":{"line":137,"column":8}},"38":{"start":{"line":133,"column":50},"end":{"line":137,"column":5}},"39":{"start":{"line":145,"column":4},"end":{"line":145,"column":22}},"40":{"start":{"line":146,"column":4},"end":{"line":146,"column":25}},"41":{"start":{"line":147,"column":4},"end":{"line":147,"column":21}},"42":{"start":{"line":148,"column":4},"end":{"line":148,"column":24}},"43":{"start":{"line":149,"column":4},"end":{"line":149,"column":24}},"44":{"start":{"line":150,"column":4},"end":{"line":150,"column":24}},"45":{"start":{"line":151,"column":4},"end":{"line":153,"column":5}},"46":{"start":{"line":152,"column":6},"end":{"line":152,"column":29}},"47":{"start":{"line":157,"column":0},"end":{"line":157,"column":40}}},"fnMap":{"0":{"name":"(anonymous_0)","decl":{"start":{"line":21,"column":2},"end":{"line":21,"column":3}},"loc":{"start":{"line":21,"column":54},"end":{"line":30,"column":3}},"line":21},"1":{"name":"(anonymous_1)","decl":{"start":{"line":37,"column":2},"end":{"line":37,"column":3}},"loc":{"start":{"line":37,"column":20},"end":{"line":77,"column":3}},"line":37},"2":{"name":"(anonymous_2)","decl":{"start":{"line":82,"column":2},"end":{"line":82,"column":3}},"loc":{"start":{"line":82,"column":22},"end":{"line":85,"column":3}},"line":82},"3":{"name":"(anonymous_3)","decl":{"start":{"line":90,"column":2},"end":{"line":90,"column":3}},"loc":{"start":{"line":90,"column":21},"end":{"line":92,"column":3}},"line":90},"4":{"name":"(anonymous_4)","decl":{"start":{"line":97,"column":2},"end":{"line":97,"column":3}},"loc":{"start":{"line":97,"column":17},"end":{"line":99,"column":3}},"line":97},"5":{"name":"(anonymous_5)","decl":{"start":{"line":104,"column":2},"end":{"line":104,"column":3}},"loc":{"start":{"line":104,"column":11},"end":{"line":106,"column":3}},"line":104},"6":{"name":"(anonymous_6)","decl":{"start":{"line":111,"column":2},"end":{"line":111,"column":3}},"loc":{"start":{"line":111,"column":11},"end":{"line":113,"column":3}},"line":111},"7":{"name":"(anonymous_7)","decl":{"start":{"line":118,"column":2},"end":{"line":118,"column":3}},"loc":{"start":{"line":118,"column":17},"end":{"line":120,"column":3}},"line":118},"8":{"name":"(anonymous_8)","decl":{"start":{"line":125,"column":2},"end":{"line":125,"column":3}},"loc":{"start":{"line":125,"column":20},"end":{"line":127,"column":3}},"line":125},"9":{"name":"(anonymous_9)","decl":{"start":{"line":132,"column":2},"end":{"line":132,"column":3}},"loc":{"start":{"line":132,"column":12},"end":{"line":138,"column":3}},"line":132},"10":{"name":"(anonymous_10)","decl":{"start":{"line":133,"column":28},"end":{"line":133,"column":29}},"loc":{"start":{"line":133,"column":50},"end":{"line":137,"column":5}},"line":133},"11":{"name":"(anonymous_11)","decl":{"start":{"line":144,"column":2},"end":{"line":144,"column":3}},"loc":{"start":{"line":144,"column":19},"end":{"line":154,"column":3}},"line":144}},"branchMap":{"0":{"loc":{"start":{"line":21,"column":14},"end":{"line":21,"column":29}},"type":"default-arg","locations":[{"start":{"line":21,"column":27},"end":{"line":21,"column":29}}],"line":21},"1":{"loc":{"start":{"line":21,"column":31},"end":{"line":21,"column":52}},"type":"default-arg","locations":[{"start":{"line":21,"column":49},"end":{"line":21,"column":52}}],"line":21},"2":{"loc":{"start":{"line":39,"column":4},"end":{"line":50,"column":5}},"type":"if","locations":[{"start":{"line":39,"column":4},"end":{"line":50,"column":5}},{"start":{},"end":{}}],"line":39},"3":{"loc":{"start":{"line":44,"column":6},"end":{"line":46,"column":7}},"type":"if","locations":[{"start":{"line":44,"column":6},"end":{"line":46,"column":7}},{"start":{},"end":{}}],"line":44},"4":{"loc":{"start":{"line":44,"column":10},"end":{"line":44,"column":78}},"type":"binary-expr","locations":[{"start":{"line":44,"column":10},"end":{"line":44,"column":35}},{"start":{"line":44,"column":39},"end":{"line":44,"column":78}}],"line":44},"5":{"loc":{"start":{"line":47,"column":6},"end":{"line":49,"column":7}},"type":"if","locations":[{"start":{"line":47,"column":6},"end":{"line":49,"column":7}},{"start":{},"end":{}}],"line":47},"6":{"loc":{"start":{"line":47,"column":10},"end":{"line":47,"column":78}},"type":"binary-expr","locations":[{"start":{"line":47,"column":10},"end":{"line":47,"column":35}},{"start":{"line":47,"column":39},"end":{"line":47,"column":78}}],"line":47},"7":{"loc":{"start":{"line":57,"column":11},"end":{"line":58,"column":67}},"type":"binary-expr","locations":[{"start":{"line":57,"column":11},"end":{"line":57,"column":36}},{"start":{"line":58,"column":11},"end":{"line":58,"column":67}}],"line":57},"8":{"loc":{"start":{"line":64,"column":11},"end":{"line":65,"column":67}},"type":"binary-expr","locations":[{"start":{"line":64,"column":11},"end":{"line":64,"column":36}},{"start":{"line":65,"column":11},"end":{"line":65,"column":67}}],"line":64},"9":{"loc":{"start":{"line":71,"column":4},"end":{"line":76,"column":5}},"type":"if","locations":[{"start":{"line":71,"column":4},"end":{"line":76,"column":5}},{"start":{"line":74,"column":11},"end":{"line":76,"column":5}}],"line":71},"10":{"loc":{"start":{"line":83,"column":4},"end":{"line":83,"column":44}},"type":"if","locations":[{"start":{"line":83,"column":4},"end":{"line":83,"column":44}},{"start":{},"end":{}}],"line":83},"11":{"loc":{"start":{"line":105,"column":11},"end":{"line":105,"column":66}},"type":"cond-expr","locations":[{"start":{"line":105,"column":39},"end":{"line":105,"column":62}},{"start":{"line":105,"column":65},"end":{"line":105,"column":66}}],"line":105},"12":{"loc":{"start":{"line":112,"column":11},"end":{"line":112,"column":66}},"type":"cond-expr","locations":[{"start":{"line":112,"column":39},"end":{"line":112,"column":62}},{"start":{"line":112,"column":65},"end":{"line":112,"column":66}}],"line":112}},"s":{"0":21,"1":21,"2":21,"3":21,"4":21,"5":21,"6":21,"7":21,"8":76,"9":3,"10":3,"11":3,"12":1,"13":3,"14":0,"15":76,"16":76,"17":76,"18":76,"19":41,"20":76,"21":76,"22":53,"23":76,"24":76,"25":31,"26":31,"27":45,"28":12,"29":1,"30":11,"31":11,"32":5,"33":6,"34":6,"35":1,"36":7,"37":4,"38":92,"39":3,"40":3,"41":3,"42":3,"43":3,"44":3,"45":3,"46":34,"47":7},"f":{"0":21,"1":76,"2":12,"3":11,"4":5,"5":6,"6":6,"7":1,"8":7,"9":4,"10":92,"11":3},"b":{"0":[0],"1":[0],"2":[3,73],"3":[1,2],"4":[3,3],"5":[0,3],"6":[3,3],"7":[117,86],"8":[129,86],"9":[31,45],"10":[1,11],"11":[5,1],"12":[5,1]},"_coverageSchema":"1a1c01bbd47fc00a2c39e90264f33305004495a9","hash":"622425797c7a2b4c6250a7f30c9ee9ff25ae07c2"}
,"C:\\Users\\Gaurav Shinde\\OneDrive\\DESKTOP FOLDER\\Carbon detection\\backend\\data-structures\\TimeIndexedMap.js": {"path":"C:\\Users\\Gaurav Shinde\\OneDrive\\DESKTOP FOLDER\\Carbon detection\\backend\\data-structures\\TimeIndexedMap.js","statementMap":{"0":{"start":{"line":21,"column":4},"end":{"line":21,"column":26}},"1":{"start":{"line":28,"column":4},"end":{"line":28,"column":39}},"2":{"start":{"line":35,"column":4},"end":{"line":35,"column":31}},"3":{"start":{"line":48,"column":4},"end":{"line":56,"column":5}},"4":{"start":{"line":49,"column":6},"end":{"line":55,"column":9}},"5":{"start":{"line":57,"column":16},"end":{"line":57,"column":35}},"6":{"start":{"line":58,"column":21},"end":{"line":58,"column":45}},"7":{"start":{"line":59,"column":21},"end":{"line":59,"column":46}},"8":{"start":{"line":62,"column":4},"end":{"line":66,"column":5}},"9":{"start":{"line":63,"column":6},"end":{"line":63,"column":33}},"10":{"start":{"line":64,"column":23},"end":{"line":64,"column":60}},"11":{"start":{"line":65,"column":6},"end":{"line":65,"column":65}},"12":{"start":{"line":68,"column":4},"end":{"line":68,"column":69}},"13":{"start":{"line":69,"column":4},"end":{"line":69,"column":47}},"14":{"start":{"line":71,"column":25},"end":{"line":71,"column":62}},"15":{"start":{"line":72,"column":4},"end":{"line":72,"column":72}},"16":{"start":{"line":73,"column":4},"end":{"line":73,"column":45}},"17":{"start":{"line":80,"column":4},"end":{"line":80,"column":43}},"18":{"start":{"line":88,"column":16},"end":{"line":88,"column":35}},"19":{"start":{"line":89,"column":4},"end":{"line":89,"column":24}},"20":{"start":{"line":89,"column":14},"end":{"line":89,"column":24}},"21":{"start":{"line":90,"column":4},"end":{"line":90,"column":50}},"22":{"start":{"line":98,"column":19},"end":{"line":98,"column":28}},"23":{"start":{"line":99,"column":4},"end":{"line":104,"column":5}},"24":{"start":{"line":100,"column":6},"end":{"line":100,"column":53}},"25":{"start":{"line":100,"column":44},"end":{"line":100,"column":53}},"26":{"start":{"line":101,"column":6},"end":{"line":103,"column":7}},"27":{"start":{"line":102,"column":8},"end":{"line":102,"column":70}},"28":{"start":{"line":105,"column":4},"end":{"line":105,"column":38}},"29":{"start":{"line":113,"column":4},"end":{"line":115,"column":52}},"30":{"start":{"line":114,"column":33},"end":{"line":114,"column":48}},"31":{"start":{"line":115,"column":22},"end":{"line":115,"column":50}},"32":{"start":{"line":123,"column":4},"end":{"line":123,"column":22}},"33":{"start":{"line":124,"column":4},"end":{"line":126,"column":5}},"34":{"start":{"line":125,"column":6},"end":{"line":125,"column":64}},"35":{"start":{"line":133,"column":4},"end":{"line":133,"column":27}},"36":{"start":{"line":139,"column":15},"end":{"line":139,"column":37}},"37":{"start":{"line":145,"column":4},"end":{"line":145,"column":40}},"38":{"start":{"line":149,"column":0},"end":{"line":149,"column":36}}},"fnMap":{"0":{"name":"(anonymous_0)","decl":{"start":{"line":19,"column":2},"end":{"line":19,"column":3}},"loc":{"start":{"line":19,"column":16},"end":{"line":22,"column":3}},"line":19},"1":{"name":"(anonymous_1)","decl":{"start":{"line":27,"column":2},"end":{"line":27,"column":3}},"loc":{"start":{"line":27,"column":15},"end":{"line":29,"column":3}},"line":27},"2":{"name":"(anonymous_2)","decl":{"start":{"line":34,"column":2},"end":{"line":34,"column":3}},"loc":{"start":{"line":34,"column":15},"end":{"line":36,"column":3}},"line":34},"3":{"name":"(anonymous_3)","decl":{"start":{"line":47,"column":2},"end":{"line":47,"column":3}},"loc":{"start":{"line":47,"column":59},"end":{"line":74,"column":3}},"line":47},"4":{"name":"(anonymous_4)","decl":{"start":{"line":79,"column":2},"end":{"line":79,"column":3}},"loc":{"start":{"line":79,"column":20},"end":{"line":81,"column":3}},"line":79},"5":{"name":"(anonymous_5)","decl":{"start":{"line":87,"column":2},"end":{"line":87,"column":3}},"loc":{"start":{"line":87,"column":32},"end":{"line":91,"column":3}},"line":87},"6":{"name":"(anonymous_6)","decl":{"start":{"line":97,"column":2},"end":{"line":97,"column":3}},"loc":{"start":{"line":97,"column":40},"end":{"line":106,"column":3}},"line":97},"7":{"name":"(anonymous_7)","decl":{"start":{"line":112,"column":2},"end":{"line":112,"column":3}},"loc":{"start":{"line":112,"column":24},"end":{"line":116,"column":3}},"line":112},"8":{"name":"(anonymous_8)","decl":{"start":{"line":114,"column":11},"end":{"line":114,"column":12}},"loc":{"start":{"line":114,"column":33},"end":{"line":114,"column":48}},"line":114},"9":{"name":"(anonymous_9)","decl":{"start":{"line":115,"column":12},"end":{"line":115,"column":13}},"loc":{"start":{"line":115,"column":22},"end":{"line":115,"column":50}},"line":115},"10":{"name":"(anonymous_10)","decl":{"start":{"line":122,"column":2},"end":{"line":122,"column":3}},"loc":{"start":{"line":122,"column":22},"end":{"line":127,"column":3}},"line":122},"11":{"name":"(anonymous_11)","decl":{"start":{"line":132,"column":2},"end":{"line":132,"column":3}},"loc":{"start":{"line":132,"column":18},"end":{"line":134,"column":3}},"line":132},"12":{"name":"(anonymous_12)","decl":{"start":{"line":139,"column":2},"end":{"line":139,"column":3}},"loc":{"start":{"line":139,"column":13},"end":{"line":139,"column":39}},"line":139},"13":{"name":"(anonymous_13)","decl":{"start":{"line":144,"column":2},"end":{"line":144,"column":3}},"loc":{"start":{"line":144,"column":13},"end":{"line":146,"column":3}},"line":144}},"branchMap":{"0":{"loc":{"start":{"line":28,"column":11},"end":{"line":28,"column":38}},"type":"binary-expr","locations":[{"start":{"line":28,"column":11},"end":{"line":28,"column":30}},{"start":{"line":28,"column":34},"end":{"line":28,"column":38}}],"line":28},"1":{"loc":{"start":{"line":47,"column":45},"end":{"line":47,"column":57}},"type":"default-arg","locations":[{"start":{"line":47,"column":56},"end":{"line":47,"column":57}}],"line":47},"2":{"loc":{"start":{"line":48,"column":4},"end":{"line":56,"column":5}},"type":"if","locations":[{"start":{"line":48,"column":4},"end":{"line":56,"column":5}},{"start":{},"end":{}}],"line":48},"3":{"loc":{"start":{"line":62,"column":4},"end":{"line":66,"column":5}},"type":"if","locations":[{"start":{"line":62,"column":4},"end":{"line":66,"column":5}},{"start":{},"end":{}}],"line":62},"4":{"loc":{"start":{"line":64,"column":23},"end":{"line":64,"column":60}},"type":"binary-expr","locations":[{"start":{"line":64,"column":23},"end":{"line":64,"column":55}},{"start":{"line":64,"column":59},"end":{"line":64,"column":60}}],"line":64},"5":{"loc":{"start":{"line":71,"column":25},"end":{"line":71,"column":62}},"type":"binary-expr","locations":[{"start":{"line":71,"column":25},"end":{"line":71,"column":57}},{"start":{"line":71,"column":61},"end":{"line":71,"column":62}}],"line":71},"6":{"loc":{"start":{"line":80,"column":11},"end":{"line":80,"column":42}},"type":"binary-expr","locations":[{"start":{"line":80,"column":11},"end":{"line":80,"column":37}},{"start":{"line":80,"column":41},"end":{"line":80,"column":42}}],"line":80},"7":{"loc":{"start":{"line":89,"column":4},"end":{"line":89,"column":24}},"type":"if","locations":[{"start":{"line":89,"column":4},"end":{"line":89,"column":24}},{"start":{},"end":{}}],"line":89},"8":{"loc":{"start":{"line":100,"column":6},"end":{"line":100,"column":53}},"type":"if","locations":[{"start":{"line":100,"column":6},"end":{"line":100,"column":53}},{"start":{},"end":{}}],"line":100},"9":{"loc":{"start":{"line":100,"column":10},"end":{"line":100,"column":42}},"type":"binary-expr","locations":[{"start":{"line":100,"column":10},"end":{"line":100,"column":25}},{"start":{"line":100,"column":29},"end":{"line":100,"column":42}}],"line":100},"10":{"loc":{"start":{"line":102,"column":28},"end":{"line":102,"column":48}},"type":"binary-expr","locations":[{"start":{"line":102,"column":28},"end":{"line":102,"column":43}},{"start":{"line":102,"column":47},"end":{"line":102,"column":48}}],"line":102}},"s":{"0":6,"1":0,"2":2,"3":107,"4":30,"5":107,"6":107,"7":107,"8":107,"9":0,"10":0,"11":0,"12":107,"13":107,"14":107,"15":107,"16":107,"17":0,"18":2,"19":2,"20":0,"21":2,"22":3,"23":3,"24":90,"25":34,"26":56,"27":196,"28":3,"29":0,"30":0,"31":0,"32":1,"33":1,"34":106,"35":0,"36":0,"37":0,"38":6},"f":{"0":6,"1":0,"2":2,"3":107,"4":0,"5":2,"6":3,"7":0,"8":0,"9":0,"10":1,"11":0,"12":0,"13":0},"b":{"0":[0,0],"1":[0],"2":[30,77],"3":[0,107],"4":[0,0],"5":[107,106],"6":[0,0],"7":[0,2],"8":[34,56],"9":[90,56],"10":[196,15]},"_coverageSchema":"1a1c01bbd47fc00a2c39e90264f33305004495a9","hash":"8381ad3ba6934d1f403273ce7b40847444212c91"}
,"C:\\Users\\Gaurav Shinde\\OneDrive\\DESKTOP FOLDER\\Carbon detection\\backend\\services\\agentService.js": {"path":"C:\\Users\\Gaurav Shinde\\OneDrive\\DESKTOP FOLDER\\Carbon detection\\backend\\services\\agentService.js","statementMap":{"0":{"start":{"line":18,"column":14},"end":{"line":18,"column":30}},"1":{"start":{"line":20,"column":18},"end":{"line":20,"column":67}},"2":{"start":{"line":21,"column":19},"end":{"line":21,"column":70}},"3":{"start":{"line":24,"column":20},"end":{"line":98,"column":1}},"4":{"start":{"line":102,"column":14},"end":{"line":102,"column":73}},"5":{"start":{"line":104,"column":2},"end":{"line":166,"column":3}},"6":{"start":{"line":106,"column":18},"end":{"line":106,"column":45}},"7":{"start":{"line":107,"column":16},"end":{"line":107,"column":24}},"8":{"start":{"line":108,"column":6},"end":{"line":118,"column":8}},"9":{"start":{"line":122,"column":19},"end":{"line":122,"column":33}},"10":{"start":{"line":123,"column":18},"end":{"line":123,"column":62}},"11":{"start":{"line":124,"column":6},"end":{"line":128,"column":8}},"12":{"start":{"line":132,"column":18},"end":{"line":136,"column":8}},"13":{"start":{"line":137,"column":6},"end":{"line":141,"column":8}},"14":{"start":{"line":145,"column":20},"end":{"line":145,"column":58}},"15":{"start":{"line":146,"column":18},"end":{"line":151,"column":8}},"16":{"start":{"line":152,"column":6},"end":{"line":156,"column":8}},"17":{"start":{"line":160,"column":18},"end":{"line":160,"column":75}},"18":{"start":{"line":161,"column":6},"end":{"line":161,"column":120}},"19":{"start":{"line":165,"column":6},"end":{"line":165,"column":52}},"20":{"start":{"line":183,"column":15},"end":{"line":185,"column":3}},"21":{"start":{"line":184,"column":4},"end":{"line":184,"column":64}},"22":{"start":{"line":187,"column":23},"end":{"line":200,"column":68}},"23":{"start":{"line":202,"column":19},"end":{"line":205,"column":3}},"24":{"start":{"line":207,"column":18},"end":{"line":207,"column":19}},"25":{"start":{"line":208,"column":25},"end":{"line":208,"column":26}},"26":{"start":{"line":210,"column":2},"end":{"line":282,"column":3}},"27":{"start":{"line":211,"column":4},"end":{"line":273,"column":5}},"28":{"start":{"line":212,"column":6},"end":{"line":212,"column":18}},"29":{"start":{"line":214,"column":23},"end":{"line":227,"column":8}},"30":{"start":{"line":229,"column":21},"end":{"line":229,"column":45}},"31":{"start":{"line":230,"column":27},"end":{"line":230,"column":41}},"32":{"start":{"line":231,"column":6},"end":{"line":231,"column":34}},"33":{"start":{"line":234,"column":6},"end":{"line":237,"column":7}},"34":{"start":{"line":235,"column":8},"end":{"line":235,"column":45}},"35":{"start":{"line":236,"column":8},"end":{"line":236,"column":14}},"36":{"start":{"line":240,"column":26},"end":{"line":240,"column":28}},"37":{"start":{"line":242,"column":6},"end":{"line":269,"column":7}},"38":{"start":{"line":243,"column":25},"end":{"line":243,"column":41}},"39":{"start":{"line":244,"column":19},"end":{"line":244,"column":21}},"40":{"start":{"line":245,"column":8},"end":{"line":245,"column":66}},"41":{"start":{"line":245,"column":14},"end":{"line":245,"column":55}},"42":{"start":{"line":248,"column":8},"end":{"line":252,"column":11}},"43":{"start":{"line":256,"column":8},"end":{"line":262,"column":9}},"44":{"start":{"line":257,"column":10},"end":{"line":257,"column":62}},"45":{"start":{"line":258,"column":10},"end":{"line":258,"column":58}},"46":{"start":{"line":260,"column":10},"end":{"line":260,"column":42}},"47":{"start":{"line":261,"column":10},"end":{"line":261,"column":70}},"48":{"start":{"line":264,"column":8},"end":{"line":268,"column":11}},"49":{"start":{"line":272,"column":6},"end":{"line":272,"column":36}},"50":{"start":{"line":275,"column":4},"end":{"line":277,"column":5}},"51":{"start":{"line":276,"column":6},"end":{"line":276,"column":138}},"52":{"start":{"line":280,"column":4},"end":{"line":280,"column":71}},"53":{"start":{"line":281,"column":4},"end":{"line":281,"column":69}},"54":{"start":{"line":284,"column":2},"end":{"line":284,"column":12}},"55":{"start":{"line":288,"column":20},"end":{"line":294,"column":1}},"56":{"start":{"line":296,"column":0},"end":{"line":296,"column":47}}},"fnMap":{"0":{"name":"executeTool","decl":{"start":{"line":101,"column":15},"end":{"line":101,"column":26}},"loc":{"start":{"line":101,"column":52},"end":{"line":167,"column":1}},"line":101},"1":{"name":"runAgentLoop","decl":{"start":{"line":181,"column":15},"end":{"line":181,"column":27}},"loc":{"start":{"line":181,"column":104},"end":{"line":285,"column":1}},"line":181},"2":{"name":"(anonymous_2)","decl":{"start":{"line":183,"column":15},"end":{"line":183,"column":16}},"loc":{"start":{"line":183,"column":34},"end":{"line":185,"column":3}},"line":183}},"branchMap":{"0":{"loc":{"start":{"line":21,"column":19},"end":{"line":21,"column":70}},"type":"binary-expr","locations":[{"start":{"line":21,"column":19},"end":{"line":21,"column":41}},{"start":{"line":21,"column":45},"end":{"line":21,"column":70}}],"line":21},"1":{"loc":{"start":{"line":104,"column":2},"end":{"line":166,"column":3}},"type":"switch","locations":[{"start":{"line":105,"column":4},"end":{"line":119,"column":5}},{"start":{"line":121,"column":4},"end":{"line":129,"column":5}},{"start":{"line":131,"column":4},"end":{"line":142,"column":5}},{"start":{"line":144,"column":4},"end":{"line":157,"column":5}},{"start":{"line":159,"column":4},"end":{"line":162,"column":5}},{"start":{"line":164,"column":4},"end":{"line":165,"column":52}}],"line":104},"2":{"loc":{"start":{"line":122,"column":19},"end":{"line":122,"column":33}},"type":"binary-expr","locations":[{"start":{"line":122,"column":19},"end":{"line":122,"column":28}},{"start":{"line":122,"column":32},"end":{"line":122,"column":33}}],"line":122},"3":{"loc":{"start":{"line":181,"column":46},"end":{"line":181,"column":102}},"type":"default-arg","locations":[{"start":{"line":181,"column":56},"end":{"line":181,"column":102}}],"line":181},"4":{"loc":{"start":{"line":181,"column":76},"end":{"line":181,"column":100}},"type":"binary-expr","locations":[{"start":{"line":181,"column":76},"end":{"line":181,"column":92}},{"start":{"line":181,"column":96},"end":{"line":181,"column":100}}],"line":181},"5":{"loc":{"start":{"line":234,"column":6},"end":{"line":237,"column":7}},"type":"if","locations":[{"start":{"line":234,"column":6},"end":{"line":237,"column":7}},{"start":{},"end":{}}],"line":234},"6":{"loc":{"start":{"line":234,"column":10},"end":{"line":234,"column":74}},"type":"binary-expr","locations":[{"start":{"line":234,"column":10},"end":{"line":234,"column":34}},{"start":{"line":234,"column":38},"end":{"line":234,"column":74}}],"line":234},"7":{"loc":{"start":{"line":251,"column":17},"end":{"line":251,"column":50}},"type":"binary-expr","locations":[{"start":{"line":251,"column":17},"end":{"line":251,"column":38}},{"start":{"line":251,"column":42},"end":{"line":251,"column":50}}],"line":251},"8":{"loc":{"start":{"line":275,"column":4},"end":{"line":277,"column":5}},"type":"if","locations":[{"start":{"line":275,"column":4},"end":{"line":277,"column":5}},{"start":{},"end":{}}],"line":275},"9":{"loc":{"start":{"line":280,"column":36},"end":{"line":280,"column":69}},"type":"binary-expr","locations":[{"start":{"line":280,"column":36},"end":{"line":280,"column":54}},{"start":{"line":280,"column":58},"end":{"line":280,"column":69}}],"line":280},"10":{"loc":{"start":{"line":281,"column":18},"end":{"line":281,"column":67}},"type":"binary-expr","locations":[{"start":{"line":281,"column":18},"end":{"line":281,"column":52}},{"start":{"line":281,"column":56},"end":{"line":281,"column":67}}],"line":281}},"s":{"0":3,"1":3,"2":3,"3":3,"4":4,"5":4,"6":1,"7":1,"8":1,"9":0,"10":0,"11":0,"12":1,"13":1,"14":1,"15":1,"16":1,"17":1,"18":1,"19":0,"20":6,"21":14,"22":6,"23":6,"24":6,"25":6,"26":6,"27":6,"28":10,"29":10,"30":9,"31":9,"32":9,"33":9,"34":5,"35":5,"36":4,"37":4,"38":4,"39":4,"40":4,"41":4,"42":4,"43":4,"44":4,"45":4,"46":0,"47":0,"48":4,"49":4,"50":5,"51":0,"52":1,"53":1,"54":6,"55":3,"56":3},"f":{"0":4,"1":6,"2":14},"b":{"0":[3,2],"1":[1,0,1,1,1,0],"2":[0,0],"3":[0],"4":[0,0],"5":[5,4],"6":[9,4],"7":[4,0],"8":[0,5],"9":[1,1],"10":[1,1]},"_coverageSchema":"1a1c01bbd47fc00a2c39e90264f33305004495a9","hash":"20191db7e683a6929fea2219b678b38acba28600"}
,"C:\\Users\\Gaurav Shinde\\OneDrive\\DESKTOP FOLDER\\Carbon detection\\backend\\services\\orsService.js": {"path":"C:\\Users\\Gaurav Shinde\\OneDrive\\DESKTOP FOLDER\\Carbon detection\\backend\\services\\orsService.js","statementMap":{"0":{"start":{"line":14,"column":14},"end":{"line":14,"column":30}},"1":{"start":{"line":15,"column":21},"end":{"line":15,"column":46}},"2":{"start":{"line":16,"column":28},"end":{"line":16,"column":73}},"3":{"start":{"line":18,"column":17},"end":{"line":18,"column":54}},"4":{"start":{"line":21,"column":21},"end":{"line":30,"column":1}},"5":{"start":{"line":33,"column":19},"end":{"line":33,"column":102}},"6":{"start":{"line":34,"column":20},"end":{"line":34,"column":23}},"7":{"start":{"line":44,"column":12},"end":{"line":44,"column":16}},"8":{"start":{"line":45,"column":23},"end":{"line":45,"column":29}},"9":{"start":{"line":46,"column":23},"end":{"line":46,"column":29}},"10":{"start":{"line":47,"column":15},"end":{"line":47,"column":44}},"11":{"start":{"line":48,"column":15},"end":{"line":48,"column":44}},"12":{"start":{"line":49,"column":12},"end":{"line":50,"column":95}},"13":{"start":{"line":51,"column":2},"end":{"line":51,"column":74}},"14":{"start":{"line":58,"column":14},"end":{"line":58,"column":37}},"15":{"start":{"line":59,"column":14},"end":{"line":59,"column":63}},"16":{"start":{"line":60,"column":14},"end":{"line":63,"column":4}},"17":{"start":{"line":64,"column":19},"end":{"line":64,"column":37}},"18":{"start":{"line":65,"column":2},"end":{"line":65,"column":90}},"19":{"start":{"line":65,"column":42},"end":{"line":65,"column":90}},"20":{"start":{"line":66,"column":2},"end":{"line":66,"column":42}},"21":{"start":{"line":74,"column":14},"end":{"line":74,"column":58}},"22":{"start":{"line":75,"column":14},"end":{"line":79,"column":4}},"23":{"start":{"line":80,"column":2},"end":{"line":80,"column":119}},"24":{"start":{"line":80,"column":42},"end":{"line":80,"column":119}},"25":{"start":{"line":81,"column":23},"end":{"line":81,"column":34}},"26":{"start":{"line":82,"column":2},"end":{"line":82,"column":44}},"27":{"start":{"line":91,"column":31},"end":{"line":94,"column":4}},"28":{"start":{"line":95,"column":19},"end":{"line":95,"column":50}},"29":{"start":{"line":96,"column":21},"end":{"line":98,"column":14}},"30":{"start":{"line":100,"column":2},"end":{"line":104,"column":4}},"31":{"start":{"line":115,"column":19},"end":{"line":115,"column":85}},"32":{"start":{"line":117,"column":2},"end":{"line":144,"column":23}},"33":{"start":{"line":118,"column":33},"end":{"line":121,"column":6}},"34":{"start":{"line":124,"column":4},"end":{"line":126,"column":5}},"35":{"start":{"line":125,"column":6},"end":{"line":125,"column":45}},"36":{"start":{"line":128,"column":20},"end":{"line":128,"column":55}},"37":{"start":{"line":129,"column":16},"end":{"line":129,"column":51}},"38":{"start":{"line":131,"column":16},"end":{"line":139,"column":6}},"39":{"start":{"line":141,"column":19},"end":{"line":141,"column":59}},"40":{"start":{"line":142,"column":4},"end":{"line":142,"column":51}},"41":{"start":{"line":142,"column":17},"end":{"line":142,"column":51}},"42":{"start":{"line":143,"column":4},"end":{"line":143,"column":39}},"43":{"start":{"line":158,"column":31},"end":{"line":161,"column":4}},"44":{"start":{"line":164,"column":21},"end":{"line":164,"column":77}},"45":{"start":{"line":167,"column":22},"end":{"line":167,"column":87}},"46":{"start":{"line":170,"column":19},"end":{"line":170,"column":69}},"47":{"start":{"line":173,"column":2},"end":{"line":179,"column":4}},"48":{"start":{"line":182,"column":0},"end":{"line":182,"column":104}}},"fnMap":{"0":{"name":"haversineKm","decl":{"start":{"line":43,"column":9},"end":{"line":43,"column":20}},"loc":{"start":{"line":43,"column":37},"end":{"line":52,"column":1}},"line":43},"1":{"name":"geocode","decl":{"start":{"line":57,"column":15},"end":{"line":57,"column":22}},"loc":{"start":{"line":57,"column":30},"end":{"line":67,"column":1}},"line":57},"2":{"name":"geocodeNominatim","decl":{"start":{"line":73,"column":15},"end":{"line":73,"column":31}},"loc":{"start":{"line":73,"column":39},"end":{"line":83,"column":1}},"line":73},"3":{"name":"getFallbackDistance","decl":{"start":{"line":90,"column":15},"end":{"line":90,"column":34}},"loc":{"start":{"line":90,"column":62},"end":{"line":105,"column":1}},"line":90},"4":{"name":"getRouteDistance","decl":{"start":{"line":114,"column":15},"end":{"line":114,"column":31}},"loc":{"start":{"line":114,"column":59},"end":{"line":145,"column":1}},"line":114},"5":{"name":"(anonymous_5)","decl":{"start":{"line":117,"column":28},"end":{"line":117,"column":29}},"loc":{"start":{"line":117,"column":40},"end":{"line":144,"column":3}},"line":117},"6":{"name":"getTransportData","decl":{"start":{"line":156,"column":15},"end":{"line":156,"column":31}},"loc":{"start":{"line":156,"column":66},"end":{"line":180,"column":1}},"line":156}},"branchMap":{"0":{"loc":{"start":{"line":65,"column":2},"end":{"line":65,"column":90}},"type":"if","locations":[{"start":{"line":65,"column":2},"end":{"line":65,"column":90}},{"start":{},"end":{}}],"line":65},"1":{"loc":{"start":{"line":65,"column":6},"end":{"line":65,"column":40}},"type":"binary-expr","locations":[{"start":{"line":65,"column":6},"end":{"line":65,"column":15}},{"start":{"line":65,"column":19},"end":{"line":65,"column":40}}],"line":65},"2":{"loc":{"start":{"line":80,"column":2},"end":{"line":80,"column":119}},"type":"if","locations":[{"start":{"line":80,"column":2},"end":{"line":80,"column":119}},{"start":{},"end":{}}],"line":80},"3":{"loc":{"start":{"line":80,"column":6},"end":{"line":80,"column":40}},"type":"binary-expr","locations":[{"start":{"line":80,"column":6},"end":{"line":80,"column":15}},{"start":{"line":80,"column":19},"end":{"line":80,"column":40}}],"line":80},"4":{"loc":{"start":{"line":96,"column":21},"end":{"line":98,"column":14}},"type":"cond-expr","locations":[{"start":{"line":97,"column":6},"end":{"line":97,"column":42}},{"start":{"line":98,"column":6},"end":{"line":98,"column":14}}],"line":96},"5":{"loc":{"start":{"line":124,"column":4},"end":{"line":126,"column":5}},"type":"if","locations":[{"start":{"line":124,"column":4},"end":{"line":126,"column":5}},{"start":{},"end":{}}],"line":124},"6":{"loc":{"start":{"line":128,"column":20},"end":{"line":128,"column":55}},"type":"binary-expr","locations":[{"start":{"line":128,"column":20},"end":{"line":128,"column":38}},{"start":{"line":128,"column":42},"end":{"line":128,"column":55}}],"line":128},"7":{"loc":{"start":{"line":142,"column":4},"end":{"line":142,"column":51}},"type":"if","locations":[{"start":{"line":142,"column":4},"end":{"line":142,"column":51}},{"start":{},"end":{}}],"line":142}},"s":{"0":3,"1":3,"2":3,"3":3,"4":3,"5":3,"6":3,"7":2,"8":2,"9":2,"10":2,"11":2,"12":2,"13":2,"14":12,"15":12,"16":12,"17":12,"18":12,"19":1,"20":11,"21":4,"22":4,"23":4,"24":1,"25":3,"26":3,"27":1,"28":1,"29":1,"30":1,"31":4,"32":4,"33":4,"34":4,"35":1,"36":3,"37":3,"38":3,"39":3,"40":3,"41":1,"42":2,"43":1,"44":1,"45":1,"46":1,"47":1,"48":3},"f":{"0":2,"1":12,"2":4,"3":1,"4":4,"5":4,"6":1},"b":{"0":[1,11],"1":[12,12],"2":[1,3],"3":[4,4],"4":[1,0],"5":[1,3],"6":[3,0],"7":[1,2]},"_coverageSchema":"1a1c01bbd47fc00a2c39e90264f33305004495a9","hash":"1c5362ff6a213978321ae29d2f1545a4e34107a0"}
,"C:\\Users\\Gaurav Shinde\\OneDrive\\DESKTOP FOLDER\\Carbon detection\\backend\\services\\redisService.js": {"path":"C:\\Users\\Gaurav Shinde\\OneDrive\\DESKTOP FOLDER\\Carbon detection\\backend\\services\\redisService.js","statementMap":{"0":{"start":{"line":6,"column":14},"end":{"line":6,"column":32}},"1":{"start":{"line":8,"column":18},"end":{"line":8,"column":67}},"2":{"start":{"line":10,"column":13},"end":{"line":10,"column":17}},"3":{"start":{"line":11,"column":23},"end":{"line":11,"column":28}},"4":{"start":{"line":14,"column":2},"end":{"line":14,"column":36}},"5":{"start":{"line":14,"column":24},"end":{"line":14,"column":36}},"6":{"start":{"line":15,"column":2},"end":{"line":33,"column":3}},"7":{"start":{"line":16,"column":4},"end":{"line":27,"column":7}},"8":{"start":{"line":19,"column":8},"end":{"line":23,"column":9}},"9":{"start":{"line":20,"column":10},"end":{"line":20,"column":34}},"10":{"start":{"line":21,"column":10},"end":{"line":21,"column":76}},"11":{"start":{"line":22,"column":10},"end":{"line":22,"column":22}},"12":{"start":{"line":24,"column":8},"end":{"line":24,"column":43}},"13":{"start":{"line":29,"column":4},"end":{"line":29,"column":65}},"14":{"start":{"line":29,"column":31},"end":{"line":29,"column":63}},"15":{"start":{"line":30,"column":4},"end":{"line":32,"column":7}},"16":{"start":{"line":31,"column":6},"end":{"line":31,"column":73}},"17":{"start":{"line":31,"column":29},"end":{"line":31,"column":73}},"18":{"start":{"line":34,"column":2},"end":{"line":34,"column":16}},"19":{"start":{"line":45,"column":16},"end":{"line":45,"column":27}},"20":{"start":{"line":47,"column":2},"end":{"line":56,"column":3}},"21":{"start":{"line":48,"column":4},"end":{"line":55,"column":5}},"22":{"start":{"line":49,"column":21},"end":{"line":49,"column":41}},"23":{"start":{"line":50,"column":6},"end":{"line":52,"column":7}},"24":{"start":{"line":51,"column":8},"end":{"line":51,"column":34}},"25":{"start":{"line":54,"column":6},"end":{"line":54,"column":52}},"26":{"start":{"line":59,"column":16},"end":{"line":59,"column":31}},"27":{"start":{"line":61,"column":2},"end":{"line":67,"column":3}},"28":{"start":{"line":62,"column":4},"end":{"line":66,"column":5}},"29":{"start":{"line":63,"column":6},"end":{"line":63,"column":64}},"30":{"start":{"line":65,"column":6},"end":{"line":65,"column":52}},"31":{"start":{"line":69,"column":2},"end":{"line":69,"column":15}},"32":{"start":{"line":76,"column":16},"end":{"line":76,"column":27}},"33":{"start":{"line":77,"column":2},"end":{"line":79,"column":3}},"34":{"start":{"line":78,"column":4},"end":{"line":78,"column":60}},"35":{"start":{"line":78,"column":10},"end":{"line":78,"column":31}},"36":{"start":{"line":86,"column":16},"end":{"line":86,"column":27}},"37":{"start":{"line":87,"column":2},"end":{"line":87,"column":26}},"38":{"start":{"line":87,"column":14},"end":{"line":87,"column":26}},"39":{"start":{"line":88,"column":2},"end":{"line":91,"column":26}},"40":{"start":{"line":89,"column":14},"end":{"line":89,"column":34}},"41":{"start":{"line":90,"column":4},"end":{"line":90,"column":36}},"42":{"start":{"line":91,"column":12},"end":{"line":91,"column":24}},"43":{"start":{"line":98,"column":16},"end":{"line":98,"column":27}},"44":{"start":{"line":99,"column":2},"end":{"line":99,"column":21}},"45":{"start":{"line":99,"column":14},"end":{"line":99,"column":21}},"46":{"start":{"line":100,"column":2},"end":{"line":104,"column":3}},"47":{"start":{"line":101,"column":4},"end":{"line":101,"column":62}},"48":{"start":{"line":103,"column":4},"end":{"line":103,"column":50}},"49":{"start":{"line":107,"column":0},"end":{"line":107,"column":63}}},"fnMap":{"0":{"name":"getClient","decl":{"start":{"line":13,"column":9},"end":{"line":13,"column":18}},"loc":{"start":{"line":13,"column":21},"end":{"line":35,"column":1}},"line":13},"1":{"name":"(anonymous_1)","decl":{"start":{"line":18,"column":21},"end":{"line":18,"column":22}},"loc":{"start":{"line":18,"column":32},"end":{"line":25,"column":7}},"line":18},"2":{"name":"(anonymous_2)","decl":{"start":{"line":29,"column":25},"end":{"line":29,"column":26}},"loc":{"start":{"line":29,"column":31},"end":{"line":29,"column":63}},"line":29},"3":{"name":"(anonymous_3)","decl":{"start":{"line":30,"column":23},"end":{"line":30,"column":24}},"loc":{"start":{"line":30,"column":32},"end":{"line":32,"column":5}},"line":30},"4":{"name":"getOrSet","decl":{"start":{"line":44,"column":15},"end":{"line":44,"column":23}},"loc":{"start":{"line":44,"column":57},"end":{"line":70,"column":1}},"line":44},"5":{"name":"invalidate","decl":{"start":{"line":75,"column":15},"end":{"line":75,"column":25}},"loc":{"start":{"line":75,"column":31},"end":{"line":80,"column":1}},"line":75},"6":{"name":"get","decl":{"start":{"line":85,"column":15},"end":{"line":85,"column":18}},"loc":{"start":{"line":85,"column":24},"end":{"line":92,"column":1}},"line":85},"7":{"name":"set","decl":{"start":{"line":97,"column":15},"end":{"line":97,"column":18}},"loc":{"start":{"line":97,"column":50},"end":{"line":105,"column":1}},"line":97}},"branchMap":{"0":{"loc":{"start":{"line":8,"column":18},"end":{"line":8,"column":67}},"type":"binary-expr","locations":[{"start":{"line":8,"column":18},"end":{"line":8,"column":39}},{"start":{"line":8,"column":43},"end":{"line":8,"column":67}}],"line":8},"1":{"loc":{"start":{"line":14,"column":2},"end":{"line":14,"column":36}},"type":"if","locations":[{"start":{"line":14,"column":2},"end":{"line":14,"column":36}},{"start":{},"end":{}}],"line":14},"2":{"loc":{"start":{"line":15,"column":2},"end":{"line":33,"column":3}},"type":"if","locations":[{"start":{"line":15,"column":2},"end":{"line":33,"column":3}},{"start":{},"end":{}}],"line":15},"3":{"loc":{"start":{"line":19,"column":8},"end":{"line":23,"column":9}},"type":"if","locations":[{"start":{"line":19,"column":8},"end":{"line":23,"column":9}},{"start":{},"end":{}}],"line":19},"4":{"loc":{"start":{"line":31,"column":6},"end":{"line":31,"column":73}},"type":"if","locations":[{"start":{"line":31,"column":6},"end":{"line":31,"column":73}},{"start":{},"end":{}}],"line":31},"5":{"loc":{"start":{"line":44,"column":38},"end":{"line":44,"column":55}},"type":"default-arg","locations":[{"start":{"line":44,"column":51},"end":{"line":44,"column":55}}],"line":44},"6":{"loc":{"start":{"line":47,"column":2},"end":{"line":56,"column":3}},"type":"if","locations":[{"start":{"line":47,"column":2},"end":{"line":56,"column":3}},{"start":{},"end":{}}],"line":47},"7":{"loc":{"start":{"line":50,"column":6},"end":{"line":52,"column":7}},"type":"if","locations":[{"start":{"line":50,"column":6},"end":{"line":52,"column":7}},{"start":{},"end":{}}],"line":50},"8":{"loc":{"start":{"line":61,"column":2},"end":{"line":67,"column":3}},"type":"if","locations":[{"start":{"line":61,"column":2},"end":{"line":67,"column":3}},{"start":{},"end":{}}],"line":61},"9":{"loc":{"start":{"line":61,"column":6},"end":{"line":61,"column":52}},"type":"binary-expr","locations":[{"start":{"line":61,"column":6},"end":{"line":61,"column":11}},{"start":{"line":61,"column":15},"end":{"line":61,"column":29}},{"start":{"line":61,"column":33},"end":{"line":61,"column":52}}],"line":61},"10":{"loc":{"start":{"line":77,"column":2},"end":{"line":79,"column":3}},"type":"if","locations":[{"start":{"line":77,"column":2},"end":{"line":79,"column":3}},{"start":{},"end":{}}],"line":77},"11":{"loc":{"start":{"line":87,"column":2},"end":{"line":87,"column":26}},"type":"if","locations":[{"start":{"line":87,"column":2},"end":{"line":87,"column":26}},{"start":{},"end":{}}],"line":87},"12":{"loc":{"start":{"line":90,"column":11},"end":{"line":90,"column":35}},"type":"cond-expr","locations":[{"start":{"line":90,"column":15},"end":{"line":90,"column":28}},{"start":{"line":90,"column":31},"end":{"line":90,"column":35}}],"line":90},"13":{"loc":{"start":{"line":97,"column":31},"end":{"line":97,"column":48}},"type":"default-arg","locations":[{"start":{"line":97,"column":44},"end":{"line":97,"column":48}}],"line":97},"14":{"loc":{"start":{"line":99,"column":2},"end":{"line":99,"column":21}},"type":"if","locations":[{"start":{"line":99,"column":2},"end":{"line":99,"column":21}},{"start":{},"end":{}}],"line":99}},"s":{"0":6,"1":6,"2":6,"3":6,"4":9,"5":0,"6":9,"7":2,"8":3,"9":0,"10":0,"11":0,"12":3,"13":2,"14":0,"15":2,"16":3,"17":3,"18":9,"19":4,"20":4,"21":4,"22":4,"23":0,"24":0,"25":4,"26":4,"27":4,"28":4,"29":4,"30":4,"31":4,"32":1,"33":1,"34":1,"35":1,"36":2,"37":2,"38":0,"39":2,"40":2,"41":0,"42":2,"43":2,"44":2,"45":0,"46":2,"47":2,"48":2,"49":6},"f":{"0":9,"1":3,"2":0,"3":3,"4":4,"5":1,"6":2,"7":2},"b":{"0":[6,5],"1":[0,9],"2":[2,7],"3":[0,3],"4":[3,0],"5":[0],"6":[4,0],"7":[0,0],"8":[4,0],"9":[4,4,4],"10":[1,0],"11":[0,2],"12":[0,0],"13":[0],"14":[0,2]},"_coverageSchema":"1a1c01bbd47fc00a2c39e90264f33305004495a9","hash":"853cc7bc9b6e22fb04d450d06cf54666d613a897"}
}
