TN:
SF:appState.js
FN:14,(anonymous_0)
FN:23,(anonymous_1)
FN:42,(anonymous_2)
FN:49,(anonymous_3)
FN:59,(anonymous_4)
FN:70,(anonymous_5)
FNF:6
FNH:6
FNDA:6,(anonymous_0)
FNDA:1,(anonymous_1)
FNDA:30,(anonymous_2)
FNDA:5,(anonymous_3)
FNDA:1,(anonymous_4)
FNDA:1,(anonymous_5)
DA:6,6
DA:7,6
DA:8,6
DA:9,6
DA:10,6
DA:11,6
DA:15,6
DA:16,6
DA:17,6
DA:18,6
DA:19,6
DA:20,6
DA:24,1
DA:25,1
DA:27,1
DA:33,1
DA:38,1
DA:39,1
DA:41,1
DA:42,30
DA:44,1
DA:45,1
DA:46,106
DA:48,1
DA:49,5
DA:52,1
DA:53,1
DA:54,1
DA:55,1
DA:56,1
DA:60,1
DA:61,1
DA:62,1
DA:63,3
DA:66,3
DA:71,1
DA:72,1
DA:73,1
DA:75,1
DA:76,1
DA:77,1
DA:79,1
DA:95,6
DA:96,6
LF:44
LH:44
BRDA:24,0,0,0
BRDA:24,0,1,1
BRDA:46,1,0,106
BRDA:46,1,1,5
BRDA:63,2,0,3
BRDA:63,2,1,0
BRDA:70,3,0,0
BRDA:73,4,0,1
BRDA:73,4,1,0
BRDA:90,5,0,1
BRDA:90,5,1,0
BRF:11
BRH:6
end_of_record
TN:
SF:data-structures\EmissionHashMap.js
FN:12,(anonymous_0)
FN:55,(anonymous_1)
FN:64,(anonymous_2)
FN:71,(anonymous_3)
FN:81,(anonymous_4)
FN:87,(anonymous_5)
FN:90,(anonymous_6)
FN:99,(anonymous_7)
FN:107,(anonymous_8)
FNF:9
FNH:9
FNDA:12,(anonymous_0)
FNDA:183,(anonymous_1)
FNDA:3,(anonymous_2)
FNDA:2,(anonymous_3)
FNDA:6,(anonymous_4)
FNDA:48,(anonymous_5)
FNDA:78,(anonymous_6)
FNDA:114,(anonymous_7)
FNDA:3,(anonymous_8)
DA:15,12
DA:56,183
DA:57,183
DA:65,3
DA:72,2
DA:82,6
DA:87,6
DA:88,48
DA:89,48
DA:90,78
DA:100,114
DA:101,114
DA:108,3
DA:113,10
DA:114,10
LF:15
LH:15
BRDA:57,0,0,183
BRDA:57,0,1,3
BRDA:65,1,0,3
BRDA:65,1,1,1
BRF:4
BRH:4
end_of_record
TN:
SF:data-structures\MaxHeap.js
FN:18,(anonymous_0)
FN:26,(anonymous_1)
FN:27,(anonymous_2)
FN:29,(anonymous_3)
FN:40,(anonymous_4)
FN:56,(anonymous_5)
FN:63,(anonymous_6)
FN:80,(anonymous_7)
FN:99,(anonymous_8)
FN:101,(anonymous_9)
FN:107,(anonymous_10)
FN:111,(anonymous_11)
FN:112,(anonymous_12)
FN:113,(anonymous_13)
FN:115,(anonymous_14)
FN:121,(anonymous_15)
FN:129,(anonymous_16)
FNF:17
FNH:15
FNDA:7,(anonymous_0)
FNDA:2,(anonymous_1)
FNDA:10,(anonymous_2)
FNDA:10,(anonymous_3)
FNDA:0,(anonymous_4)
FNDA:2,(anonymous_5)
FNDA:5,(anonymous_6)
FNDA:3,(anonymous_7)
FNDA:1,(anonymous_8)
FNDA:5,(anonymous_9)
FNDA:0,(anonymous_10)
FNDA:2,(anonymous_11)
FNDA:12,(anonymous_12)
FNDA:12,(anonymous_13)
FNDA:4,(anonymous_14)
FNDA:3,(anonymous_15)
FNDA:12,(anonymous_16)
DA:19,7
DA:20,7
DA:27,10
DA:28,2
DA:29,10
DA:32,2
DA:33,4
DA:41,0
DA:42,0
DA:43,0
DA:45,0
DA:46,0
DA:47,0
DA:48,0
DA:49,0
DA:57,2
DA:64,5
DA:65,5
DA:66,5
DA:67,5
DA:68,5
DA:69,4
DA:70,4
DA:71,4
DA:73,5
DA:81,3
DA:82,0
DA:83,0
DA:85,3
DA:86,3
DA:87,3
DA:88,3
DA:89,3
DA:91,0
DA:100,1
DA:101,5
DA:102,1
DA:103,5
DA:104,1
DA:107,0
DA:111,2
DA:112,12
DA:113,12
DA:116,4
DA:117,4
DA:118,4
DA:122,3
DA:123,0
DA:124,0
DA:125,0
DA:130,12
DA:131,12
DA:132,12
DA:133,12
DA:134,12
DA:135,12
DA:136,4
DA:137,4
DA:142,6
LF:59
LH:44
BRDA:41,0,0,0
BRDA:41,0,1,0
BRDA:57,1,0,2
BRDA:57,1,1,0
BRDA:64,2,0,0
BRDA:64,2,1,5
BRDA:68,3,0,4
BRDA:68,3,1,1
BRDA:81,4,0,0
BRDA:81,4,1,3
BRDA:88,5,0,3
BRDA:88,5,1,0
BRDA:122,6,0,3
BRDA:122,6,1,2
BRDA:133,7,0,4
BRDA:133,7,1,8
BRDA:133,8,0,12
BRDA:133,8,1,8
BRDA:134,9,0,1
BRDA:134,9,1,11
BRDA:134,10,0,12
BRDA:134,10,1,7
BRDA:135,11,0,4
BRDA:135,11,1,8
BRF:24
BRH:18
end_of_record
TN:
SF:data-structures\PrefixSumArray.js
FN:17,(anonymous_0)
FN:28,(anonymous_1)
FN:30,(anonymous_2)
FN:38,(anonymous_3)
FN:51,(anonymous_4)
FN:67,(anonymous_5)
FN:86,(anonymous_6)
FN:104,(anonymous_7)
FN:113,(anonymous_8)
FN:121,(anonymous_9)
FN:122,(anonymous_10)
FN:133,(anonymous_11)
FN:150,(anonymous_12)
FNF:13
FNH:11
FNDA:6,(anonymous_0)
FNDA:1,(anonymous_1)
FNDA:29,(anonymous_2)
FNDA:30,(anonymous_3)
FNDA:0,(anonymous_4)
FNDA:1,(anonymous_5)
FNDA:3,(anonymous_6)
FNDA:3,(anonymous_7)
FNDA:3,(anonymous_8)
FNDA:2,(anonymous_9)
FNDA:60,(anonymous_10)
FNDA:6,(anonymous_11)
FNDA:0,(anonymous_12)
DA:18,6
DA:19,6
DA:20,6
DA:21,6
DA:30,29
DA:32,1
DA:33,1
DA:34,1
DA:35,1
DA:37,1
DA:38,1
DA:39,30
DA:40,30
DA:41,30
DA:42,30
DA:43,30
DA:52,0
DA:55,0
DA:56,0
DA:57,0
DA:58,0
DA:59,0
DA:68,1
DA:69,0
DA:70,0
DA:72,1
DA:73,1
DA:74,1
DA:76,1
DA:77,1
DA:87,3
DA:89,3
DA:90,3
DA:92,3
DA:94,3
DA:95,3
DA:98,3
DA:105,3
DA:114,3
DA:115,3
DA:122,60
DA:134,6
DA:135,6
DA:136,25
DA:137,25
DA:138,25
DA:139,21
DA:140,8
DA:141,5
DA:143,13
DA:144,13
DA:147,2
DA:150,0
DA:153,6
LF:54
LH:45
BRDA:52,0,0,0
BRDA:52,0,1,0
BRDA:68,1,0,0
BRDA:68,1,1,1
BRDA:87,2,0,0
BRDA:87,2,1,3
BRDA:92,3,0,0
BRDA:92,3,1,3
BRDA:92,4,0,3
BRDA:92,4,1,3
BRDA:92,4,2,3
BRDA:95,5,0,2
BRDA:95,5,1,1
BRDA:105,6,0,3
BRDA:105,6,1,0
BRDA:115,7,0,3
BRDA:115,7,1,0
BRDA:138,8,0,4
BRDA:138,8,1,21
BRDA:139,9,0,8
BRDA:139,9,1,13
BRDA:140,10,0,3
BRDA:140,10,1,5
BRDA:143,11,0,0
BRDA:143,11,1,13
BRF:25
BRH:17
end_of_record
TN:
SF:data-structures\SlidingWindowDeque.js
FN:21,(anonymous_0)
FN:37,(anonymous_1)
FN:82,(anonymous_2)
FN:90,(anonymous_3)
FN:97,(anonymous_4)
FN:104,(anonymous_5)
FN:111,(anonymous_6)
FN:118,(anonymous_7)
FN:125,(anonymous_8)
FN:132,(anonymous_9)
FN:133,(anonymous_10)
FN:144,(anonymous_11)
FNF:12
FNH:12
FNDA:21,(anonymous_0)
FNDA:76,(anonymous_1)
FNDA:12,(anonymous_2)
FNDA:11,(anonymous_3)
FNDA:5,(anonymous_4)
FNDA:6,(anonymous_5)
FNDA:6,(anonymous_6)
FNDA:1,(anonymous_7)
FNDA:7,(anonymous_8)
FNDA:4,(anonymous_9)
FNDA:92,(anonymous_10)
FNDA:3,(anonymous_11)
DA:22,21
DA:23,21
DA:24,21
DA:25,21
DA:26,21
DA:27,21
DA:28,21
DA:29,21
DA:39,76
DA:40,3
DA:41,3
DA:44,3
DA:45,1
DA:47,3
DA:48,0
DA:52,76
DA:53,76
DA:54,76
DA:57,76
DA:59,41
DA:61,76
DA:64,76
DA:66,53
DA:68,76
DA:71,76
DA:72,31
DA:73,31
DA:75,45
DA:83,12
DA:84,11
DA:91,11
DA:98,5
DA:105,6
DA:112,6
DA:119,1
DA:126,7
DA:133,92
DA:145,3
DA:146,3
DA:147,3
DA:148,3
DA:149,3
DA:150,3
DA:151,3
DA:152,34
DA:157,7
LF:46
LH:45
BRDA:21,0,0,0
BRDA:21,1,0,0
BRDA:39,2,0,3
BRDA:39,2,1,73
BRDA:44,3,0,1
BRDA:44,3,1,2
BRDA:44,4,0,3
BRDA:44,4,1,3
BRDA:47,5,0,0
BRDA:47,5,1,3
BRDA:47,6,0,3
BRDA:47,6,1,3
BRDA:57,7,0,117
BRDA:57,7,1,86
BRDA:64,8,0,129
BRDA:64,8,1,86
BRDA:71,9,0,31
BRDA:71,9,1,45
BRDA:83,10,0,1
BRDA:83,10,1,11
BRDA:105,11,0,5
BRDA:105,11,1,1
BRDA:112,12,0,5
BRDA:112,12,1,1
BRF:24
BRH:21
end_of_record
TN:
SF:data-structures\TimeIndexedMap.js
FN:19,(anonymous_0)
FN:27,(anonymous_1)
FN:34,(anonymous_2)
FN:47,(anonymous_3)
FN:79,(anonymous_4)
FN:87,(anonymous_5)
FN:97,(anonymous_6)
FN:112,(anonymous_7)
FN:114,(anonymous_8)
FN:115,(anonymous_9)
FN:122,(anonymous_10)
FN:132,(anonymous_11)
FN:139,(anonymous_12)
FN:144,(anonymous_13)
FNF:14
FNH:6
FNDA:6,(anonymous_0)
FNDA:0,(anonymous_1)
FNDA:2,(anonymous_2)
FNDA:107,(anonymous_3)
FNDA:0,(anonymous_4)
FNDA:2,(anonymous_5)
FNDA:3,(anonymous_6)
FNDA:0,(anonymous_7)
FNDA:0,(anonymous_8)
FNDA:0,(anonymous_9)
FNDA:1,(anonymous_10)
FNDA:0,(anonymous_11)
FNDA:0,(anonymous_12)
FNDA:0,(anonymous_13)
DA:21,6
DA:28,0
DA:35,2
DA:48,107
DA:49,30
DA:57,107
DA:58,107
DA:59,107
DA:62,107
DA:63,0
DA:64,0
DA:65,0
DA:68,107
DA:69,107
DA:71,107
DA:72,107
DA:73,107
DA:80,0
DA:88,2
DA:89,2
DA:90,2
DA:98,3
DA:99,3
DA:100,90
DA:101,56
DA:102,196
DA:105,3
DA:113,0
DA:114,0
DA:115,0
DA:123,1
DA:124,1
DA:125,106
DA:133,0
DA:139,0
DA:145,0
DA:149,6
LF:37
LH:26
BRDA:28,0,0,0
BRDA:28,0,1,0
BRDA:47,1,0,0
BRDA:48,2,0,30
BRDA:48,2,1,77
BRDA:62,3,0,0
BRDA:62,3,1,107
BRDA:64,4,0,0
BRDA:64,4,1,0
BRDA:71,5,0,107
BRDA:71,5,1,106
BRDA:80,6,0,0
BRDA:80,6,1,0
BRDA:89,7,0,0
BRDA:89,7,1,2
BRDA:100,8,0,34
BRDA:100,8,1,56
BRDA:100,9,0,90
BRDA:100,9,1,56
BRDA:102,10,0,196
BRDA:102,10,1,15
BRF:21
BRH:12
end_of_record
TN:
SF:services\agentService.js
FN:101,executeTool
FN:181,runAgentLoop
FN:183,(anonymous_2)
FNF:3
FNH:3
FNDA:4,executeTool
FNDA:6,runAgentLoop
FNDA:14,(anonymous_2)
DA:18,3
DA:20,3
DA:21,3
DA:24,3
DA:102,4
DA:104,4
DA:106,1
DA:107,1
DA:108,1
DA:122,0
DA:123,0
DA:124,0
DA:132,1
DA:137,1
DA:145,1
DA:146,1
DA:152,1
DA:160,1
DA:161,1
DA:165,0
DA:183,6
DA:184,14
DA:187,6
DA:202,6
DA:207,6
DA:208,6
DA:210,6
DA:211,6
DA:212,10
DA:214,10
DA:229,9
DA:230,9
DA:231,9
DA:234,9
DA:235,5
DA:236,5
DA:240,4
DA:242,4
DA:243,4
DA:244,4
DA:245,4
DA:248,4
DA:256,4
DA:257,4
DA:258,4
DA:260,0
DA:261,0
DA:264,4
DA:272,4
DA:275,5
DA:276,0
DA:280,1
DA:281,1
DA:284,6
DA:288,3
DA:296,3
LF:56
LH:49
BRDA:21,0,0,3
BRDA:21,0,1,2
BRDA:104,1,0,1
BRDA:104,1,1,0
BRDA:104,1,2,1
BRDA:104,1,3,1
BRDA:104,1,4,1
BRDA:104,1,5,0
BRDA:122,2,0,0
BRDA:122,2,1,0
BRDA:181,3,0,0
BRDA:181,4,0,0
BRDA:181,4,1,0
BRDA:234,5,0,5
BRDA:234,5,1,4
BRDA:234,6,0,9
BRDA:234,6,1,4
BRDA:251,7,0,4
BRDA:251,7,1,0
BRDA:275,8,0,0
BRDA:275,8,1,5
BRDA:280,9,0,1
BRDA:280,9,1,1
BRDA:281,10,0,1
BRDA:281,10,1,1
BRF:25
BRH:16
end_of_record
TN:
SF:services\orsService.js
FN:43,haversineKm
FN:57,geocode
FN:73,geocodeNominatim
FN:90,getFallbackDistance
FN:114,getRouteDistance
FN:117,(anonymous_5)
FN:156,getTransportData
FNF:7
FNH:7
FNDA:2,haversineKm
FNDA:12,geocode
FNDA:4,geocodeNominatim
FNDA:1,getFallbackDistance
FNDA:4,getRouteDistance
FNDA:4,(anonymous_5)
FNDA:1,getTransportData
DA:14,3
DA:15,3
DA:16,3
DA:18,3
DA:21,3
DA:33,3
DA:34,3
DA:44,2
DA:45,2
DA:46,2
DA:47,2
DA:48,2
DA:49,2
DA:51,2
DA:58,12
DA:59,12
DA:60,12
DA:64,12
DA:65,12
DA:66,11
DA:74,4
DA:75,4
DA:80,4
DA:81,3
DA:82,3
DA:91,1
DA:95,1
DA:96,1
DA:100,1
DA:115,4
DA:117,4
DA:118,4
DA:124,4
DA:125,1
DA:128,3
DA:129,3
DA:131,3
DA:141,3
DA:142,3
DA:143,2
DA:158,1
DA:164,1
DA:167,1
DA:170,1
DA:173,1
DA:182,3
LF:46
LH:46
BRDA:65,0,0,1
BRDA:65,0,1,11
BRDA:65,1,0,12
BRDA:65,1,1,12
BRDA:80,2,0,1
BRDA:80,2,1,3
BRDA:80,3,0,4
BRDA:80,3,1,4
BRDA:96,4,0,1
BRDA:96,4,1,0
BRDA:124,5,0,1
BRDA:124,5,1,3
BRDA:128,6,0,3
BRDA:128,6,1,0
BRDA:142,7,0,1
BRDA:142,7,1,2
BRF:16
BRH:14
end_of_record
TN:
SF:services\redisService.js
FN:13,getClient
FN:18,(anonymous_1)
FN:29,(anonymous_2)
FN:30,(anonymous_3)
FN:44,getOrSet
FN:75,invalidate
FN:85,get
FN:97,set
FNF:8
FNH:7
FNDA:9,getClient
FNDA:3,(anonymous_1)
FNDA:0,(anonymous_2)
FNDA:3,(anonymous_3)
FNDA:4,getOrSet
FNDA:1,invalidate
FNDA:2,get
FNDA:2,set
DA:6,6
DA:8,6
DA:10,6
DA:11,6
DA:14,9
DA:15,9
DA:16,2
DA:19,3
DA:20,0
DA:21,0
DA:22,0
DA:24,3
DA:29,2
DA:30,2
DA:31,3
DA:34,9
DA:45,4
DA:47,4
DA:48,4
DA:49,4
DA:50,0
DA:51,0
DA:54,4
DA:59,4
DA:61,4
DA:62,4
DA:63,4
DA:65,4
DA:69,4
DA:76,1
DA:77,1
DA:78,1
DA:86,2
DA:87,2
DA:88,2
DA:89,2
DA:90,0
DA:91,2
DA:98,2
DA:99,2
DA:100,2
DA:101,2
DA:103,2
DA:107,6
LF:44
LH:38
BRDA:8,0,0,6
BRDA:8,0,1,5
BRDA:14,1,0,0
BRDA:14,1,1,9
BRDA:15,2,0,2
BRDA:15,2,1,7
BRDA:19,3,0,0
BRDA:19,3,1,3
BRDA:31,4,0,3
BRDA:31,4,1,0
BRDA:44,5,0,0
BRDA:47,6,0,4
BRDA:47,6,1,0
BRDA:50,7,0,0
BRDA:50,7,1,0
BRDA:61,8,0,4
BRDA:61,8,1,0
BRDA:61,9,0,4
BRDA:61,9,1,4
BRDA:61,9,2,4
BRDA:77,10,0,1
BRDA:77,10,1,0
BRDA:87,11,0,0
BRDA:87,11,1,2
BRDA:90,12,0,0
BRDA:90,12,1,0
BRDA:97,13,0,0
BRDA:99,14,0,0
BRDA:99,14,1,2
BRF:29
BRH:15
end_of_record
